e:\beek_song\ffmpeg_vs\ffmpeg\ffmpeg\nettle\smp\obj\debug\x64\libnettle\aes128-set-encrypt-key.obj
e:\beek_song\ffmpeg_vs\ffmpeg\ffmpeg\nettle\smp\obj\debug\x64\libnettle\arcfour-crypt.obj
e:\beek_song\ffmpeg_vs\ffmpeg\ffmpeg\nettle\smp\obj\debug\x64\libnettle\base64-encode.obj
e:\beek_song\ffmpeg_vs\ffmpeg\ffmpeg\nettle\smp\obj\debug\x64\libnettle\camellia192-meta.obj
e:\beek_song\ffmpeg_vs\ffmpeg\ffmpeg\nettle\smp\obj\debug\x64\libnettle\ccm-aes128.obj
e:\beek_song\ffmpeg_vs\ffmpeg\ffmpeg\nettle\smp\obj\debug\x64\libnettle\cmac-aes128.obj
e:\beek_song\ffmpeg_vs\ffmpeg\ffmpeg\nettle\smp\obj\debug\x64\libnettle\eax.obj
e:\beek_song\ffmpeg_vs\ffmpeg\ffmpeg\nettle\smp\obj\debug\x64\libnettle\hkdf.obj
e:\beek_song\ffmpeg_vs\ffmpeg\ffmpeg\nettle\smp\obj\debug\x64\libnettle\hmac-sha256-meta.obj
e:\beek_song\ffmpeg_vs\ffmpeg\ffmpeg\nettle\smp\obj\debug\x64\libnettle\md4-meta.obj
e:\beek_song\ffmpeg_vs\ffmpeg\ffmpeg\nettle\smp\obj\debug\x64\libnettle\nettle-meta-hashes.obj
e:\beek_song\ffmpeg_vs\ffmpeg\ffmpeg\nettle\smp\obj\debug\x64\libnettle\salsa20-128-set-key.obj
e:\beek_song\ffmpeg_vs\ffmpeg\ffmpeg\nettle\smp\obj\debug\x64\libnettle\sha3-224.obj
e:\beek_song\ffmpeg_vs\ffmpeg\ffmpeg\nettle\smp\obj\debug\x64\libnettle\shake256.obj
e:\beek_song\ffmpeg_vs\ffmpeg\ffmpeg\nettle\smp\obj\debug\x64\libnettle\umac-poly64.obj
e:\beek_song\ffmpeg_vs\ffmpeg\ffmpeg\nettle\smp\obj\debug\x64\libnettle\write-le64.obj
e:\beek_song\ffmpeg_vs\ffmpeg\ffmpeg\nettle\smp\obj\debug\x64\libnettle\aes128-set-decrypt-key.obj
e:\beek_song\ffmpeg_vs\ffmpeg\ffmpeg\nettle\smp\obj\debug\x64\libnettle\arctwo.obj
e:\beek_song\ffmpeg_vs\ffmpeg\ffmpeg\nettle\smp\obj\debug\x64\libnettle\camellia-absorb.obj
e:\beek_song\ffmpeg_vs\ffmpeg\ffmpeg\nettle\smp\obj\debug\x64\libnettle\camellia256-set-encrypt-key.obj
e:\beek_song\ffmpeg_vs\ffmpeg\ffmpeg\nettle\smp\obj\debug\x64\libnettle\chacha-set-key.obj
e:\beek_song\ffmpeg_vs\ffmpeg\ffmpeg\nettle\smp\obj\debug\x64\libnettle\eax-aes128.obj
e:\beek_song\ffmpeg_vs\ffmpeg\ffmpeg\nettle\smp\obj\debug\x64\libnettle\gcm-camellia128.obj
e:\beek_song\ffmpeg_vs\ffmpeg\ffmpeg\nettle\smp\obj\debug\x64\libnettle\hmac-ripemd160.obj
e:\beek_song\ffmpeg_vs\ffmpeg\ffmpeg\nettle\smp\obj\debug\x64\libnettle\hmac-sha512.obj
e:\beek_song\ffmpeg_vs\ffmpeg\ffmpeg\nettle\smp\obj\debug\x64\libnettle\md5-meta.obj
e:\beek_song\ffmpeg_vs\ffmpeg\ffmpeg\nettle\smp\obj\debug\x64\libnettle\poly1305-aes.obj
e:\beek_song\ffmpeg_vs\ffmpeg\ffmpeg\nettle\smp\obj\debug\x64\libnettle\serpent-meta.obj
e:\beek_song\ffmpeg_vs\ffmpeg\ffmpeg\nettle\smp\obj\debug\x64\libnettle\sha3-256-meta.obj
e:\beek_song\ffmpeg_vs\ffmpeg\ffmpeg\nettle\smp\obj\debug\x64\libnettle\sha512-meta.obj
e:\beek_song\ffmpeg_vs\ffmpeg\ffmpeg\nettle\smp\obj\debug\x64\libnettle\umac-l3.obj
e:\beek_song\ffmpeg_vs\ffmpeg\ffmpeg\nettle\smp\obj\debug\x64\libnettle\write-be32.obj
e:\beek_song\ffmpeg_vs\ffmpeg\ffmpeg\nettle\smp\obj\debug\x64\libnettle\aes-decrypt.obj
e:\beek_song\ffmpeg_vs\ffmpeg\ffmpeg\nettle\smp\obj\debug\x64\libnettle\base16-meta.obj
e:\beek_song\ffmpeg_vs\ffmpeg\ffmpeg\nettle\smp\obj\debug\x64\libnettle\blowfish-bcrypt.obj
e:\beek_song\ffmpeg_vs\ffmpeg\ffmpeg\nettle\smp\obj\debug\x64\libnettle\cast128-meta.obj
e:\beek_song\ffmpeg_vs\ffmpeg\ffmpeg\nettle\smp\obj\debug\x64\libnettle\chacha-set-nonce.obj
e:\beek_song\ffmpeg_vs\ffmpeg\ffmpeg\nettle\smp\obj\debug\x64\libnettle\cmac.obj
e:\beek_song\ffmpeg_vs\ffmpeg\ffmpeg\nettle\smp\obj\debug\x64\libnettle\gcm-aes256-meta.obj
e:\beek_song\ffmpeg_vs\ffmpeg\ffmpeg\nettle\smp\obj\debug\x64\libnettle\gosthash94.obj
e:\beek_song\ffmpeg_vs\ffmpeg\ffmpeg\nettle\smp\obj\debug\x64\libnettle\hmac.obj
e:\beek_song\ffmpeg_vs\ffmpeg\ffmpeg\nettle\smp\obj\debug\x64\libnettle\nettle-meta-ciphers.obj
e:\beek_song\ffmpeg_vs\ffmpeg\ffmpeg\nettle\smp\obj\debug\x64\libnettle\salsa20-256-set-key.obj
e:\beek_song\ffmpeg_vs\ffmpeg\ffmpeg\nettle\smp\obj\debug\x64\libnettle\sha256-meta.obj
e:\beek_song\ffmpeg_vs\ffmpeg\ffmpeg\nettle\smp\obj\debug\x64\libnettle\sha384-meta.obj
e:\beek_song\ffmpeg_vs\ffmpeg\ffmpeg\nettle\smp\obj\debug\x64\libnettle\streebog-meta.obj
e:\beek_song\ffmpeg_vs\ffmpeg\ffmpeg\nettle\smp\obj\debug\x64\libnettle\umac128.obj
e:\beek_song\ffmpeg_vs\ffmpeg\ffmpeg\nettle\smp\obj\debug\x64\libnettle\aes-set-encrypt-key.obj
e:\beek_song\ffmpeg_vs\ffmpeg\ffmpeg\nettle\smp\obj\debug\x64\libnettle\base16-decode.obj
e:\beek_song\ffmpeg_vs\ffmpeg\ffmpeg\nettle\smp\obj\debug\x64\libnettle\buffer-init.obj
e:\beek_song\ffmpeg_vs\ffmpeg\ffmpeg\nettle\smp\obj\debug\x64\libnettle\camellia256-meta.obj
e:\beek_song\ffmpeg_vs\ffmpeg\ffmpeg\nettle\smp\obj\debug\x64\libnettle\chacha-poly1305-meta.obj
e:\beek_song\ffmpeg_vs\ffmpeg\ffmpeg\nettle\smp\obj\debug\x64\libnettle\cmac-des3.obj
e:\beek_song\ffmpeg_vs\ffmpeg\ffmpeg\nettle\smp\obj\debug\x64\libnettle\fat-x86_64.obj
e:\beek_song\ffmpeg_vs\ffmpeg\ffmpeg\nettle\smp\obj\debug\x64\libnettle\hmac-sha1-meta.obj
e:\beek_song\ffmpeg_vs\ffmpeg\ffmpeg\nettle\smp\obj\debug\x64\libnettle\hmac-streebog.obj
e:\beek_song\ffmpeg_vs\ffmpeg\ffmpeg\nettle\smp\obj\debug\x64\libnettle\nettle-lookup-hash.obj
e:\beek_song\ffmpeg_vs\ffmpeg\ffmpeg\nettle\smp\obj\debug\x64\libnettle\realloc.obj
e:\beek_song\ffmpeg_vs\ffmpeg\ffmpeg\nettle\smp\obj\debug\x64\libnettle\sha1-meta.obj
e:\beek_song\ffmpeg_vs\ffmpeg\ffmpeg\nettle\smp\obj\debug\x64\libnettle\sha3-512-meta.obj
e:\beek_song\ffmpeg_vs\ffmpeg\ffmpeg\nettle\smp\obj\debug\x64\libnettle\siv-cmac.obj
e:\beek_song\ffmpeg_vs\ffmpeg\ffmpeg\nettle\smp\obj\debug\x64\libnettle\umac96.obj
e:\beek_song\ffmpeg_vs\ffmpeg\ffmpeg\nettle\smp\obj\debug\x64\libnettle\aes-encrypt.obj
e:\beek_song\ffmpeg_vs\ffmpeg\ffmpeg\nettle\smp\obj\debug\x64\libnettle\arcfour.obj
e:\beek_song\ffmpeg_vs\ffmpeg\ffmpeg\nettle\smp\obj\debug\x64\libnettle\base64url-decode.obj
e:\beek_song\ffmpeg_vs\ffmpeg\ffmpeg\nettle\smp\obj\debug\x64\libnettle\camellia128-crypt.obj
e:\beek_song\ffmpeg_vs\ffmpeg\ffmpeg\nettle\smp\obj\debug\x64\libnettle\ccm-aes192.obj
e:\beek_song\ffmpeg_vs\ffmpeg\ffmpeg\nettle\smp\obj\debug\x64\libnettle\cmac-aes128-meta.obj
e:\beek_song\ffmpeg_vs\ffmpeg\ffmpeg\nettle\smp\obj\debug\x64\libnettle\des.obj
e:\beek_song\ffmpeg_vs\ffmpeg\ffmpeg\nettle\smp\obj\debug\x64\libnettle\gcm-camellia128-meta.obj
e:\beek_song\ffmpeg_vs\ffmpeg\ffmpeg\nettle\smp\obj\debug\x64\libnettle\hmac-md5.obj
e:\beek_song\ffmpeg_vs\ffmpeg\ffmpeg\nettle\smp\obj\debug\x64\libnettle\hmac-sha384-meta.obj
e:\beek_song\ffmpeg_vs\ffmpeg\ffmpeg\nettle\smp\obj\debug\x64\libnettle\md5-compat.obj
e:\beek_song\ffmpeg_vs\ffmpeg\ffmpeg\nettle\smp\obj\debug\x64\libnettle\pbkdf2-hmac-sha1.obj
e:\beek_song\ffmpeg_vs\ffmpeg\ffmpeg\nettle\smp\obj\debug\x64\libnettle\salsa20-set-key.obj
e:\beek_song\ffmpeg_vs\ffmpeg\ffmpeg\nettle\smp\obj\debug\x64\libnettle\sha3-256.obj
e:\beek_song\ffmpeg_vs\ffmpeg\ffmpeg\nettle\smp\obj\debug\x64\libnettle\siv-cmac-aes128.obj
e:\beek_song\ffmpeg_vs\ffmpeg\ffmpeg\nettle\smp\obj\debug\x64\libnettle\umac64.obj
e:\beek_song\ffmpeg_vs\ffmpeg\ffmpeg\nettle\smp\obj\debug\x64\libnettle\aes192-meta.obj
e:\beek_song\ffmpeg_vs\ffmpeg\ffmpeg\nettle\smp\obj\debug\x64\libnettle\aes256-meta.obj
e:\beek_song\ffmpeg_vs\ffmpeg\ffmpeg\nettle\smp\obj\debug\x64\libnettle\base64-decode.obj
e:\beek_song\ffmpeg_vs\ffmpeg\ffmpeg\nettle\smp\obj\debug\x64\libnettle\camellia128-set-decrypt-key.obj
e:\beek_song\ffmpeg_vs\ffmpeg\ffmpeg\nettle\smp\obj\debug\x64\libnettle\cfb.obj
e:\beek_song\ffmpeg_vs\ffmpeg\ffmpeg\nettle\smp\obj\debug\x64\libnettle\cnd-memcpy.obj
e:\beek_song\ffmpeg_vs\ffmpeg\ffmpeg\nettle\smp\obj\debug\x64\libnettle\gcm-aes128-meta.obj
e:\beek_song\ffmpeg_vs\ffmpeg\ffmpeg\nettle\smp\obj\debug\x64\libnettle\gcm.obj
e:\beek_song\ffmpeg_vs\ffmpeg\ffmpeg\nettle\smp\obj\debug\x64\libnettle\hmac-streebog-meta.obj
e:\beek_song\ffmpeg_vs\ffmpeg\ffmpeg\nettle\smp\obj\debug\x64\libnettle\memeql-sec.obj
e:\beek_song\ffmpeg_vs\ffmpeg\ffmpeg\nettle\smp\obj\debug\x64\libnettle\pbkdf2.obj
e:\beek_song\ffmpeg_vs\ffmpeg\ffmpeg\nettle\smp\obj\debug\x64\libnettle\serpent-set-key.obj
e:\beek_song\ffmpeg_vs\ffmpeg\ffmpeg\nettle\smp\obj\debug\x64\libnettle\sha3.obj
e:\beek_song\ffmpeg_vs\ffmpeg\ffmpeg\nettle\smp\obj\debug\x64\libnettle\umac-poly128.obj
e:\beek_song\ffmpeg_vs\ffmpeg\ffmpeg\nettle\smp\obj\debug\x64\libnettle\xts-aes128.obj
e:\beek_song\ffmpeg_vs\ffmpeg\ffmpeg\nettle\smp\obj\debug\x64\libnettle\aes-encrypt-table.obj
e:\beek_song\ffmpeg_vs\ffmpeg\ffmpeg\nettle\smp\obj\debug\x64\libnettle\aes256-set-decrypt-key.obj
e:\beek_song\ffmpeg_vs\ffmpeg\ffmpeg\nettle\smp\obj\debug\x64\libnettle\base64url-meta.obj
e:\beek_song\ffmpeg_vs\ffmpeg\ffmpeg\nettle\smp\obj\debug\x64\libnettle\camellia128-set-encrypt-key.obj
e:\beek_song\ffmpeg_vs\ffmpeg\ffmpeg\nettle\smp\obj\debug\x64\libnettle\chacha-crypt.obj
e:\beek_song\ffmpeg_vs\ffmpeg\ffmpeg\nettle\smp\obj\debug\x64\libnettle\cmac64.obj
e:\beek_song\ffmpeg_vs\ffmpeg\ffmpeg\nettle\smp\obj\debug\x64\libnettle\gcm-aes192.obj
e:\beek_song\ffmpeg_vs\ffmpeg\ffmpeg\nettle\smp\obj\debug\x64\libnettle\hmac-md5-meta.obj
e:\beek_song\ffmpeg_vs\ffmpeg\ffmpeg\nettle\smp\obj\debug\x64\libnettle\hmac-sha384.obj
e:\beek_song\ffmpeg_vs\ffmpeg\ffmpeg\nettle\smp\obj\debug\x64\libnettle\nettle-meta-aeads.obj
e:\beek_song\ffmpeg_vs\ffmpeg\ffmpeg\nettle\smp\obj\debug\x64\libnettle\pbkdf2-hmac-gosthash94.obj
e:\beek_song\ffmpeg_vs\ffmpeg\ffmpeg\nettle\smp\obj\debug\x64\libnettle\salsa20-crypt-internal.obj
e:\beek_song\ffmpeg_vs\ffmpeg\ffmpeg\nettle\smp\obj\debug\x64\libnettle\sha3-384-meta.obj
e:\beek_song\ffmpeg_vs\ffmpeg\ffmpeg\nettle\smp\obj\debug\x64\libnettle\sha512.obj
e:\beek_song\ffmpeg_vs\ffmpeg\ffmpeg\nettle\smp\obj\debug\x64\libnettle\umac-set-key.obj
e:\beek_song\ffmpeg_vs\ffmpeg\ffmpeg\nettle\smp\obj\debug\x64\libnettle\yarrow256.obj
e:\beek_song\ffmpeg_vs\ffmpeg\ffmpeg\nettle\smp\obj\debug\x64\libnettle\aes-invert-internal.obj
e:\beek_song\ffmpeg_vs\ffmpeg\ffmpeg\nettle\smp\obj\debug\x64\libnettle\aesdata.obj
e:\beek_song\ffmpeg_vs\ffmpeg\ffmpeg\nettle\smp\obj\debug\x64\libnettle\camellia-invert-key.obj
e:\beek_song\ffmpeg_vs\ffmpeg\ffmpeg\nettle\smp\obj\debug\x64\libnettle\camellia256-set-decrypt-key.obj
e:\beek_song\ffmpeg_vs\ffmpeg\ffmpeg\nettle\smp\obj\debug\x64\libnettle\chacha-poly1305.obj
e:\beek_song\ffmpeg_vs\ffmpeg\ffmpeg\nettle\smp\obj\debug\x64\libnettle\ctr.obj
e:\beek_song\ffmpeg_vs\ffmpeg\ffmpeg\nettle\smp\obj\debug\x64\libnettle\gcm-aes256.obj
e:\beek_song\ffmpeg_vs\ffmpeg\ffmpeg\nettle\smp\obj\debug\x64\libnettle\hmac-gosthash94.obj
e:\beek_song\ffmpeg_vs\ffmpeg\ffmpeg\nettle\smp\obj\debug\x64\libnettle\hmac-sha512-meta.obj
e:\beek_song\ffmpeg_vs\ffmpeg\ffmpeg\nettle\smp\obj\debug\x64\libnettle\md5.obj
e:\beek_song\ffmpeg_vs\ffmpeg\ffmpeg\nettle\smp\obj\debug\x64\libnettle\ripemd160-compress.obj
e:\beek_song\ffmpeg_vs\ffmpeg\ffmpeg\nettle\smp\obj\debug\x64\libnettle\sha3-384.obj
e:\beek_song\ffmpeg_vs\ffmpeg\ffmpeg\nettle\smp\obj\debug\x64\libnettle\streebog.obj
e:\beek_song\ffmpeg_vs\ffmpeg\ffmpeg\nettle\smp\obj\debug\x64\libnettle\xts.obj
e:\beek_song\ffmpeg_vs\ffmpeg\ffmpeg\nettle\smp\obj\debug\x64\libnettle\aes-set-decrypt-key.obj
e:\beek_song\ffmpeg_vs\ffmpeg\ffmpeg\nettle\smp\obj\debug\x64\libnettle\base16-encode.obj
e:\beek_song\ffmpeg_vs\ffmpeg\ffmpeg\nettle\smp\obj\debug\x64\libnettle\buffer.obj
e:\beek_song\ffmpeg_vs\ffmpeg\ffmpeg\nettle\smp\obj\debug\x64\libnettle\cast128.obj
e:\beek_song\ffmpeg_vs\ffmpeg\ffmpeg\nettle\smp\obj\debug\x64\libnettle\cmac-aes256.obj
e:\beek_song\ffmpeg_vs\ffmpeg\ffmpeg\nettle\smp\obj\debug\x64\libnettle\eax-aes128-meta.obj
e:\beek_song\ffmpeg_vs\ffmpeg\ffmpeg\nettle\smp\obj\debug\x64\libnettle\gcm-camellia256-meta.obj
e:\beek_song\ffmpeg_vs\ffmpeg\ffmpeg\nettle\smp\obj\debug\x64\libnettle\hmac-ripemd160-meta.obj
e:\beek_song\ffmpeg_vs\ffmpeg\ffmpeg\nettle\smp\obj\debug\x64\libnettle\hmac-sha256.obj
e:\beek_song\ffmpeg_vs\ffmpeg\ffmpeg\nettle\smp\obj\debug\x64\libnettle\md4.obj
e:\beek_song\ffmpeg_vs\ffmpeg\ffmpeg\nettle\smp\obj\debug\x64\libnettle\ripemd160-meta.obj
e:\beek_song\ffmpeg_vs\ffmpeg\ffmpeg\nettle\smp\obj\debug\x64\libnettle\salsa20r12-crypt.obj
e:\beek_song\ffmpeg_vs\ffmpeg\ffmpeg\nettle\smp\obj\debug\x64\libnettle\sha3-224-meta.obj
e:\beek_song\ffmpeg_vs\ffmpeg\ffmpeg\nettle\smp\obj\debug\x64\libnettle\sha512-256-meta.obj
e:\beek_song\ffmpeg_vs\ffmpeg\ffmpeg\nettle\smp\obj\debug\x64\libnettle\twofish.obj
e:\beek_song\ffmpeg_vs\ffmpeg\ffmpeg\nettle\smp\obj\debug\x64\libnettle\write-le32.obj
e:\beek_song\ffmpeg_vs\ffmpeg\ffmpeg\nettle\smp\obj\debug\x64\libnettle\aes128-meta.obj
e:\beek_song\ffmpeg_vs\ffmpeg\ffmpeg\nettle\smp\obj\debug\x64\libnettle\aes192-set-encrypt-key.obj
e:\beek_song\ffmpeg_vs\ffmpeg\ffmpeg\nettle\smp\obj\debug\x64\libnettle\blowfish.obj
e:\beek_song\ffmpeg_vs\ffmpeg\ffmpeg\nettle\smp\obj\debug\x64\libnettle\camellia256-crypt.obj
e:\beek_song\ffmpeg_vs\ffmpeg\ffmpeg\nettle\smp\obj\debug\x64\libnettle\ccm.obj
e:\beek_song\ffmpeg_vs\ffmpeg\ffmpeg\nettle\smp\obj\debug\x64\libnettle\ctr16.obj
e:\beek_song\ffmpeg_vs\ffmpeg\ffmpeg\nettle\smp\obj\debug\x64\libnettle\gcm-aes128.obj
e:\beek_song\ffmpeg_vs\ffmpeg\ffmpeg\nettle\smp\obj\debug\x64\libnettle\gost28147.obj
e:\beek_song\ffmpeg_vs\ffmpeg\ffmpeg\nettle\smp\obj\debug\x64\libnettle\hmac-sha224.obj
e:\beek_song\ffmpeg_vs\ffmpeg\ffmpeg\nettle\smp\obj\debug\x64\libnettle\md2-meta.obj
e:\beek_song\ffmpeg_vs\ffmpeg\ffmpeg\nettle\smp\obj\debug\x64\libnettle\nettle-meta-armors.obj
e:\beek_song\ffmpeg_vs\ffmpeg\ffmpeg\nettle\smp\obj\debug\x64\libnettle\ripemd160.obj
e:\beek_song\ffmpeg_vs\ffmpeg\ffmpeg\nettle\smp\obj\debug\x64\libnettle\sha1.obj
e:\beek_song\ffmpeg_vs\ffmpeg\ffmpeg\nettle\smp\obj\debug\x64\libnettle\sha512-224-meta.obj
e:\beek_song\ffmpeg_vs\ffmpeg\ffmpeg\nettle\smp\obj\debug\x64\libnettle\twofish-meta.obj
e:\beek_song\ffmpeg_vs\ffmpeg\ffmpeg\nettle\smp\obj\debug\x64\libnettle\version.obj
e:\beek_song\ffmpeg_vs\ffmpeg\ffmpeg\nettle\smp\obj\debug\x64\libnettle\aes192-set-decrypt-key.obj
e:\beek_song\ffmpeg_vs\ffmpeg\ffmpeg\nettle\smp\obj\debug\x64\libnettle\aes256-set-encrypt-key.obj
e:\beek_song\ffmpeg_vs\ffmpeg\ffmpeg\nettle\smp\obj\debug\x64\libnettle\base64-meta.obj
e:\beek_song\ffmpeg_vs\ffmpeg\ffmpeg\nettle\smp\obj\debug\x64\libnettle\camellia-table.obj
e:\beek_song\ffmpeg_vs\ffmpeg\ffmpeg\nettle\smp\obj\debug\x64\libnettle\cbc.obj
e:\beek_song\ffmpeg_vs\ffmpeg\ffmpeg\nettle\smp\obj\debug\x64\libnettle\cmac-des3-meta.obj
e:\beek_song\ffmpeg_vs\ffmpeg\ffmpeg\nettle\smp\obj\debug\x64\libnettle\gcm-aes.obj
e:\beek_song\ffmpeg_vs\ffmpeg\ffmpeg\nettle\smp\obj\debug\x64\libnettle\gcm-camellia256.obj
e:\beek_song\ffmpeg_vs\ffmpeg\ffmpeg\nettle\smp\obj\debug\x64\libnettle\hmac-sha1.obj
e:\beek_song\ffmpeg_vs\ffmpeg\ffmpeg\nettle\smp\obj\debug\x64\libnettle\knuth-lfib.obj
e:\beek_song\ffmpeg_vs\ffmpeg\ffmpeg\nettle\smp\obj\debug\x64\libnettle\nettle-meta-macs.obj
e:\beek_song\ffmpeg_vs\ffmpeg\ffmpeg\nettle\smp\obj\debug\x64\libnettle\salsa20-crypt.obj
e:\beek_song\ffmpeg_vs\ffmpeg\ffmpeg\nettle\smp\obj\debug\x64\libnettle\sha224-meta.obj
e:\beek_song\ffmpeg_vs\ffmpeg\ffmpeg\nettle\smp\obj\debug\x64\libnettle\sha3-512.obj
e:\beek_song\ffmpeg_vs\ffmpeg\ffmpeg\nettle\smp\obj\debug\x64\libnettle\umac-l2.obj
e:\beek_song\ffmpeg_vs\ffmpeg\ffmpeg\nettle\smp\obj\debug\x64\libnettle\xts-aes256.obj
e:\beek_song\ffmpeg_vs\ffmpeg\ffmpeg\nettle\smp\obj\debug\x64\libnettle\aes-set-key-internal.obj
e:\beek_song\ffmpeg_vs\ffmpeg\ffmpeg\nettle\smp\obj\debug\x64\libnettle\arctwo-meta.obj
e:\beek_song\ffmpeg_vs\ffmpeg\ffmpeg\nettle\smp\obj\debug\x64\libnettle\base64url-encode.obj
e:\beek_song\ffmpeg_vs\ffmpeg\ffmpeg\nettle\smp\obj\debug\x64\libnettle\camellia128-meta.obj
e:\beek_song\ffmpeg_vs\ffmpeg\ffmpeg\nettle\smp\obj\debug\x64\libnettle\ccm-aes256.obj
e:\beek_song\ffmpeg_vs\ffmpeg\ffmpeg\nettle\smp\obj\debug\x64\libnettle\cmac-aes256-meta.obj
e:\beek_song\ffmpeg_vs\ffmpeg\ffmpeg\nettle\smp\obj\debug\x64\libnettle\des3.obj
e:\beek_song\ffmpeg_vs\ffmpeg\ffmpeg\nettle\smp\obj\debug\x64\libnettle\gcm-aes192-meta.obj
e:\beek_song\ffmpeg_vs\ffmpeg\ffmpeg\nettle\smp\obj\debug\x64\libnettle\gosthash94-meta.obj
e:\beek_song\ffmpeg_vs\ffmpeg\ffmpeg\nettle\smp\obj\debug\x64\libnettle\hmac-sha224-meta.obj
e:\beek_song\ffmpeg_vs\ffmpeg\ffmpeg\nettle\smp\obj\debug\x64\libnettle\md2.obj
e:\beek_song\ffmpeg_vs\ffmpeg\ffmpeg\nettle\smp\obj\debug\x64\libnettle\pbkdf2-hmac-sha256.obj
e:\beek_song\ffmpeg_vs\ffmpeg\ffmpeg\nettle\smp\obj\debug\x64\libnettle\salsa20-set-nonce.obj
e:\beek_song\ffmpeg_vs\ffmpeg\ffmpeg\nettle\smp\obj\debug\x64\libnettle\sha256.obj
e:\beek_song\ffmpeg_vs\ffmpeg\ffmpeg\nettle\smp\obj\debug\x64\libnettle\siv-cmac-aes256.obj
e:\beek_song\ffmpeg_vs\ffmpeg\ffmpeg\nettle\smp\obj\debug\x64\libnettle\umac32.obj
e:\beek_song\ffmpeg_vs\ffmpeg\ffmpeg\nettle\smp\obj\debug\x64\libnettle\yarrow_key_event.obj
e:\beek_song\ffmpeg_vs\ffmpeg\msvc\lib\x64\libnettled.pdb
e:\beek_song\ffmpeg_vs\ffmpeg\msvc\lib\x64\libnettled.lib
e:\beek_song\ffmpeg_vs\ffmpeg\ffmpeg\nettle\smp\obj\debug\x64\libnettle\aes-decrypt-internal-2-fat.obj
e:\beek_song\ffmpeg_vs\ffmpeg\ffmpeg\nettle\smp\obj\debug\x64\libnettle\aes-decrypt-internal-fat.obj
e:\beek_song\ffmpeg_vs\ffmpeg\ffmpeg\nettle\smp\obj\debug\x64\libnettle\aes-encrypt-internal-2-fat.obj
e:\beek_song\ffmpeg_vs\ffmpeg\ffmpeg\nettle\smp\obj\debug\x64\libnettle\aes-encrypt-internal-fat.obj
e:\beek_song\ffmpeg_vs\ffmpeg\ffmpeg\nettle\smp\obj\debug\x64\libnettle\camellia-crypt-internal.obj
e:\beek_song\ffmpeg_vs\ffmpeg\ffmpeg\nettle\smp\obj\debug\x64\libnettle\chacha-core-internal.obj
e:\beek_song\ffmpeg_vs\ffmpeg\ffmpeg\nettle\smp\obj\debug\x64\libnettle\cpuid-fat.obj
e:\beek_song\ffmpeg_vs\ffmpeg\ffmpeg\nettle\smp\obj\debug\x64\libnettle\gcm-hash8.obj
e:\beek_song\ffmpeg_vs\ffmpeg\ffmpeg\nettle\smp\obj\debug\x64\libnettle\md5-compress.obj
e:\beek_song\ffmpeg_vs\ffmpeg\ffmpeg\nettle\smp\obj\debug\x64\libnettle\memxor-2-fat.obj
e:\beek_song\ffmpeg_vs\ffmpeg\ffmpeg\nettle\smp\obj\debug\x64\libnettle\memxor-fat.obj
e:\beek_song\ffmpeg_vs\ffmpeg\ffmpeg\nettle\smp\obj\debug\x64\libnettle\memxor3.obj
e:\beek_song\ffmpeg_vs\ffmpeg\ffmpeg\nettle\smp\obj\debug\x64\libnettle\poly1305-internal.obj
e:\beek_song\ffmpeg_vs\ffmpeg\ffmpeg\nettle\smp\obj\debug\x64\libnettle\salsa20-2core.obj
e:\beek_song\ffmpeg_vs\ffmpeg\ffmpeg\nettle\smp\obj\debug\x64\libnettle\salsa20-core-internal.obj
e:\beek_song\ffmpeg_vs\ffmpeg\ffmpeg\nettle\smp\obj\debug\x64\libnettle\serpent-decrypt.obj
e:\beek_song\ffmpeg_vs\ffmpeg\ffmpeg\nettle\smp\obj\debug\x64\libnettle\serpent-encrypt.obj
e:\beek_song\ffmpeg_vs\ffmpeg\ffmpeg\nettle\smp\obj\debug\x64\libnettle\sha1-compress-2-fat.obj
e:\beek_song\ffmpeg_vs\ffmpeg\ffmpeg\nettle\smp\obj\debug\x64\libnettle\sha1-compress-fat.obj
e:\beek_song\ffmpeg_vs\ffmpeg\ffmpeg\nettle\smp\obj\debug\x64\libnettle\sha256-compress-2-fat.obj
e:\beek_song\ffmpeg_vs\ffmpeg\ffmpeg\nettle\smp\obj\debug\x64\libnettle\sha256-compress-fat.obj
e:\beek_song\ffmpeg_vs\ffmpeg\ffmpeg\nettle\smp\obj\debug\x64\libnettle\sha3-permute.obj
e:\beek_song\ffmpeg_vs\ffmpeg\ffmpeg\nettle\smp\obj\debug\x64\libnettle\sha512-compress.obj
e:\beek_song\ffmpeg_vs\ffmpeg\ffmpeg\nettle\smp\obj\debug\x64\libnettle\umac-nh-n.obj
e:\beek_song\ffmpeg_vs\ffmpeg\ffmpeg\nettle\smp\obj\debug\x64\libnettle\umac-nh.obj
e:\beek_song\ffmpeg_vs\ffmpeg\ffmpeg\nettle\smp\obj\debug\x64\libnettle\libnettle.tlog\cl.10404.write.1.tlog
e:\beek_song\ffmpeg_vs\ffmpeg\ffmpeg\nettle\smp\obj\debug\x64\libnettle\libnettle.tlog\cl.command.1.tlog
e:\beek_song\ffmpeg_vs\ffmpeg\ffmpeg\nettle\smp\obj\debug\x64\libnettle\libnettle.tlog\cl.read.1.tlog
e:\beek_song\ffmpeg_vs\ffmpeg\ffmpeg\nettle\smp\obj\debug\x64\libnettle\libnettle.tlog\lib-link.read.1.tlog
e:\beek_song\ffmpeg_vs\ffmpeg\ffmpeg\nettle\smp\obj\debug\x64\libnettle\libnettle.tlog\lib-link.write.1.tlog
e:\beek_song\ffmpeg_vs\ffmpeg\ffmpeg\nettle\smp\obj\debug\x64\libnettle\libnettle.tlog\lib.command.1.tlog
