e:\beek_song\ffmpeg_vs\ffmpeg\ffmpeg\libgcrypt\smp\obj\debug\x64\libgcrypt\ec-hw-s390x.obj
e:\beek_song\ffmpeg_vs\ffmpeg\ffmpeg\libgcrypt\smp\obj\debug\x64\libgcrypt\cipher-cmac.obj
e:\beek_song\ffmpeg_vs\ffmpeg\ffmpeg\libgcrypt\smp\obj\debug\x64\libgcrypt\cipher-xts.obj
e:\beek_song\ffmpeg_vs\ffmpeg\ffmpeg\libgcrypt\smp\obj\debug\x64\libgcrypt\crc-intel-pclmul.obj
e:\beek_song\ffmpeg_vs\ffmpeg\ffmpeg\libgcrypt\smp\obj\debug\x64\libgcrypt\ecc.obj
e:\beek_song\ffmpeg_vs\ffmpeg\ffmpeg\libgcrypt\smp\obj\debug\x64\libgcrypt\mac.obj
e:\beek_song\ffmpeg_vs\ffmpeg\ffmpeg\libgcrypt\smp\obj\debug\x64\libgcrypt\rijndael-vaes.obj
e:\beek_song\ffmpeg_vs\ffmpeg\ffmpeg\libgcrypt\smp\obj\debug\x64\libgcrypt\sha512.obj
e:\beek_song\ffmpeg_vs\ffmpeg\ffmpeg\libgcrypt\smp\obj\debug\x64\libgcrypt\mpih-lshift.obj
e:\beek_song\ffmpeg_vs\ffmpeg\ffmpeg\libgcrypt\smp\obj\debug\x64\libgcrypt\mpi-inv.obj
e:\beek_song\ffmpeg_vs\ffmpeg\ffmpeg\libgcrypt\smp\obj\debug\x64\libgcrypt\random-drbg.obj
e:\beek_song\ffmpeg_vs\ffmpeg\ffmpeg\libgcrypt\smp\obj\debug\x64\libgcrypt\misc.obj
e:\beek_song\ffmpeg_vs\ffmpeg\ffmpeg\libgcrypt\smp\obj\debug\x64\libgcrypt\cipher-ccm.obj
e:\beek_song\ffmpeg_vs\ffmpeg\ffmpeg\libgcrypt\smp\obj\debug\x64\libgcrypt\cipher-selftest.obj
e:\beek_song\ffmpeg_vs\ffmpeg\ffmpeg\libgcrypt\smp\obj\debug\x64\libgcrypt\dsa-common.obj
e:\beek_song\ffmpeg_vs\ffmpeg\ffmpeg\libgcrypt\smp\obj\debug\x64\libgcrypt\gostr3411-94.obj
e:\beek_song\ffmpeg_vs\ffmpeg\ffmpeg\libgcrypt\smp\obj\debug\x64\libgcrypt\poly1305.obj
e:\beek_song\ffmpeg_vs\ffmpeg\ffmpeg\libgcrypt\smp\obj\debug\x64\libgcrypt\serpent.obj
e:\beek_song\ffmpeg_vs\ffmpeg\ffmpeg\libgcrypt\smp\obj\debug\x64\libgcrypt\ec.obj
e:\beek_song\ffmpeg_vs\ffmpeg\ffmpeg\libgcrypt\smp\obj\debug\x64\libgcrypt\mpi-div.obj
e:\beek_song\ffmpeg_vs\ffmpeg\ffmpeg\libgcrypt\smp\obj\debug\x64\libgcrypt\mpih-mul.obj
e:\beek_song\ffmpeg_vs\ffmpeg\ffmpeg\libgcrypt\smp\obj\debug\x64\libgcrypt\hmac256.obj
e:\beek_song\ffmpeg_vs\ffmpeg\ffmpeg\libgcrypt\smp\obj\debug\x64\libgcrypt\cipher-cbc.obj
e:\beek_song\ffmpeg_vs\ffmpeg\ffmpeg\libgcrypt\smp\obj\debug\x64\libgcrypt\cipher-siv.obj
e:\beek_song\ffmpeg_vs\ffmpeg\ffmpeg\libgcrypt\smp\obj\debug\x64\libgcrypt\ecc-eddsa.obj
e:\beek_song\ffmpeg_vs\ffmpeg\ffmpeg\libgcrypt\smp\obj\debug\x64\libgcrypt\keccak.obj
e:\beek_song\ffmpeg_vs\ffmpeg\ffmpeg\libgcrypt\smp\obj\debug\x64\libgcrypt\rijndael-p10le.obj
e:\beek_song\ffmpeg_vs\ffmpeg\ffmpeg\libgcrypt\smp\obj\debug\x64\libgcrypt\sha256.obj
e:\beek_song\ffmpeg_vs\ffmpeg\ffmpeg\libgcrypt\smp\obj\debug\x64\libgcrypt\mpih-add1.obj
e:\beek_song\ffmpeg_vs\ffmpeg\ffmpeg\libgcrypt\smp\obj\debug\x64\libgcrypt\mpi-inline.obj
e:\beek_song\ffmpeg_vs\ffmpeg\ffmpeg\libgcrypt\smp\obj\debug\x64\libgcrypt\random-csprng.obj
e:\beek_song\ffmpeg_vs\ffmpeg\ffmpeg\libgcrypt\smp\obj\debug\x64\libgcrypt\cipher-aeswrap.obj
e:\beek_song\ffmpeg_vs\ffmpeg\ffmpeg\libgcrypt\smp\obj\debug\x64\libgcrypt\cipher-ctr.obj
e:\beek_song\ffmpeg_vs\ffmpeg\ffmpeg\libgcrypt\smp\obj\debug\x64\libgcrypt\ecc-ecdh.obj
e:\beek_song\ffmpeg_vs\ffmpeg\ffmpeg\libgcrypt\smp\obj\debug\x64\libgcrypt\kdf.obj
e:\beek_song\ffmpeg_vs\ffmpeg\ffmpeg\libgcrypt\smp\obj\debug\x64\libgcrypt\pubkey.obj
e:\beek_song\ffmpeg_vs\ffmpeg\ffmpeg\libgcrypt\smp\obj\debug\x64\libgcrypt\scrypt.obj
e:\beek_song\ffmpeg_vs\ffmpeg\ffmpeg\libgcrypt\smp\obj\debug\x64\libgcrypt\twofish.obj
e:\beek_song\ffmpeg_vs\ffmpeg\ffmpeg\libgcrypt\smp\obj\debug\x64\libgcrypt\mpi-bit.obj
e:\beek_song\ffmpeg_vs\ffmpeg\ffmpeg\libgcrypt\smp\obj\debug\x64\libgcrypt\mpih-div.obj
e:\beek_song\ffmpeg_vs\ffmpeg\ffmpeg\libgcrypt\smp\obj\debug\x64\libgcrypt\global.obj
e:\beek_song\ffmpeg_vs\ffmpeg\ffmpeg\libgcrypt\smp\obj\debug\x64\libgcrypt\cipher-cfb.obj
e:\beek_song\ffmpeg_vs\ffmpeg\ffmpeg\libgcrypt\smp\obj\debug\x64\libgcrypt\cipher-ofb.obj
e:\beek_song\ffmpeg_vs\ffmpeg\ffmpeg\libgcrypt\smp\obj\debug\x64\libgcrypt\ecc-sm2.obj
e:\beek_song\ffmpeg_vs\ffmpeg\ffmpeg\libgcrypt\smp\obj\debug\x64\libgcrypt\mac-hmac.obj
e:\beek_song\ffmpeg_vs\ffmpeg\ffmpeg\libgcrypt\smp\obj\debug\x64\libgcrypt\rijndael-aesni.obj
e:\beek_song\ffmpeg_vs\ffmpeg\ffmpeg\libgcrypt\smp\obj\debug\x64\libgcrypt\rsa-common.obj
e:\beek_song\ffmpeg_vs\ffmpeg\ffmpeg\libgcrypt\smp\obj\debug\x64\libgcrypt\sm4.obj
e:\beek_song\ffmpeg_vs\ffmpeg\ffmpeg\libgcrypt\smp\obj\debug\x64\libgcrypt\mpih-rshift.obj
e:\beek_song\ffmpeg_vs\ffmpeg\ffmpeg\libgcrypt\smp\obj\debug\x64\libgcrypt\mpi-pow.obj
e:\beek_song\ffmpeg_vs\ffmpeg\ffmpeg\libgcrypt\smp\obj\debug\x64\libgcrypt\rndjent.obj
e:\beek_song\ffmpeg_vs\ffmpeg\ffmpeg\libgcrypt\smp\obj\debug\x64\libgcrypt\secmem.obj
e:\beek_song\ffmpeg_vs\ffmpeg\ffmpeg\libgcrypt\smp\obj\debug\x64\libgcrypt\arcfour.obj
e:\beek_song\ffmpeg_vs\ffmpeg\ffmpeg\libgcrypt\smp\obj\debug\x64\libgcrypt\cipher-eax.obj
e:\beek_song\ffmpeg_vs\ffmpeg\ffmpeg\libgcrypt\smp\obj\debug\x64\libgcrypt\ecc-ecdsa.obj
e:\beek_song\ffmpeg_vs\ffmpeg\ffmpeg\libgcrypt\smp\obj\debug\x64\libgcrypt\mac-gmac.obj
e:\beek_song\ffmpeg_vs\ffmpeg\ffmpeg\libgcrypt\smp\obj\debug\x64\libgcrypt\primegen.obj
e:\beek_song\ffmpeg_vs\ffmpeg\ffmpeg\libgcrypt\smp\obj\debug\x64\libgcrypt\rsa.obj
e:\beek_song\ffmpeg_vs\ffmpeg\ffmpeg\libgcrypt\smp\obj\debug\x64\libgcrypt\stribog.obj
e:\beek_song\ffmpeg_vs\ffmpeg\ffmpeg\libgcrypt\smp\obj\debug\x64\libgcrypt\mpih-mul3.obj
e:\beek_song\ffmpeg_vs\ffmpeg\ffmpeg\libgcrypt\smp\obj\debug\x64\libgcrypt\mpi-mul.obj
e:\beek_song\ffmpeg_vs\ffmpeg\ffmpeg\libgcrypt\smp\obj\debug\x64\libgcrypt\rndhw.obj
e:\beek_song\ffmpeg_vs\ffmpeg\ffmpeg\libgcrypt\smp\obj\debug\x64\libgcrypt\missing-string.obj
e:\beek_song\ffmpeg_vs\ffmpeg\ffmpeg\libgcrypt\smp\obj\debug\x64\libgcrypt\blake2.obj
e:\beek_song\ffmpeg_vs\ffmpeg\ffmpeg\libgcrypt\smp\obj\debug\x64\libgcrypt\cipher.obj
e:\beek_song\ffmpeg_vs\ffmpeg\ffmpeg\libgcrypt\smp\obj\debug\x64\libgcrypt\dsa.obj
e:\beek_song\ffmpeg_vs\ffmpeg\ffmpeg\libgcrypt\smp\obj\debug\x64\libgcrypt\hash-common.obj
e:\beek_song\ffmpeg_vs\ffmpeg\ffmpeg\libgcrypt\smp\obj\debug\x64\libgcrypt\md5.obj
e:\beek_song\ffmpeg_vs\ffmpeg\ffmpeg\libgcrypt\smp\obj\debug\x64\libgcrypt\rmd160.obj
e:\beek_song\ffmpeg_vs\ffmpeg\ffmpeg\libgcrypt\smp\obj\debug\x64\libgcrypt\compat.obj
e:\beek_song\ffmpeg_vs\ffmpeg\ffmpeg\libgcrypt\smp\obj\debug\x64\libgcrypt\mpih-mul2.obj
e:\beek_song\ffmpeg_vs\ffmpeg\ffmpeg\libgcrypt\smp\obj\debug\x64\libgcrypt\mpi-mpow.obj
e:\beek_song\ffmpeg_vs\ffmpeg\ffmpeg\libgcrypt\smp\obj\debug\x64\libgcrypt\random.obj
e:\beek_song\ffmpeg_vs\ffmpeg\ffmpeg\libgcrypt\smp\obj\debug\x64\libgcrypt\stdmem.obj
e:\beek_song\ffmpeg_vs\ffmpeg\ffmpeg\libgcrypt\smp\obj\debug\x64\libgcrypt\camellia.obj
e:\beek_song\ffmpeg_vs\ffmpeg\ffmpeg\libgcrypt\smp\obj\debug\x64\libgcrypt\cipher-gcm.obj
e:\beek_song\ffmpeg_vs\ffmpeg\ffmpeg\libgcrypt\smp\obj\debug\x64\libgcrypt\des.obj
e:\beek_song\ffmpeg_vs\ffmpeg\ffmpeg\libgcrypt\smp\obj\debug\x64\libgcrypt\gost28147.obj
e:\beek_song\ffmpeg_vs\ffmpeg\ffmpeg\libgcrypt\smp\obj\debug\x64\libgcrypt\md4.obj
e:\beek_song\ffmpeg_vs\ffmpeg\ffmpeg\libgcrypt\smp\obj\debug\x64\libgcrypt\rijndael.obj
e:\beek_song\ffmpeg_vs\ffmpeg\ffmpeg\libgcrypt\smp\obj\debug\x64\libgcrypt\whirlpool.obj
e:\beek_song\ffmpeg_vs\ffmpeg\ffmpeg\libgcrypt\smp\obj\debug\x64\libgcrypt\mpi-add.obj
e:\beek_song\ffmpeg_vs\ffmpeg\ffmpeg\libgcrypt\smp\obj\debug\x64\libgcrypt\mpicoder.obj
e:\beek_song\ffmpeg_vs\ffmpeg\ffmpeg\libgcrypt\smp\obj\debug\x64\libgcrypt\context.obj
e:\beek_song\ffmpeg_vs\ffmpeg\ffmpeg\libgcrypt\smp\obj\debug\x64\libgcrypt\sexp.obj
e:\beek_song\ffmpeg_vs\ffmpeg\ffmpeg\libgcrypt\smp\obj\debug\x64\libgcrypt\blowfish.obj
e:\beek_song\ffmpeg_vs\ffmpeg\ffmpeg\libgcrypt\smp\obj\debug\x64\libgcrypt\cipher-gcm-intel-pclmul.obj
e:\beek_song\ffmpeg_vs\ffmpeg\ffmpeg\libgcrypt\smp\obj\debug\x64\libgcrypt\crc.obj
e:\beek_song\ffmpeg_vs\ffmpeg\ffmpeg\libgcrypt\smp\obj\debug\x64\libgcrypt\elgamal.obj
e:\beek_song\ffmpeg_vs\ffmpeg\ffmpeg\libgcrypt\smp\obj\debug\x64\libgcrypt\md.obj
e:\beek_song\ffmpeg_vs\ffmpeg\ffmpeg\libgcrypt\smp\obj\debug\x64\libgcrypt\rijndael-ssse3-amd64.obj
e:\beek_song\ffmpeg_vs\ffmpeg\ffmpeg\libgcrypt\smp\obj\debug\x64\libgcrypt\sm3.obj
e:\beek_song\ffmpeg_vs\ffmpeg\ffmpeg\libgcrypt\smp\obj\debug\x64\libgcrypt\mpih-mul1.obj
e:\beek_song\ffmpeg_vs\ffmpeg\ffmpeg\libgcrypt\smp\obj\debug\x64\libgcrypt\mpi-mod.obj
e:\beek_song\ffmpeg_vs\ffmpeg\ffmpeg\libgcrypt\smp\obj\debug\x64\libgcrypt\random-system.obj
e:\beek_song\ffmpeg_vs\ffmpeg\ffmpeg\libgcrypt\smp\obj\debug\x64\libgcrypt\hwfeatures.obj
e:\beek_song\ffmpeg_vs\ffmpeg\ffmpeg\libgcrypt\smp\obj\debug\x64\libgcrypt\chacha20.obj
e:\beek_song\ffmpeg_vs\ffmpeg\ffmpeg\libgcrypt\smp\obj\debug\x64\libgcrypt\cipher-ocb.obj
e:\beek_song\ffmpeg_vs\ffmpeg\ffmpeg\libgcrypt\smp\obj\debug\x64\libgcrypt\ecc-gost.obj
e:\beek_song\ffmpeg_vs\ffmpeg\ffmpeg\libgcrypt\smp\obj\debug\x64\libgcrypt\mac-cmac.obj
e:\beek_song\ffmpeg_vs\ffmpeg\ffmpeg\libgcrypt\smp\obj\debug\x64\libgcrypt\pubkey-util.obj
e:\beek_song\ffmpeg_vs\ffmpeg\ffmpeg\libgcrypt\smp\obj\debug\x64\libgcrypt\salsa20.obj
e:\beek_song\ffmpeg_vs\ffmpeg\ffmpeg\libgcrypt\smp\obj\debug\x64\libgcrypt\tiger.obj
e:\beek_song\ffmpeg_vs\ffmpeg\ffmpeg\libgcrypt\smp\obj\debug\x64\libgcrypt\mpih-sub1.obj
e:\beek_song\ffmpeg_vs\ffmpeg\ffmpeg\libgcrypt\smp\obj\debug\x64\libgcrypt\mpi-scan.obj
e:\beek_song\ffmpeg_vs\ffmpeg\ffmpeg\libgcrypt\smp\obj\debug\x64\libgcrypt\rndw32.obj
e:\beek_song\ffmpeg_vs\ffmpeg\ffmpeg\libgcrypt\smp\obj\debug\x64\libgcrypt\cast5.obj
e:\beek_song\ffmpeg_vs\ffmpeg\ffmpeg\libgcrypt\smp\obj\debug\x64\libgcrypt\cipher-gcm-siv.obj
e:\beek_song\ffmpeg_vs\ffmpeg\ffmpeg\libgcrypt\smp\obj\debug\x64\libgcrypt\ecc-misc.obj
e:\beek_song\ffmpeg_vs\ffmpeg\ffmpeg\libgcrypt\smp\obj\debug\x64\libgcrypt\idea.obj
e:\beek_song\ffmpeg_vs\ffmpeg\ffmpeg\libgcrypt\smp\obj\debug\x64\libgcrypt\rfc2268.obj
e:\beek_song\ffmpeg_vs\ffmpeg\ffmpeg\libgcrypt\smp\obj\debug\x64\libgcrypt\seed.obj
e:\beek_song\ffmpeg_vs\ffmpeg\ffmpeg\libgcrypt\smp\obj\debug\x64\libgcrypt\ec-ed25519.obj
e:\beek_song\ffmpeg_vs\ffmpeg\ffmpeg\libgcrypt\smp\obj\debug\x64\libgcrypt\mpi-cmp.obj
e:\beek_song\ffmpeg_vs\ffmpeg\ffmpeg\libgcrypt\smp\obj\debug\x64\libgcrypt\mpih-const-time.obj
e:\beek_song\ffmpeg_vs\ffmpeg\ffmpeg\libgcrypt\smp\obj\debug\x64\libgcrypt\fips.obj
e:\beek_song\ffmpeg_vs\ffmpeg\ffmpeg\libgcrypt\smp\obj\debug\x64\libgcrypt\visibility.obj
e:\beek_song\ffmpeg_vs\ffmpeg\ffmpeg\libgcrypt\smp\obj\debug\x64\libgcrypt\camellia-glue.obj
e:\beek_song\ffmpeg_vs\ffmpeg\ffmpeg\libgcrypt\smp\obj\debug\x64\libgcrypt\cipher-poly1305.obj
e:\beek_song\ffmpeg_vs\ffmpeg\ffmpeg\libgcrypt\smp\obj\debug\x64\libgcrypt\ecc-curves.obj
e:\beek_song\ffmpeg_vs\ffmpeg\ffmpeg\libgcrypt\smp\obj\debug\x64\libgcrypt\mac-poly1305.obj
e:\beek_song\ffmpeg_vs\ffmpeg\ffmpeg\libgcrypt\smp\obj\debug\x64\libgcrypt\rijndael-padlock.obj
e:\beek_song\ffmpeg_vs\ffmpeg\ffmpeg\libgcrypt\smp\obj\debug\x64\libgcrypt\sha1.obj
e:\beek_song\ffmpeg_vs\ffmpeg\ffmpeg\libgcrypt\smp\obj\debug\x64\libgcrypt\ec-nist.obj
e:\beek_song\ffmpeg_vs\ffmpeg\ffmpeg\libgcrypt\smp\obj\debug\x64\libgcrypt\mpi-gcd.obj
e:\beek_song\ffmpeg_vs\ffmpeg\ffmpeg\libgcrypt\smp\obj\debug\x64\libgcrypt\mpiutil.obj
e:\beek_song\ffmpeg_vs\ffmpeg\ffmpeg\libgcrypt\smp\obj\debug\x64\libgcrypt\hwf-x86.obj
e:\beek_song\ffmpeg_vs\ffmpeg\msvc\lib\x64\libgcryptd.pdb
e:\beek_song\ffmpeg_vs\ffmpeg\msvc\lib\x64\libgcryptd.lib
e:\beek_song\ffmpeg_vs\ffmpeg\ffmpeg\libgcrypt\smp\obj\debug\x64\libgcrypt\libgcrypt.tlog\cl.11900.write.1.tlog
e:\beek_song\ffmpeg_vs\ffmpeg\ffmpeg\libgcrypt\smp\obj\debug\x64\libgcrypt\libgcrypt.tlog\cl.command.1.tlog
e:\beek_song\ffmpeg_vs\ffmpeg\ffmpeg\libgcrypt\smp\obj\debug\x64\libgcrypt\libgcrypt.tlog\cl.read.1.tlog
e:\beek_song\ffmpeg_vs\ffmpeg\ffmpeg\libgcrypt\smp\obj\debug\x64\libgcrypt\libgcrypt.tlog\lib-link.read.1.tlog
e:\beek_song\ffmpeg_vs\ffmpeg\ffmpeg\libgcrypt\smp\obj\debug\x64\libgcrypt\libgcrypt.tlog\lib-link.write.1.tlog
e:\beek_song\ffmpeg_vs\ffmpeg\ffmpeg\libgcrypt\smp\obj\debug\x64\libgcrypt\libgcrypt.tlog\lib.command.1.tlog
