e:\beek_song\ffmpeg_vs\ffmpeg\ffmpeg\nettle\smp\obj\debug\x64\libhogweed\der-iterator.obj
e:\beek_song\ffmpeg_vs\ffmpeg\ffmpeg\nettle\smp\obj\debug\x64\libhogweed\dsa-hash.obj
e:\beek_song\ffmpeg_vs\ffmpeg\ffmpeg\nettle\smp\obj\debug\x64\libhogweed\ecc-a-to-j.obj
e:\beek_song\ffmpeg_vs\ffmpeg\ffmpeg\nettle\smp\obj\debug\x64\libhogweed\ecc-ecdsa-sign.obj
e:\beek_song\ffmpeg_vs\ffmpeg\ffmpeg\nettle\smp\obj\debug\x64\libhogweed\ecc-mul-a-eh.obj
e:\beek_song\ffmpeg_vs\ffmpeg\ffmpeg\nettle\smp\obj\debug\x64\libhogweed\ecc-secp224r1.obj
e:\beek_song\ffmpeg_vs\ffmpeg\ffmpeg\nettle\smp\obj\debug\x64\libhogweed\ed448-shake256-pubkey.obj
e:\beek_song\ffmpeg_vs\ffmpeg\ffmpeg\nettle\smp\obj\debug\x64\libhogweed\gmp-glue.obj
e:\beek_song\ffmpeg_vs\ffmpeg\ffmpeg\nettle\smp\obj\debug\x64\libhogweed\pkcs1-sec-decrypt.obj
e:\beek_song\ffmpeg_vs\ffmpeg\ffmpeg\nettle\smp\obj\debug\x64\libhogweed\rsa-pkcs1-verify.obj
e:\beek_song\ffmpeg_vs\ffmpeg\ffmpeg\nettle\smp\obj\debug\x64\libhogweed\rsa-sha256-sign-tr.obj
e:\beek_song\ffmpeg_vs\ffmpeg\ffmpeg\nettle\smp\obj\debug\x64\libhogweed\sexp-transport.obj
e:\beek_song\ffmpeg_vs\ffmpeg\ffmpeg\nettle\smp\obj\debug\x64\libhogweed\der2dsa.obj
e:\beek_song\ffmpeg_vs\ffmpeg\ffmpeg\nettle\smp\obj\debug\x64\libhogweed\der2rsa.obj
e:\beek_song\ffmpeg_vs\ffmpeg\ffmpeg\nettle\smp\obj\debug\x64\libhogweed\dsa.obj
e:\beek_song\ffmpeg_vs\ffmpeg\ffmpeg\nettle\smp\obj\debug\x64\libhogweed\ecc-add-thh.obj
e:\beek_song\ffmpeg_vs\ffmpeg\ffmpeg\nettle\smp\obj\debug\x64\libhogweed\ecc-gostdsa-verify.obj
e:\beek_song\ffmpeg_vs\ffmpeg\ffmpeg\nettle\smp\obj\debug\x64\libhogweed\ecc-pm1-redc.obj
e:\beek_song\ffmpeg_vs\ffmpeg\ffmpeg\nettle\smp\obj\debug\x64\libhogweed\ecc-secp521r1.obj
e:\beek_song\ffmpeg_vs\ffmpeg\ffmpeg\nettle\smp\obj\debug\x64\libhogweed\eddsa-compress.obj
e:\beek_song\ffmpeg_vs\ffmpeg\ffmpeg\nettle\smp\obj\debug\x64\libhogweed\pgp-encode.obj
e:\beek_song\ffmpeg_vs\ffmpeg\ffmpeg\nettle\smp\obj\debug\x64\libhogweed\rsa-encrypt.obj
e:\beek_song\ffmpeg_vs\ffmpeg\ffmpeg\nettle\smp\obj\debug\x64\libhogweed\rsa-pss-sha512-verify.obj
e:\beek_song\ffmpeg_vs\ffmpeg\ffmpeg\nettle\smp\obj\debug\x64\libhogweed\rsa-sign-tr.obj
e:\beek_song\ffmpeg_vs\ffmpeg\ffmpeg\nettle\smp\obj\debug\x64\libhogweed\sexp.obj
e:\beek_song\ffmpeg_vs\ffmpeg\ffmpeg\nettle\smp\obj\debug\x64\libhogweed\curve448-mul.obj
e:\beek_song\ffmpeg_vs\ffmpeg\ffmpeg\nettle\smp\obj\debug\x64\libhogweed\dsa-sha256-sign.obj
e:\beek_song\ffmpeg_vs\ffmpeg\ffmpeg\nettle\smp\obj\debug\x64\libhogweed\ecc-add-jjj.obj
e:\beek_song\ffmpeg_vs\ffmpeg\ffmpeg\nettle\smp\obj\debug\x64\libhogweed\ecc-gost-gc512a.obj
e:\beek_song\ffmpeg_vs\ffmpeg\ffmpeg\nettle\smp\obj\debug\x64\libhogweed\ecc-mul-m.obj
e:\beek_song\ffmpeg_vs\ffmpeg\ffmpeg\nettle\smp\obj\debug\x64\libhogweed\ecc-size.obj
e:\beek_song\ffmpeg_vs\ffmpeg\ffmpeg\nettle\smp\obj\debug\x64\libhogweed\ed448-shake256.obj
e:\beek_song\ffmpeg_vs\ffmpeg\ffmpeg\nettle\smp\obj\debug\x64\libhogweed\gostdsa-vko.obj
e:\beek_song\ffmpeg_vs\ffmpeg\ffmpeg\nettle\smp\obj\debug\x64\libhogweed\rsa-blind.obj
e:\beek_song\ffmpeg_vs\ffmpeg\ffmpeg\nettle\smp\obj\debug\x64\libhogweed\rsa-pss-sha256-sign-tr.obj
e:\beek_song\ffmpeg_vs\ffmpeg\ffmpeg\nettle\smp\obj\debug\x64\libhogweed\rsa-sha256-verify.obj
e:\beek_song\ffmpeg_vs\ffmpeg\ffmpeg\nettle\smp\obj\debug\x64\libhogweed\sec-tabselect.obj
e:\beek_song\ffmpeg_vs\ffmpeg\ffmpeg\nettle\smp\obj\debug\x64\libhogweed\bignum-random.obj
e:\beek_song\ffmpeg_vs\ffmpeg\ffmpeg\nettle\smp\obj\debug\x64\libhogweed\dsa-compat-keygen.obj
e:\beek_song\ffmpeg_vs\ffmpeg\ffmpeg\nettle\smp\obj\debug\x64\libhogweed\ecc-add-eh.obj
e:\beek_song\ffmpeg_vs\ffmpeg\ffmpeg\nettle\smp\obj\debug\x64\libhogweed\ecc-ecdsa-verify.obj
e:\beek_song\ffmpeg_vs\ffmpeg\ffmpeg\nettle\smp\obj\debug\x64\libhogweed\ecc-mul-g.obj
e:\beek_song\ffmpeg_vs\ffmpeg\ffmpeg\nettle\smp\obj\debug\x64\libhogweed\ecc-secp384r1.obj
e:\beek_song\ffmpeg_vs\ffmpeg\ffmpeg\nettle\smp\obj\debug\x64\libhogweed\ed448-shake256-verify.obj
e:\beek_song\ffmpeg_vs\ffmpeg\ffmpeg\nettle\smp\obj\debug\x64\libhogweed\pkcs1-decrypt.obj
e:\beek_song\ffmpeg_vs\ffmpeg\ffmpeg\nettle\smp\obj\debug\x64\libhogweed\pss.obj
e:\beek_song\ffmpeg_vs\ffmpeg\ffmpeg\nettle\smp\obj\debug\x64\libhogweed\rsa-sec-compute-root.obj
e:\beek_song\ffmpeg_vs\ffmpeg\ffmpeg\nettle\smp\obj\debug\x64\libhogweed\rsa-sign.obj
e:\beek_song\ffmpeg_vs\ffmpeg\ffmpeg\nettle\smp\obj\debug\x64\libhogweed\sexp2bignum.obj
e:\beek_song\ffmpeg_vs\ffmpeg\ffmpeg\nettle\smp\obj\debug\x64\libhogweed\curve25519-eh-to-x.obj
e:\beek_song\ffmpeg_vs\ffmpeg\ffmpeg\nettle\smp\obj\debug\x64\libhogweed\dsa-sha1-sign.obj
e:\beek_song\ffmpeg_vs\ffmpeg\ffmpeg\nettle\smp\obj\debug\x64\libhogweed\ecc-add-jja.obj
e:\beek_song\ffmpeg_vs\ffmpeg\ffmpeg\nettle\smp\obj\debug\x64\libhogweed\ecc-gost-gc256b.obj
e:\beek_song\ffmpeg_vs\ffmpeg\ffmpeg\nettle\smp\obj\debug\x64\libhogweed\ecc-mul-g-eh.obj
e:\beek_song\ffmpeg_vs\ffmpeg\ffmpeg\nettle\smp\obj\debug\x64\libhogweed\ecc-secp256r1.obj
e:\beek_song\ffmpeg_vs\ffmpeg\ffmpeg\nettle\smp\obj\debug\x64\libhogweed\ed448-shake256-sign.obj
e:\beek_song\ffmpeg_vs\ffmpeg\ffmpeg\nettle\smp\obj\debug\x64\libhogweed\gostdsa-sign.obj
e:\beek_song\ffmpeg_vs\ffmpeg\ffmpeg\nettle\smp\obj\debug\x64\libhogweed\pss-mgf1.obj
e:\beek_song\ffmpeg_vs\ffmpeg\ffmpeg\nettle\smp\obj\debug\x64\libhogweed\rsa-keygen.obj
e:\beek_song\ffmpeg_vs\ffmpeg\ffmpeg\nettle\smp\obj\debug\x64\libhogweed\rsa-sha1-sign-tr.obj
e:\beek_song\ffmpeg_vs\ffmpeg\ffmpeg\nettle\smp\obj\debug\x64\libhogweed\rsa-verify.obj
e:\beek_song\ffmpeg_vs\ffmpeg\ffmpeg\nettle\smp\obj\debug\x64\libhogweed\sexp2dsa.obj
e:\beek_song\ffmpeg_vs\ffmpeg\ffmpeg\nettle\smp\obj\debug\x64\libhogweed\curve448-mul-g.obj
e:\beek_song\ffmpeg_vs\ffmpeg\ffmpeg\nettle\smp\obj\debug\x64\libhogweed\dsa-sign.obj
e:\beek_song\ffmpeg_vs\ffmpeg\ffmpeg\nettle\smp\obj\debug\x64\libhogweed\ecc-dup-eh.obj
e:\beek_song\ffmpeg_vs\ffmpeg\ffmpeg\nettle\smp\obj\debug\x64\libhogweed\ecc-hash.obj
e:\beek_song\ffmpeg_vs\ffmpeg\ffmpeg\nettle\smp\obj\debug\x64\libhogweed\ecc-point-mul.obj
e:\beek_song\ffmpeg_vs\ffmpeg\ffmpeg\nettle\smp\obj\debug\x64\libhogweed\ecdsa-keygen.obj
e:\beek_song\ffmpeg_vs\ffmpeg\ffmpeg\nettle\smp\obj\debug\x64\libhogweed\eddsa-hash.obj
e:\beek_song\ffmpeg_vs\ffmpeg\ffmpeg\nettle\smp\obj\debug\x64\libhogweed\pkcs1-rsa-sha256.obj
e:\beek_song\ffmpeg_vs\ffmpeg\ffmpeg\nettle\smp\obj\debug\x64\libhogweed\rsa-pkcs1-sign-tr.obj
e:\beek_song\ffmpeg_vs\ffmpeg\ffmpeg\nettle\smp\obj\debug\x64\libhogweed\rsa-sha1-sign.obj
e:\beek_song\ffmpeg_vs\ffmpeg\ffmpeg\nettle\smp\obj\debug\x64\libhogweed\rsa2openpgp.obj
e:\beek_song\ffmpeg_vs\ffmpeg\ffmpeg\nettle\smp\obj\debug\x64\libhogweed\curve25519-mul-g.obj
e:\beek_song\ffmpeg_vs\ffmpeg\ffmpeg\nettle\smp\obj\debug\x64\libhogweed\dsa-gen-params.obj
e:\beek_song\ffmpeg_vs\ffmpeg\ffmpeg\nettle\smp\obj\debug\x64\libhogweed\ecc-add-ehh.obj
e:\beek_song\ffmpeg_vs\ffmpeg\ffmpeg\nettle\smp\obj\debug\x64\libhogweed\ecc-eh-to-a.obj
e:\beek_song\ffmpeg_vs\ffmpeg\ffmpeg\nettle\smp\obj\debug\x64\libhogweed\ecc-mul-a.obj
e:\beek_song\ffmpeg_vs\ffmpeg\ffmpeg\nettle\smp\obj\debug\x64\libhogweed\ecc-secp192r1.obj
e:\beek_song\ffmpeg_vs\ffmpeg\ffmpeg\nettle\smp\obj\debug\x64\libhogweed\ed25519-sha512.obj
e:\beek_song\ffmpeg_vs\ffmpeg\ffmpeg\nettle\smp\obj\debug\x64\libhogweed\eddsa-verify.obj
e:\beek_song\ffmpeg_vs\ffmpeg\ffmpeg\nettle\smp\obj\debug\x64\libhogweed\pkcs1-rsa-md5.obj
e:\beek_song\ffmpeg_vs\ffmpeg\ffmpeg\nettle\smp\obj\debug\x64\libhogweed\rsa-md5-sign-tr.obj
e:\beek_song\ffmpeg_vs\ffmpeg\ffmpeg\nettle\smp\obj\debug\x64\libhogweed\rsa-sec-decrypt.obj
e:\beek_song\ffmpeg_vs\ffmpeg\ffmpeg\nettle\smp\obj\debug\x64\libhogweed\rsa.obj
e:\beek_song\ffmpeg_vs\ffmpeg\ffmpeg\nettle\smp\obj\debug\x64\libhogweed\sexp2rsa.obj
e:\beek_song\ffmpeg_vs\ffmpeg\ffmpeg\nettle\smp\obj\debug\x64\libhogweed\curve448-eh-to-x.obj
e:\beek_song\ffmpeg_vs\ffmpeg\ffmpeg\nettle\smp\obj\debug\x64\libhogweed\dsa-sha1-verify.obj
e:\beek_song\ffmpeg_vs\ffmpeg\ffmpeg\nettle\smp\obj\debug\x64\libhogweed\ecc-add-th.obj
e:\beek_song\ffmpeg_vs\ffmpeg\ffmpeg\nettle\smp\obj\debug\x64\libhogweed\ecc-gostdsa-sign.obj
e:\beek_song\ffmpeg_vs\ffmpeg\ffmpeg\nettle\smp\obj\debug\x64\libhogweed\ecc-point-mul-g.obj
e:\beek_song\ffmpeg_vs\ffmpeg\ffmpeg\nettle\smp\obj\debug\x64\libhogweed\ecdsa-sign.obj
e:\beek_song\ffmpeg_vs\ffmpeg\ffmpeg\nettle\smp\obj\debug\x64\libhogweed\eddsa-pubkey.obj
e:\beek_song\ffmpeg_vs\ffmpeg\ffmpeg\nettle\smp\obj\debug\x64\libhogweed\pkcs1-rsa-sha1.obj
e:\beek_song\ffmpeg_vs\ffmpeg\ffmpeg\nettle\smp\obj\debug\x64\libhogweed\rsa-md5-sign.obj
e:\beek_song\ffmpeg_vs\ffmpeg\ffmpeg\nettle\smp\obj\debug\x64\libhogweed\rsa-sha1-verify.obj
e:\beek_song\ffmpeg_vs\ffmpeg\ffmpeg\nettle\smp\obj\debug\x64\libhogweed\rsa2sexp.obj
e:\beek_song\ffmpeg_vs\ffmpeg\ffmpeg\nettle\smp\obj\debug\x64\libhogweed\version.obj
e:\beek_song\ffmpeg_vs\ffmpeg\ffmpeg\nettle\smp\obj\debug\x64\libhogweed\bignum-random-prime.obj
e:\beek_song\ffmpeg_vs\ffmpeg\ffmpeg\nettle\smp\obj\debug\x64\libhogweed\dsa-keygen.obj
e:\beek_song\ffmpeg_vs\ffmpeg\ffmpeg\nettle\smp\obj\debug\x64\libhogweed\ecc-curve448.obj
e:\beek_song\ffmpeg_vs\ffmpeg\ffmpeg\nettle\smp\obj\debug\x64\libhogweed\ecc-mod-arith.obj
e:\beek_song\ffmpeg_vs\ffmpeg\ffmpeg\nettle\smp\obj\debug\x64\libhogweed\ecc-scalar.obj
e:\beek_song\ffmpeg_vs\ffmpeg\ffmpeg\nettle\smp\obj\debug\x64\libhogweed\ed25519-sha512-pubkey.obj
e:\beek_song\ffmpeg_vs\ffmpeg\ffmpeg\nettle\smp\obj\debug\x64\libhogweed\eddsa-decompress.obj
e:\beek_song\ffmpeg_vs\ffmpeg\ffmpeg\nettle\smp\obj\debug\x64\libhogweed\pkcs1-encrypt.obj
e:\beek_song\ffmpeg_vs\ffmpeg\ffmpeg\nettle\smp\obj\debug\x64\libhogweed\rsa-decrypt.obj
e:\beek_song\ffmpeg_vs\ffmpeg\ffmpeg\nettle\smp\obj\debug\x64\libhogweed\rsa-pss-sha512-sign-tr.obj
e:\beek_song\ffmpeg_vs\ffmpeg\ffmpeg\nettle\smp\obj\debug\x64\libhogweed\rsa-sha512-verify.obj
e:\beek_song\ffmpeg_vs\ffmpeg\ffmpeg\nettle\smp\obj\debug\x64\libhogweed\sexp-transport-format.obj
e:\beek_song\ffmpeg_vs\ffmpeg\ffmpeg\nettle\smp\obj\debug\x64\libhogweed\curve25519-mul.obj
e:\beek_song\ffmpeg_vs\ffmpeg\ffmpeg\nettle\smp\obj\debug\x64\libhogweed\dsa-sha256-verify.obj
e:\beek_song\ffmpeg_vs\ffmpeg\ffmpeg\nettle\smp\obj\debug\x64\libhogweed\ecc-curve25519.obj
e:\beek_song\ffmpeg_vs\ffmpeg\ffmpeg\nettle\smp\obj\debug\x64\libhogweed\ecc-mod.obj
e:\beek_song\ffmpeg_vs\ffmpeg\ffmpeg\nettle\smp\obj\debug\x64\libhogweed\ecc-random.obj
e:\beek_song\ffmpeg_vs\ffmpeg\ffmpeg\nettle\smp\obj\debug\x64\libhogweed\ed25519-sha512-verify.obj
e:\beek_song\ffmpeg_vs\ffmpeg\ffmpeg\nettle\smp\obj\debug\x64\libhogweed\gostdsa-verify.obj
e:\beek_song\ffmpeg_vs\ffmpeg\ffmpeg\nettle\smp\obj\debug\x64\libhogweed\pkcs1.obj
e:\beek_song\ffmpeg_vs\ffmpeg\ffmpeg\nettle\smp\obj\debug\x64\libhogweed\rsa-md5-verify.obj
e:\beek_song\ffmpeg_vs\ffmpeg\ffmpeg\nettle\smp\obj\debug\x64\libhogweed\rsa-sha512-sign-tr.obj
e:\beek_song\ffmpeg_vs\ffmpeg\ffmpeg\nettle\smp\obj\debug\x64\libhogweed\sec-sub-1.obj
e:\beek_song\ffmpeg_vs\ffmpeg\ffmpeg\nettle\smp\obj\debug\x64\libhogweed\bignum.obj
e:\beek_song\ffmpeg_vs\ffmpeg\ffmpeg\nettle\smp\obj\debug\x64\libhogweed\dsa-compat.obj
e:\beek_song\ffmpeg_vs\ffmpeg\ffmpeg\nettle\smp\obj\debug\x64\libhogweed\dsa2sexp.obj
e:\beek_song\ffmpeg_vs\ffmpeg\ffmpeg\nettle\smp\obj\debug\x64\libhogweed\ecc-dup-th.obj
e:\beek_song\ffmpeg_vs\ffmpeg\ffmpeg\nettle\smp\obj\debug\x64\libhogweed\ecc-mod-inv.obj
e:\beek_song\ffmpeg_vs\ffmpeg\ffmpeg\nettle\smp\obj\debug\x64\libhogweed\ecc-pp1-redc.obj
e:\beek_song\ffmpeg_vs\ffmpeg\ffmpeg\nettle\smp\obj\debug\x64\libhogweed\ed25519-sha512-sign.obj
e:\beek_song\ffmpeg_vs\ffmpeg\ffmpeg\nettle\smp\obj\debug\x64\libhogweed\eddsa-expand.obj
e:\beek_song\ffmpeg_vs\ffmpeg\ffmpeg\nettle\smp\obj\debug\x64\libhogweed\pkcs1-rsa-sha512.obj
e:\beek_song\ffmpeg_vs\ffmpeg\ffmpeg\nettle\smp\obj\debug\x64\libhogweed\rsa-pkcs1-sign.obj
e:\beek_song\ffmpeg_vs\ffmpeg\ffmpeg\nettle\smp\obj\debug\x64\libhogweed\rsa-sha256-sign.obj
e:\beek_song\ffmpeg_vs\ffmpeg\ffmpeg\nettle\smp\obj\debug\x64\libhogweed\sec-add-1.obj
e:\beek_song\ffmpeg_vs\ffmpeg\ffmpeg\nettle\smp\obj\debug\x64\libhogweed\cnd-copy.obj
e:\beek_song\ffmpeg_vs\ffmpeg\ffmpeg\nettle\smp\obj\debug\x64\libhogweed\dsa-verify.obj
e:\beek_song\ffmpeg_vs\ffmpeg\ffmpeg\nettle\smp\obj\debug\x64\libhogweed\ecc-dup-jj.obj
e:\beek_song\ffmpeg_vs\ffmpeg\ffmpeg\nettle\smp\obj\debug\x64\libhogweed\ecc-j-to-a.obj
e:\beek_song\ffmpeg_vs\ffmpeg\ffmpeg\nettle\smp\obj\debug\x64\libhogweed\ecc-point.obj
e:\beek_song\ffmpeg_vs\ffmpeg\ffmpeg\nettle\smp\obj\debug\x64\libhogweed\ecdsa-verify.obj
e:\beek_song\ffmpeg_vs\ffmpeg\ffmpeg\nettle\smp\obj\debug\x64\libhogweed\eddsa-sign.obj
e:\beek_song\ffmpeg_vs\ffmpeg\ffmpeg\nettle\smp\obj\debug\x64\libhogweed\pkcs1-rsa-digest.obj
e:\beek_song\ffmpeg_vs\ffmpeg\ffmpeg\nettle\smp\obj\debug\x64\libhogweed\rsa-decrypt-tr.obj
e:\beek_song\ffmpeg_vs\ffmpeg\ffmpeg\nettle\smp\obj\debug\x64\libhogweed\rsa-pss-sha256-verify.obj
e:\beek_song\ffmpeg_vs\ffmpeg\ffmpeg\nettle\smp\obj\debug\x64\libhogweed\rsa-sha512-sign.obj
e:\beek_song\ffmpeg_vs\ffmpeg\ffmpeg\nettle\smp\obj\debug\x64\libhogweed\sexp-format.obj
e:\beek_song\ffmpeg_vs\ffmpeg\msvc\lib\x64\libhogweedd.pdb
e:\beek_song\ffmpeg_vs\ffmpeg\msvc\lib\x64\libhogweedd.lib
e:\beek_song\ffmpeg_vs\ffmpeg\ffmpeg\nettle\smp\obj\debug\x64\libhogweed\ecc-curve25519-modp.obj
e:\beek_song\ffmpeg_vs\ffmpeg\ffmpeg\nettle\smp\obj\debug\x64\libhogweed\ecc-curve448-modp.obj
e:\beek_song\ffmpeg_vs\ffmpeg\ffmpeg\nettle\smp\obj\debug\x64\libhogweed\ecc-secp192r1-modp.obj
e:\beek_song\ffmpeg_vs\ffmpeg\ffmpeg\nettle\smp\obj\debug\x64\libhogweed\ecc-secp224r1-modp.obj
e:\beek_song\ffmpeg_vs\ffmpeg\ffmpeg\nettle\smp\obj\debug\x64\libhogweed\ecc-secp256r1-redc.obj
e:\beek_song\ffmpeg_vs\ffmpeg\ffmpeg\nettle\smp\obj\debug\x64\libhogweed\ecc-secp384r1-modp.obj
e:\beek_song\ffmpeg_vs\ffmpeg\ffmpeg\nettle\smp\obj\debug\x64\libhogweed\ecc-secp521r1-modp.obj
e:\beek_song\ffmpeg_vs\ffmpeg\ffmpeg\nettle\smp\obj\debug\x64\libhogweed\libhogweed.tlog\cl.10400.write.1.tlog
e:\beek_song\ffmpeg_vs\ffmpeg\ffmpeg\nettle\smp\obj\debug\x64\libhogweed\libhogweed.tlog\cl.command.1.tlog
e:\beek_song\ffmpeg_vs\ffmpeg\ffmpeg\nettle\smp\obj\debug\x64\libhogweed\libhogweed.tlog\cl.read.1.tlog
e:\beek_song\ffmpeg_vs\ffmpeg\ffmpeg\nettle\smp\obj\debug\x64\libhogweed\libhogweed.tlog\lib-link.read.1.tlog
e:\beek_song\ffmpeg_vs\ffmpeg\ffmpeg\nettle\smp\obj\debug\x64\libhogweed\libhogweed.tlog\lib-link.write.1.tlog
e:\beek_song\ffmpeg_vs\ffmpeg\ffmpeg\nettle\smp\obj\debug\x64\libhogweed\libhogweed.tlog\lib.command.1.tlog
