e:\beek_song\ffmpeg_vs\ffmpeg\ffmpeg\mfx_dispatch\smp\obj\debug\x64\libmfx\mfx_dispatcher_log.obj
e:\beek_song\ffmpeg_vs\ffmpeg\ffmpeg\mfx_dispatch\smp\obj\debug\x64\libmfx\main.obj
e:\beek_song\ffmpeg_vs\ffmpeg\ffmpeg\mfx_dispatch\smp\obj\debug\x64\libmfx\mfx_load_plugin.obj
e:\beek_song\ffmpeg_vs\ffmpeg\ffmpeg\mfx_dispatch\smp\obj\debug\x64\libmfx\mfx_function_table.obj
e:\beek_song\ffmpeg_vs\ffmpeg\ffmpeg\mfx_dispatch\smp\obj\debug\x64\libmfx\mfx_critical_section.obj
e:\beek_song\ffmpeg_vs\ffmpeg\ffmpeg\mfx_dispatch\smp\obj\debug\x64\libmfx\mfx_library_iterator.obj
e:\beek_song\ffmpeg_vs\ffmpeg\ffmpeg\mfx_dispatch\smp\obj\debug\x64\libmfx\mfx_dispatcher.obj
e:\beek_song\ffmpeg_vs\ffmpeg\ffmpeg\mfx_dispatch\smp\obj\debug\x64\libmfx\mfx_driver_store_loader.obj
e:\beek_song\ffmpeg_vs\ffmpeg\ffmpeg\mfx_dispatch\smp\obj\debug\x64\libmfx\mfx_win_reg_key.obj
e:\beek_song\ffmpeg_vs\ffmpeg\ffmpeg\mfx_dispatch\smp\obj\debug\x64\libmfx\mfx_load_dll.obj
e:\beek_song\ffmpeg_vs\ffmpeg\ffmpeg\mfx_dispatch\smp\obj\debug\x64\libmfx\mfx_plugin_hive.obj
e:\beek_song\ffmpeg_vs\ffmpeg\ffmpeg\mfx_dispatch\smp\obj\debug\x64\libmfx\mfx_dxva2_device.obj
e:\beek_song\ffmpeg_vs\ffmpeg\msvc\lib\x64\libmfxd.pdb
e:\beek_song\ffmpeg_vs\ffmpeg\msvc\lib\x64\libmfxd.lib
e:\beek_song\ffmpeg_vs\ffmpeg\ffmpeg\mfx_dispatch\smp\obj\debug\x64\libmfx\libmfx.tlog\cl.1080.write.1.tlog
e:\beek_song\ffmpeg_vs\ffmpeg\ffmpeg\mfx_dispatch\smp\obj\debug\x64\libmfx\libmfx.tlog\cl.command.1.tlog
e:\beek_song\ffmpeg_vs\ffmpeg\ffmpeg\mfx_dispatch\smp\obj\debug\x64\libmfx\libmfx.tlog\cl.read.1.tlog
e:\beek_song\ffmpeg_vs\ffmpeg\ffmpeg\mfx_dispatch\smp\obj\debug\x64\libmfx\libmfx.tlog\lib-link.read.1.tlog
e:\beek_song\ffmpeg_vs\ffmpeg\ffmpeg\mfx_dispatch\smp\obj\debug\x64\libmfx\libmfx.tlog\lib-link.write.1.tlog
e:\beek_song\ffmpeg_vs\ffmpeg\ffmpeg\mfx_dispatch\smp\obj\debug\x64\libmfx\libmfx.tlog\lib.command.1.tlog
