e:\beek_song\ffmpeg_vs\ffmpeg\ffmpeg\vorbis\smp\obj\debug\x64\libvorbis\bitrate.obj
e:\beek_song\ffmpeg_vs\ffmpeg\ffmpeg\vorbis\smp\obj\debug\x64\libvorbis\res0.obj
e:\beek_song\ffmpeg_vs\ffmpeg\ffmpeg\vorbis\smp\obj\debug\x64\libvorbis\mapping0.obj
e:\beek_song\ffmpeg_vs\ffmpeg\ffmpeg\vorbis\smp\obj\debug\x64\libvorbis\analysis.obj
e:\beek_song\ffmpeg_vs\ffmpeg\ffmpeg\vorbis\smp\obj\debug\x64\libvorbis\smallft.obj
e:\beek_song\ffmpeg_vs\ffmpeg\ffmpeg\vorbis\smp\obj\debug\x64\libvorbis\info.obj
e:\beek_song\ffmpeg_vs\ffmpeg\ffmpeg\vorbis\smp\obj\debug\x64\libvorbis\synthesis.obj
e:\beek_song\ffmpeg_vs\ffmpeg\ffmpeg\vorbis\smp\obj\debug\x64\libvorbis\floor0.obj
e:\beek_song\ffmpeg_vs\ffmpeg\ffmpeg\vorbis\smp\obj\debug\x64\libvorbis\block.obj
e:\beek_song\ffmpeg_vs\ffmpeg\ffmpeg\vorbis\smp\obj\debug\x64\libvorbis\vorbisenc.obj
e:\beek_song\ffmpeg_vs\ffmpeg\ffmpeg\vorbis\smp\obj\debug\x64\libvorbis\envelope.obj
e:\beek_song\ffmpeg_vs\ffmpeg\ffmpeg\vorbis\smp\obj\debug\x64\libvorbis\window.obj
e:\beek_song\ffmpeg_vs\ffmpeg\ffmpeg\vorbis\smp\obj\debug\x64\libvorbis\lpc.obj
e:\beek_song\ffmpeg_vs\ffmpeg\ffmpeg\vorbis\smp\obj\debug\x64\libvorbis\registry.obj
e:\beek_song\ffmpeg_vs\ffmpeg\ffmpeg\vorbis\smp\obj\debug\x64\libvorbis\floor1.obj
e:\beek_song\ffmpeg_vs\ffmpeg\ffmpeg\vorbis\smp\obj\debug\x64\libvorbis\vorbisfile.obj
e:\beek_song\ffmpeg_vs\ffmpeg\ffmpeg\vorbis\smp\obj\debug\x64\libvorbis\codebook.obj
e:\beek_song\ffmpeg_vs\ffmpeg\ffmpeg\vorbis\smp\obj\debug\x64\libvorbis\psy.obj
e:\beek_song\ffmpeg_vs\ffmpeg\ffmpeg\vorbis\smp\obj\debug\x64\libvorbis\lsp.obj
e:\beek_song\ffmpeg_vs\ffmpeg\ffmpeg\vorbis\smp\obj\debug\x64\libvorbis\sharedbook.obj
e:\beek_song\ffmpeg_vs\ffmpeg\ffmpeg\vorbis\smp\obj\debug\x64\libvorbis\lookup.obj
e:\beek_song\ffmpeg_vs\ffmpeg\ffmpeg\vorbis\smp\obj\debug\x64\libvorbis\mdct.obj
e:\beek_song\ffmpeg_vs\ffmpeg\msvc\lib\x64\libvorbisd.pdb
e:\beek_song\ffmpeg_vs\ffmpeg\msvc\lib\x64\libvorbisd.lib
e:\beek_song\ffmpeg_vs\ffmpeg\ffmpeg\vorbis\smp\obj\debug\x64\libvorbis\libvorbis.tlog\cl.12420.write.1.tlog
e:\beek_song\ffmpeg_vs\ffmpeg\ffmpeg\vorbis\smp\obj\debug\x64\libvorbis\libvorbis.tlog\cl.command.1.tlog
e:\beek_song\ffmpeg_vs\ffmpeg\ffmpeg\vorbis\smp\obj\debug\x64\libvorbis\libvorbis.tlog\cl.read.1.tlog
e:\beek_song\ffmpeg_vs\ffmpeg\ffmpeg\vorbis\smp\obj\debug\x64\libvorbis\libvorbis.tlog\lib-link.read.1.tlog
e:\beek_song\ffmpeg_vs\ffmpeg\ffmpeg\vorbis\smp\obj\debug\x64\libvorbis\libvorbis.tlog\lib-link.write.1.tlog
e:\beek_song\ffmpeg_vs\ffmpeg\ffmpeg\vorbis\smp\obj\debug\x64\libvorbis\libvorbis.tlog\lib.command.1.tlog
