e:\beek_song\ffmpeg_vs\ffmpeg\msvc\lib\x64\libxml2d.pdb
e:\beek_song\ffmpeg_vs\ffmpeg\msvc\lib\x64\libxml2d.idb
e:\beek_song\ffmpeg_vs\ffmpeg\ffmpeg\libxml2\smp\obj\debug\x64\libxml2\catalog.obj
e:\beek_song\ffmpeg_vs\ffmpeg\ffmpeg\libxml2\smp\obj\debug\x64\libxml2\chvalid.obj
e:\beek_song\ffmpeg_vs\ffmpeg\ffmpeg\libxml2\smp\obj\debug\x64\libxml2\htmltree.obj
e:\beek_song\ffmpeg_vs\ffmpeg\ffmpeg\libxml2\smp\obj\debug\x64\libxml2\sax.obj
e:\beek_song\ffmpeg_vs\ffmpeg\ffmpeg\libxml2\smp\obj\debug\x64\libxml2\xinclude.obj
e:\beek_song\ffmpeg_vs\ffmpeg\ffmpeg\libxml2\smp\obj\debug\x64\libxml2\xmlwriter.obj
e:\beek_song\ffmpeg_vs\ffmpeg\ffmpeg\libxml2\smp\obj\debug\x64\libxml2\htmlparser.obj
e:\beek_song\ffmpeg_vs\ffmpeg\ffmpeg\libxml2\smp\obj\debug\x64\libxml2\tree.obj
e:\beek_song\ffmpeg_vs\ffmpeg\ffmpeg\libxml2\smp\obj\debug\x64\libxml2\xmlsave.obj
e:\beek_song\ffmpeg_vs\ffmpeg\ffmpeg\libxml2\smp\obj\debug\x64\libxml2\debugxml.obj
e:\beek_song\ffmpeg_vs\ffmpeg\ffmpeg\libxml2\smp\obj\debug\x64\libxml2\threads.obj
e:\beek_song\ffmpeg_vs\ffmpeg\ffmpeg\libxml2\smp\obj\debug\x64\libxml2\xpointer.obj
e:\beek_song\ffmpeg_vs\ffmpeg\ffmpeg\libxml2\smp\obj\debug\x64\libxml2\hash.obj
e:\beek_song\ffmpeg_vs\ffmpeg\ffmpeg\libxml2\smp\obj\debug\x64\libxml2\legacy.obj
e:\beek_song\ffmpeg_vs\ffmpeg\ffmpeg\libxml2\smp\obj\debug\x64\libxml2\valid.obj
e:\beek_song\ffmpeg_vs\ffmpeg\ffmpeg\libxml2\smp\obj\debug\x64\libxml2\xmlschemastypes.obj
e:\beek_song\ffmpeg_vs\ffmpeg\ffmpeg\libxml2\smp\obj\debug\x64\libxml2\c14n.obj
e:\beek_song\ffmpeg_vs\ffmpeg\ffmpeg\libxml2\smp\obj\debug\x64\libxml2\sax2.obj
e:\beek_song\ffmpeg_vs\ffmpeg\ffmpeg\libxml2\smp\obj\debug\x64\libxml2\xmlmodule.obj
e:\beek_song\ffmpeg_vs\ffmpeg\ffmpeg\libxml2\smp\obj\debug\x64\libxml2\error.obj
e:\beek_song\ffmpeg_vs\ffmpeg\ffmpeg\libxml2\smp\obj\debug\x64\libxml2\parserinternals.obj
e:\beek_song\ffmpeg_vs\ffmpeg\ffmpeg\libxml2\smp\obj\debug\x64\libxml2\xmlmemory.obj
e:\beek_song\ffmpeg_vs\ffmpeg\ffmpeg\libxml2\smp\obj\debug\x64\libxml2\xpath.obj
e:\beek_song\ffmpeg_vs\ffmpeg\ffmpeg\libxml2\smp\obj\debug\x64\libxml2\buf.obj
e:\beek_song\ffmpeg_vs\ffmpeg\ffmpeg\libxml2\smp\obj\debug\x64\libxml2\relaxng.obj
e:\beek_song\ffmpeg_vs\ffmpeg\ffmpeg\libxml2\smp\obj\debug\x64\libxml2\xmlreader.obj
e:\beek_song\ffmpeg_vs\ffmpeg\ffmpeg\libxml2\smp\obj\debug\x64\libxml2\encoding.obj
e:\beek_song\ffmpeg_vs\ffmpeg\ffmpeg\libxml2\smp\obj\debug\x64\libxml2\schematron.obj
e:\beek_song\ffmpeg_vs\ffmpeg\ffmpeg\libxml2\smp\obj\debug\x64\libxml2\xmlcatalog.obj
e:\beek_song\ffmpeg_vs\ffmpeg\ffmpeg\libxml2\smp\obj\debug\x64\libxml2\xmlunicode.obj
e:\beek_song\ffmpeg_vs\ffmpeg\ffmpeg\libxml2\smp\obj\debug\x64\libxml2\dict.obj
e:\beek_song\ffmpeg_vs\ffmpeg\ffmpeg\libxml2\smp\obj\debug\x64\libxml2\parser.obj
e:\beek_song\ffmpeg_vs\ffmpeg\ffmpeg\libxml2\smp\obj\debug\x64\libxml2\xmlregexp.obj
e:\beek_song\ffmpeg_vs\ffmpeg\ffmpeg\libxml2\smp\obj\debug\x64\libxml2\docbparser.obj
e:\beek_song\ffmpeg_vs\ffmpeg\ffmpeg\libxml2\smp\obj\debug\x64\libxml2\pattern.obj
e:\beek_song\ffmpeg_vs\ffmpeg\ffmpeg\libxml2\smp\obj\debug\x64\libxml2\xlink.obj
e:\beek_song\ffmpeg_vs\ffmpeg\ffmpeg\libxml2\smp\obj\debug\x64\libxml2\xmlstring.obj
e:\beek_song\ffmpeg_vs\ffmpeg\ffmpeg\libxml2\smp\obj\debug\x64\libxml2\globals.obj
e:\beek_song\ffmpeg_vs\ffmpeg\ffmpeg\libxml2\smp\obj\debug\x64\libxml2\list.obj
e:\beek_song\ffmpeg_vs\ffmpeg\ffmpeg\libxml2\smp\obj\debug\x64\libxml2\uri.obj
e:\beek_song\ffmpeg_vs\ffmpeg\ffmpeg\libxml2\smp\obj\debug\x64\libxml2\xmlschemas.obj
e:\beek_song\ffmpeg_vs\ffmpeg\ffmpeg\libxml2\smp\obj\debug\x64\libxml2\entities.obj
e:\beek_song\ffmpeg_vs\ffmpeg\ffmpeg\libxml2\smp\obj\debug\x64\libxml2\nanoftp.obj
e:\beek_song\ffmpeg_vs\ffmpeg\ffmpeg\libxml2\smp\obj\debug\x64\libxml2\xmlio.obj
e:\beek_song\ffmpeg_vs\ffmpeg\ffmpeg\libxml2\smp\obj\debug\x64\libxml2\nanohttp.obj
e:\beek_song\ffmpeg_vs\ffmpeg\ffmpeg\libxml2\smp\obj\debug\x64\libxml2\xzlib.obj
e:\beek_song\ffmpeg_vs\ffmpeg\msvc\lib\x64\libxml2d.lib
e:\beek_song\ffmpeg_vs\ffmpeg\ffmpeg\libxml2\smp\obj\debug\x64\libxml2\libxml2.tlog\cl.command.1.tlog
e:\beek_song\ffmpeg_vs\ffmpeg\ffmpeg\libxml2\smp\obj\debug\x64\libxml2\libxml2.tlog\cl.read.1.tlog
e:\beek_song\ffmpeg_vs\ffmpeg\ffmpeg\libxml2\smp\obj\debug\x64\libxml2\libxml2.tlog\cl.write.1.tlog
e:\beek_song\ffmpeg_vs\ffmpeg\ffmpeg\libxml2\smp\obj\debug\x64\libxml2\libxml2.tlog\lib-link.read.1.tlog
e:\beek_song\ffmpeg_vs\ffmpeg\ffmpeg\libxml2\smp\obj\debug\x64\libxml2\libxml2.tlog\lib-link.write.1.tlog
e:\beek_song\ffmpeg_vs\ffmpeg\ffmpeg\libxml2\smp\obj\debug\x64\libxml2\libxml2.tlog\lib.command.1.tlog
