e:\beek_song\ffmpeg_vs\ffmpeg\msvc\lib\x64\libx264d.pdb
e:\beek_song\ffmpeg_vs\ffmpeg\msvc\lib\x64\libx264d.idb
e:\beek_song\ffmpeg_vs\ffmpeg\ffmpeg\x264\smp\obj\debug\x64\libx264\cabacenc.obj
e:\beek_song\ffmpeg_vs\ffmpeg\ffmpeg\x264\smp\obj\debug\x64\libx264\frame.obj
e:\beek_song\ffmpeg_vs\ffmpeg\ffmpeg\x264\smp\obj\debug\x64\libx264\threadpool.obj
e:\beek_song\ffmpeg_vs\ffmpeg\ffmpeg\x264\smp\obj\debug\x64\libx264\me.obj
e:\beek_song\ffmpeg_vs\ffmpeg\ffmpeg\x264\smp\obj\debug\x64\libx264\common.obj
e:\beek_song\ffmpeg_vs\ffmpeg\ffmpeg\x264\smp\obj\debug\x64\libx264\rectangle.obj
e:\beek_song\ffmpeg_vs\ffmpeg\ffmpeg\x264\smp\obj\debug\x64\libx264\encoder.obj
e:\beek_song\ffmpeg_vs\ffmpeg\ffmpeg\x264\smp\obj\debug\x64\libx264\cpu.obj
e:\beek_song\ffmpeg_vs\ffmpeg\ffmpeg\x264\smp\obj\debug\x64\libx264\mc.obj
e:\beek_song\ffmpeg_vs\ffmpeg\ffmpeg\x264\smp\obj\debug\x64\libx264\predict-c.obj
e:\beek_song\ffmpeg_vs\ffmpeg\ffmpeg\x264\smp\obj\debug\x64\libx264\base.obj
e:\beek_song\ffmpeg_vs\ffmpeg\ffmpeg\x264\smp\obj\debug\x64\libx264\pixel.obj
e:\beek_song\ffmpeg_vs\ffmpeg\ffmpeg\x264\smp\obj\debug\x64\libx264\tables.obj
e:\beek_song\ffmpeg_vs\ffmpeg\ffmpeg\x264\smp\obj\debug\x64\libx264\quant.obj
e:\beek_song\ffmpeg_vs\ffmpeg\ffmpeg\x264\smp\obj\debug\x64\libx264\cabac.obj
e:\beek_song\ffmpeg_vs\ffmpeg\ffmpeg\x264\smp\obj\debug\x64\libx264\predict.obj
e:\beek_song\ffmpeg_vs\ffmpeg\ffmpeg\x264\smp\obj\debug\x64\libx264\slicetype-cl.obj
e:\beek_song\ffmpeg_vs\ffmpeg\ffmpeg\x264\smp\obj\debug\x64\libx264\deblock.obj
e:\beek_song\ffmpeg_vs\ffmpeg\ffmpeg\x264\smp\obj\debug\x64\libx264\vlc.obj
e:\beek_song\ffmpeg_vs\ffmpeg\ffmpeg\x264\smp\obj\debug\x64\libx264\ratecontrol.obj
e:\beek_song\ffmpeg_vs\ffmpeg\ffmpeg\x264\smp\obj\debug\x64\libx264\win32thread.obj
e:\beek_song\ffmpeg_vs\ffmpeg\ffmpeg\x264\smp\obj\debug\x64\libx264\opencl.obj
e:\beek_song\ffmpeg_vs\ffmpeg\ffmpeg\x264\smp\obj\debug\x64\libx264\osdep.obj
e:\beek_song\ffmpeg_vs\ffmpeg\ffmpeg\x264\smp\obj\debug\x64\libx264\macroblock.obj
e:\beek_song\ffmpeg_vs\ffmpeg\ffmpeg\x264\smp\obj\debug\x64\libx264\cavlc.obj
e:\beek_song\ffmpeg_vs\ffmpeg\ffmpeg\x264\smp\obj\debug\x64\libx264\dct.obj
e:\beek_song\ffmpeg_vs\ffmpeg\ffmpeg\x264\smp\obj\debug\x64\libx264\mc-c.obj
e:\beek_song\ffmpeg_vs\ffmpeg\ffmpeg\x264\smp\obj\debug\x64\libx264\api.obj
e:\beek_song\ffmpeg_vs\ffmpeg\ffmpeg\x264\smp\obj\debug\x64\libx264\mvpred.obj
e:\beek_song\ffmpeg_vs\ffmpeg\ffmpeg\x264\smp\obj\debug\x64\libx264\analyse.obj
e:\beek_song\ffmpeg_vs\ffmpeg\ffmpeg\x264\smp\obj\debug\x64\libx264\bitstream.obj
e:\beek_song\ffmpeg_vs\ffmpeg\ffmpeg\x264\smp\obj\debug\x64\libx264\set.obj
e:\beek_song\ffmpeg_vs\ffmpeg\ffmpeg\x264\smp\obj\debug\x64\libx264\lookahead.obj
e:\beek_song\ffmpeg_vs\ffmpeg\ffmpeg\x264\smp\obj\debug\x64\libx264\macroblockenc.obj
e:\beek_song\ffmpeg_vs\ffmpeg\ffmpeg\x264\smp\obj\debug\x64\libx264\setenc.obj
e:\beek_song\ffmpeg_vs\ffmpeg\msvc\lib\x64\libx264d.lib
e:\beek_song\ffmpeg_vs\ffmpeg\ffmpeg\x264\smp\obj\debug\x64\libx264\cpu-a.obj
e:\beek_song\ffmpeg_vs\ffmpeg\ffmpeg\x264\smp\obj\debug\x64\libx264\bitstream-a.obj
e:\beek_song\ffmpeg_vs\ffmpeg\ffmpeg\x264\smp\obj\debug\x64\libx264\cabac-a.obj
e:\beek_song\ffmpeg_vs\ffmpeg\ffmpeg\x264\smp\obj\debug\x64\libx264\const-a.obj
e:\beek_song\ffmpeg_vs\ffmpeg\ffmpeg\x264\smp\obj\debug\x64\libx264\dct-64.obj
e:\beek_song\ffmpeg_vs\ffmpeg\ffmpeg\x264\smp\obj\debug\x64\libx264\dct-a.obj
e:\beek_song\ffmpeg_vs\ffmpeg\ffmpeg\x264\smp\obj\debug\x64\libx264\deblock-a.obj
e:\beek_song\ffmpeg_vs\ffmpeg\ffmpeg\x264\smp\obj\debug\x64\libx264\mc-a.obj
e:\beek_song\ffmpeg_vs\ffmpeg\ffmpeg\x264\smp\obj\debug\x64\libx264\mc-a2.obj
e:\beek_song\ffmpeg_vs\ffmpeg\ffmpeg\x264\smp\obj\debug\x64\libx264\pixel-a.obj
e:\beek_song\ffmpeg_vs\ffmpeg\ffmpeg\x264\smp\obj\debug\x64\libx264\predict-a.obj
e:\beek_song\ffmpeg_vs\ffmpeg\ffmpeg\x264\smp\obj\debug\x64\libx264\quant-a.obj
e:\beek_song\ffmpeg_vs\ffmpeg\ffmpeg\x264\smp\obj\debug\x64\libx264\sad-a.obj
e:\beek_song\ffmpeg_vs\ffmpeg\ffmpeg\x264\smp\obj\debug\x64\libx264\trellis-64.obj
e:\beek_song\ffmpeg_vs\ffmpeg\ffmpeg\x264\smp\obj\debug\x64\libx264\libx264.tlog\cl.command.1.tlog
e:\beek_song\ffmpeg_vs\ffmpeg\ffmpeg\x264\smp\obj\debug\x64\libx264\libx264.tlog\cl.read.1.tlog
e:\beek_song\ffmpeg_vs\ffmpeg\ffmpeg\x264\smp\obj\debug\x64\libx264\libx264.tlog\cl.write.1.tlog
e:\beek_song\ffmpeg_vs\ffmpeg\ffmpeg\x264\smp\obj\debug\x64\libx264\libx264.tlog\lib-link.read.1.tlog
e:\beek_song\ffmpeg_vs\ffmpeg\ffmpeg\x264\smp\obj\debug\x64\libx264\libx264.tlog\lib-link.write.1.tlog
e:\beek_song\ffmpeg_vs\ffmpeg\ffmpeg\x264\smp\obj\debug\x64\libx264\libx264.tlog\lib.command.1.tlog
e:\beek_song\ffmpeg_vs\ffmpeg\ffmpeg\x264\smp\obj\debug\x64\libx264\libx264.tlog\nasm.read.1u.tlog
e:\beek_song\ffmpeg_vs\ffmpeg\ffmpeg\x264\smp\obj\debug\x64\libx264\libx264.tlog\nasm.write.1u.tlog
