e:\beek_song\ffmpeg_vs\ffmpeg\ffmpeg\x265\smp\obj\debug\x64\libx265\blockcopy8.obj
e:\beek_song\ffmpeg_vs\ffmpeg\ffmpeg\x265\smp\obj\debug\x64\libx265\const-a.obj
e:\beek_song\ffmpeg_vs\ffmpeg\ffmpeg\x265\smp\obj\debug\x64\libx265\cpu-a.obj
e:\beek_song\ffmpeg_vs\ffmpeg\ffmpeg\x265\smp\obj\debug\x64\libx265\dct8.obj
e:\beek_song\ffmpeg_vs\ffmpeg\ffmpeg\x265\smp\obj\debug\x64\libx265\h-ipfilter8.obj
e:\beek_song\ffmpeg_vs\ffmpeg\ffmpeg\x265\smp\obj\debug\x64\libx265\intrapred8.obj
e:\beek_song\ffmpeg_vs\ffmpeg\ffmpeg\x265\smp\obj\debug\x64\libx265\intrapred8_allangs.obj
e:\beek_song\ffmpeg_vs\ffmpeg\ffmpeg\x265\smp\obj\debug\x64\libx265\ipfilter8.obj
e:\beek_song\ffmpeg_vs\ffmpeg\ffmpeg\x265\smp\obj\debug\x64\libx265\loopfilter.obj
e:\beek_song\ffmpeg_vs\ffmpeg\ffmpeg\x265\smp\obj\debug\x64\libx265\mc-a.obj
e:\beek_song\ffmpeg_vs\ffmpeg\ffmpeg\x265\smp\obj\debug\x64\libx265\mc-a2.obj
e:\beek_song\ffmpeg_vs\ffmpeg\ffmpeg\x265\smp\obj\debug\x64\libx265\pixel-a.obj
e:\beek_song\ffmpeg_vs\ffmpeg\ffmpeg\x265\smp\obj\debug\x64\libx265\pixel-util8.obj
e:\beek_song\ffmpeg_vs\ffmpeg\ffmpeg\x265\smp\obj\debug\x64\libx265\pixeladd8.obj
e:\beek_song\ffmpeg_vs\ffmpeg\ffmpeg\x265\smp\obj\debug\x64\libx265\sad-a.obj
e:\beek_song\ffmpeg_vs\ffmpeg\ffmpeg\x265\smp\obj\debug\x64\libx265\seaintegral.obj
e:\beek_song\ffmpeg_vs\ffmpeg\ffmpeg\x265\smp\obj\debug\x64\libx265\ssd-a.obj
e:\beek_song\ffmpeg_vs\ffmpeg\ffmpeg\x265\smp\obj\debug\x64\libx265\v4-ipfilter8.obj
e:\beek_song\ffmpeg_vs\ffmpeg\ffmpeg\x265\smp\obj\debug\x64\libx265\libx265.tlog\nasm.read.1u.tlog
e:\beek_song\ffmpeg_vs\ffmpeg\ffmpeg\x265\smp\obj\debug\x64\libx265\libx265.tlog\nasm.write.1u.tlog
