e:\beek_song\ffmpeg_vs\ffmpeg\ffmpeg\theora\smp\obj\debug\x64\libtheora\encfrag.obj
e:\beek_song\ffmpeg_vs\ffmpeg\ffmpeg\theora\smp\obj\debug\x64\libtheora\huffenc.obj
e:\beek_song\ffmpeg_vs\ffmpeg\ffmpeg\theora\smp\obj\debug\x64\libtheora\decode.obj
e:\beek_song\ffmpeg_vs\ffmpeg\ffmpeg\theora\smp\obj\debug\x64\libtheora\quant.obj
e:\beek_song\ffmpeg_vs\ffmpeg\ffmpeg\theora\smp\obj\debug\x64\libtheora\encinfo.obj
e:\beek_song\ffmpeg_vs\ffmpeg\ffmpeg\theora\smp\obj\debug\x64\libtheora\huffdec.obj
e:\beek_song\ffmpeg_vs\ffmpeg\ffmpeg\theora\smp\obj\debug\x64\libtheora\decapiwrapper.obj
e:\beek_song\ffmpeg_vs\ffmpeg\ffmpeg\theora\smp\obj\debug\x64\libtheora\internal.obj
e:\beek_song\ffmpeg_vs\ffmpeg\ffmpeg\theora\smp\obj\debug\x64\libtheora\bitpack.obj
e:\beek_song\ffmpeg_vs\ffmpeg\ffmpeg\theora\smp\obj\debug\x64\libtheora\fdct.obj
e:\beek_song\ffmpeg_vs\ffmpeg\ffmpeg\theora\smp\obj\debug\x64\libtheora\tokenize.obj
e:\beek_song\ffmpeg_vs\ffmpeg\ffmpeg\theora\smp\obj\debug\x64\libtheora\dequant.obj
e:\beek_song\ffmpeg_vs\ffmpeg\ffmpeg\theora\smp\obj\debug\x64\libtheora\info.obj
e:\beek_song\ffmpeg_vs\ffmpeg\ffmpeg\theora\smp\obj\debug\x64\libtheora\analyze.obj
e:\beek_song\ffmpeg_vs\ffmpeg\ffmpeg\theora\smp\obj\debug\x64\libtheora\mcenc.obj
e:\beek_song\ffmpeg_vs\ffmpeg\ffmpeg\theora\smp\obj\debug\x64\libtheora\apiwrapper.obj
e:\beek_song\ffmpeg_vs\ffmpeg\ffmpeg\theora\smp\obj\debug\x64\libtheora\fragment.obj
e:\beek_song\ffmpeg_vs\ffmpeg\ffmpeg\theora\smp\obj\debug\x64\libtheora\encapiwrapper.obj
e:\beek_song\ffmpeg_vs\ffmpeg\ffmpeg\theora\smp\obj\debug\x64\libtheora\state.obj
e:\beek_song\ffmpeg_vs\ffmpeg\ffmpeg\theora\smp\obj\debug\x64\libtheora\encode.obj
e:\beek_song\ffmpeg_vs\ffmpeg\ffmpeg\theora\smp\obj\debug\x64\libtheora\rate.obj
e:\beek_song\ffmpeg_vs\ffmpeg\ffmpeg\theora\smp\obj\debug\x64\libtheora\decinfo.obj
e:\beek_song\ffmpeg_vs\ffmpeg\ffmpeg\theora\smp\obj\debug\x64\libtheora\mathops.obj
e:\beek_song\ffmpeg_vs\ffmpeg\ffmpeg\theora\smp\obj\debug\x64\libtheora\enquant.obj
e:\beek_song\ffmpeg_vs\ffmpeg\ffmpeg\theora\smp\obj\debug\x64\libtheora\idct.obj
e:\beek_song\ffmpeg_vs\ffmpeg\msvc\lib\x64\libtheorad.pdb
e:\beek_song\ffmpeg_vs\ffmpeg\msvc\lib\x64\libtheorad.lib
e:\beek_song\ffmpeg_vs\ffmpeg\ffmpeg\theora\smp\obj\debug\x64\libtheora\libtheora.tlog\cl.13660.write.1.tlog
e:\beek_song\ffmpeg_vs\ffmpeg\ffmpeg\theora\smp\obj\debug\x64\libtheora\libtheora.tlog\cl.command.1.tlog
e:\beek_song\ffmpeg_vs\ffmpeg\ffmpeg\theora\smp\obj\debug\x64\libtheora\libtheora.tlog\cl.read.1.tlog
e:\beek_song\ffmpeg_vs\ffmpeg\ffmpeg\theora\smp\obj\debug\x64\libtheora\libtheora.tlog\lib-link.read.1.tlog
e:\beek_song\ffmpeg_vs\ffmpeg\ffmpeg\theora\smp\obj\debug\x64\libtheora\libtheora.tlog\lib-link.write.1.tlog
e:\beek_song\ffmpeg_vs\ffmpeg\ffmpeg\theora\smp\obj\debug\x64\libtheora\libtheora.tlog\lib.command.1.tlog
