e:\beek_song\ffmpeg_vs\ffmpeg\msvc\lib\x64\libgmpd.pdb
e:\beek_song\ffmpeg_vs\ffmpeg\msvc\lib\x64\libgmpd.idb
e:\beek_song\ffmpeg_vs\ffmpeg\ffmpeg\gmp\smp\obj\debug\x64\libgmp\mpf_abs.obj
e:\beek_song\ffmpeg_vs\ffmpeg\ffmpeg\gmp\smp\obj\debug\x64\libgmp\obprntffuns.obj
e:\beek_song\ffmpeg_vs\ffmpeg\ffmpeg\gmp\smp\obj\debug\x64\libgmp\obprintf.obj
e:\beek_song\ffmpeg_vs\ffmpeg\ffmpeg\gmp\smp\obj\debug\x64\libgmp\obvprintf.obj
e:\beek_song\ffmpeg_vs\ffmpeg\ffmpeg\gmp\smp\obj\debug\x64\libgmp\extract-dbl.obj
e:\beek_song\ffmpeg_vs\ffmpeg\ffmpeg\gmp\smp\obj\debug\x64\libgmp\broot.obj
e:\beek_song\ffmpeg_vs\ffmpeg\ffmpeg\gmp\smp\obj\debug\x64\libgmp\diveby3.obj
e:\beek_song\ffmpeg_vs\ffmpeg\ffmpeg\gmp\smp\obj\debug\x64\libgmp\fib2_ui.obj
e:\beek_song\ffmpeg_vs\ffmpeg\ffmpeg\gmp\smp\obj\debug\x64\libgmp\hgcd_appr.obj
e:\beek_song\ffmpeg_vs\ffmpeg\ffmpeg\gmp\smp\obj\debug\x64\libgmp\mod_1.obj
e:\beek_song\ffmpeg_vs\ffmpeg\ffmpeg\gmp\smp\obj\debug\x64\libgmp\mu_div_q.obj
e:\beek_song\ffmpeg_vs\ffmpeg\ffmpeg\gmp\smp\obj\debug\x64\libgmp\redc_n.obj
e:\beek_song\ffmpeg_vs\ffmpeg\ffmpeg\gmp\smp\obj\debug\x64\libgmp\sec_powm.obj
e:\beek_song\ffmpeg_vs\ffmpeg\ffmpeg\gmp\smp\obj\debug\x64\libgmp\tdiv_qr.obj
e:\beek_song\ffmpeg_vs\ffmpeg\ffmpeg\gmp\smp\obj\debug\x64\libgmp\toom63_mul.obj
e:\beek_song\ffmpeg_vs\ffmpeg\ffmpeg\gmp\smp\obj\debug\x64\libgmp\toom_eval_pm2rexp.obj
e:\beek_song\ffmpeg_vs\ffmpeg\ffmpeg\gmp\smp\obj\debug\x64\libgmp\equal.obj
e:\beek_song\ffmpeg_vs\ffmpeg\ffmpeg\gmp\smp\obj\debug\x64\libgmp\bin_ui.obj
e:\beek_song\ffmpeg_vs\ffmpeg\ffmpeg\gmp\smp\obj\debug\x64\libgmp\cmpabs.obj
e:\beek_song\ffmpeg_vs\ffmpeg\ffmpeg\gmp\smp\obj\debug\x64\libgmp\fac_ui.obj
e:\beek_song\ffmpeg_vs\ffmpeg\ffmpeg\gmp\smp\obj\debug\x64\libgmp\fdiv_ui.obj
e:\beek_song\ffmpeg_vs\ffmpeg\ffmpeg\gmp\smp\obj\debug\x64\libgmp\lcm_ui.obj
e:\beek_song\ffmpeg_vs\ffmpeg\ffmpeg\gmp\smp\obj\debug\x64\libgmp\out_raw.obj
e:\beek_song\ffmpeg_vs\ffmpeg\ffmpeg\gmp\smp\obj\debug\x64\libgmp\tdiv_qr_ui.obj
e:\beek_song\ffmpeg_vs\ffmpeg\ffmpeg\gmp\smp\obj\debug\x64\libgmp\urandomm.obj
e:\beek_song\ffmpeg_vs\ffmpeg\ffmpeg\gmp\smp\obj\debug\x64\libgmp\fprintf.obj
e:\beek_song\ffmpeg_vs\ffmpeg\ffmpeg\gmp\smp\obj\debug\x64\libgmp\vfprintf.obj
e:\beek_song\ffmpeg_vs\ffmpeg\ffmpeg\gmp\smp\obj\debug\x64\libgmp\randmt.obj
e:\beek_song\ffmpeg_vs\ffmpeg\ffmpeg\gmp\smp\obj\debug\x64\libgmp\tal-reent.obj
e:\beek_song\ffmpeg_vs\ffmpeg\ffmpeg\gmp\smp\obj\debug\x64\libgmp\add.obj
e:\beek_song\ffmpeg_vs\ffmpeg\ffmpeg\gmp\smp\obj\debug\x64\libgmp\bdiv_qr.obj
e:\beek_song\ffmpeg_vs\ffmpeg\ffmpeg\gmp\smp\obj\debug\x64\libgmp\dcpi1_divappr_q.obj
e:\beek_song\ffmpeg_vs\ffmpeg\ffmpeg\gmp\smp\obj\debug\x64\libgmp\fib2m.obj
e:\beek_song\ffmpeg_vs\ffmpeg\ffmpeg\gmp\smp\obj\debug\x64\libgmp\hgcd_jacobi.obj
e:\beek_song\ffmpeg_vs\ffmpeg\ffmpeg\gmp\smp\obj\debug\x64\libgmp\mod_1_3.obj
e:\beek_song\ffmpeg_vs\ffmpeg\ffmpeg\gmp\smp\obj\debug\x64\libgmp\perfpow.obj
e:\beek_song\ffmpeg_vs\ffmpeg\ffmpeg\gmp\smp\obj\debug\x64\libgmp\sbpi1_bdiv_q.obj
e:\beek_song\ffmpeg_vs\ffmpeg\ffmpeg\gmp\smp\obj\debug\x64\libgmp\sbpi1_div_qr.obj
e:\beek_song\ffmpeg_vs\ffmpeg\ffmpeg\gmp\smp\obj\debug\x64\libgmp\sub_err2_n.obj
e:\beek_song\ffmpeg_vs\ffmpeg\ffmpeg\gmp\smp\obj\debug\x64\libgmp\toom43_mul.obj
e:\beek_song\ffmpeg_vs\ffmpeg\ffmpeg\gmp\smp\obj\debug\x64\libgmp\toom_couple_handling.obj
e:\beek_song\ffmpeg_vs\ffmpeg\ffmpeg\gmp\smp\obj\debug\x64\libgmp\toom_interpolate_8pts.obj
e:\beek_song\ffmpeg_vs\ffmpeg\ffmpeg\gmp\smp\obj\debug\x64\libgmp\set_f.obj
e:\beek_song\ffmpeg_vs\ffmpeg\ffmpeg\gmp\smp\obj\debug\x64\libgmp\cdiv_ui.obj
e:\beek_song\ffmpeg_vs\ffmpeg\ffmpeg\gmp\smp\obj\debug\x64\libgmp\divegcd.obj
e:\beek_song\ffmpeg_vs\ffmpeg\ffmpeg\gmp\smp\obj\debug\x64\libgmp\getlimbn.obj
e:\beek_song\ffmpeg_vs\ffmpeg\ffmpeg\gmp\smp\obj\debug\x64\libgmp\limbs_finish.obj
e:\beek_song\ffmpeg_vs\ffmpeg\ffmpeg\gmp\smp\obj\debug\x64\libgmp\mul_si.obj
e:\beek_song\ffmpeg_vs\ffmpeg\ffmpeg\gmp\smp\obj\debug\x64\libgmp\root.obj
e:\beek_song\ffmpeg_vs\ffmpeg\ffmpeg\gmp\smp\obj\debug\x64\libgmp\tstbit.obj
e:\beek_song\ffmpeg_vs\ffmpeg\ffmpeg\gmp\smp\obj\debug\x64\libgmp\mp_set_fns.obj
e:\beek_song\ffmpeg_vs\ffmpeg\ffmpeg\gmp\smp\obj\debug\x64\libgmp\sprintf.obj
e:\beek_song\ffmpeg_vs\ffmpeg\ffmpeg\gmp\smp\obj\debug\x64\libgmp\randdef.obj
e:\beek_song\ffmpeg_vs\ffmpeg\ffmpeg\gmp\smp\obj\debug\x64\libgmp\fscanffuns.obj
e:\beek_song\ffmpeg_vs\ffmpeg\ffmpeg\gmp\smp\obj\debug\x64\libgmp\sec_div_r.obj
e:\beek_song\ffmpeg_vs\ffmpeg\ffmpeg\gmp\smp\obj\debug\x64\libgmp\memory.obj
e:\beek_song\ffmpeg_vs\ffmpeg\ffmpeg\gmp\smp\obj\debug\x64\libgmp\comb_tables.obj
e:\beek_song\ffmpeg_vs\ffmpeg\ffmpeg\gmp\smp\obj\debug\x64\libgmp\div_qr_1.obj
e:\beek_song\ffmpeg_vs\ffmpeg\ffmpeg\gmp\smp\obj\debug\x64\libgmp\gcd_22.obj
e:\beek_song\ffmpeg_vs\ffmpeg\ffmpeg\gmp\smp\obj\debug\x64\libgmp\jacbase.obj
e:\beek_song\ffmpeg_vs\ffmpeg\ffmpeg\gmp\smp\obj\debug\x64\libgmp\mulmod_bnm1.obj
e:\beek_song\ffmpeg_vs\ffmpeg\ffmpeg\gmp\smp\obj\debug\x64\libgmp\pre_mod_1.obj
e:\beek_song\ffmpeg_vs\ffmpeg\ffmpeg\gmp\smp\obj\debug\x64\libgmp\sec_invert.obj
e:\beek_song\ffmpeg_vs\ffmpeg\ffmpeg\gmp\smp\obj\debug\x64\libgmp\sqrmod_bnm1.obj
e:\beek_song\ffmpeg_vs\ffmpeg\ffmpeg\gmp\smp\obj\debug\x64\libgmp\toom3_sqr.obj
e:\beek_song\ffmpeg_vs\ffmpeg\ffmpeg\gmp\smp\obj\debug\x64\libgmp\toom6_sqr.obj
e:\beek_song\ffmpeg_vs\ffmpeg\ffmpeg\gmp\smp\obj\debug\x64\libgmp\toom_interpolate_5pts.obj
e:\beek_song\ffmpeg_vs\ffmpeg\ffmpeg\gmp\smp\obj\debug\x64\libgmp\get_num.obj
e:\beek_song\ffmpeg_vs\ffmpeg\ffmpeg\gmp\smp\obj\debug\x64\libgmp\cdiv_q.obj
e:\beek_song\ffmpeg_vs\ffmpeg\ffmpeg\gmp\smp\obj\debug\x64\libgmp\cmpabs_d.obj
e:\beek_song\ffmpeg_vs\ffmpeg\ffmpeg\gmp\smp\obj\debug\x64\libgmp\fdiv_q.obj
e:\beek_song\ffmpeg_vs\ffmpeg\ffmpeg\gmp\smp\obj\debug\x64\libgmp\inp_raw.obj
e:\beek_song\ffmpeg_vs\ffmpeg\ffmpeg\gmp\smp\obj\debug\x64\libgmp\lucnum2_ui.obj
e:\beek_song\ffmpeg_vs\ffmpeg\ffmpeg\gmp\smp\obj\debug\x64\libgmp\primorial_ui.obj
e:\beek_song\ffmpeg_vs\ffmpeg\ffmpeg\gmp\smp\obj\debug\x64\libgmp\setbit.obj
e:\beek_song\ffmpeg_vs\ffmpeg\ffmpeg\gmp\smp\obj\debug\x64\libgmp\urandomb.obj
e:\beek_song\ffmpeg_vs\ffmpeg\ffmpeg\gmp\smp\obj\debug\x64\libgmp\nextprime.obj
e:\beek_song\ffmpeg_vs\ffmpeg\ffmpeg\gmp\smp\obj\debug\x64\libgmp\snprintf.obj
e:\beek_song\ffmpeg_vs\ffmpeg\ffmpeg\gmp\smp\obj\debug\x64\libgmp\rand.obj
e:\beek_song\ffmpeg_vs\ffmpeg\ffmpeg\gmp\smp\obj\debug\x64\libgmp\randsd.obj
e:\beek_song\ffmpeg_vs\ffmpeg\ffmpeg\gmp\smp\obj\debug\x64\libgmp\vsscanf.obj
e:\beek_song\ffmpeg_vs\ffmpeg\ffmpeg\gmp\smp\obj\debug\x64\libgmp\add_1.obj
e:\beek_song\ffmpeg_vs\ffmpeg\ffmpeg\gmp\smp\obj\debug\x64\libgmp\binvert.obj
e:\beek_song\ffmpeg_vs\ffmpeg\ffmpeg\gmp\smp\obj\debug\x64\libgmp\dcpi1_div_qr.obj
e:\beek_song\ffmpeg_vs\ffmpeg\ffmpeg\gmp\smp\obj\debug\x64\libgmp\gcd.obj
e:\beek_song\ffmpeg_vs\ffmpeg\ffmpeg\gmp\smp\obj\debug\x64\libgmp\hgcd_matrix.obj
e:\beek_song\ffmpeg_vs\ffmpeg\ffmpeg\gmp\smp\obj\debug\x64\libgmp\mullo_n.obj
e:\beek_song\ffmpeg_vs\ffmpeg\ffmpeg\gmp\smp\obj\debug\x64\libgmp\mu_div_qr.obj
e:\beek_song\ffmpeg_vs\ffmpeg\ffmpeg\gmp\smp\obj\debug\x64\libgmp\remove.obj
e:\beek_song\ffmpeg_vs\ffmpeg\ffmpeg\gmp\smp\obj\debug\x64\libgmp\sbpi1_div_q.obj
e:\beek_song\ffmpeg_vs\ffmpeg\ffmpeg\gmp\smp\obj\debug\x64\libgmp\sub_err1_n.obj
e:\beek_song\ffmpeg_vs\ffmpeg\ffmpeg\gmp\smp\obj\debug\x64\libgmp\toom42_mulmid.obj
e:\beek_song\ffmpeg_vs\ffmpeg\ffmpeg\gmp\smp\obj\debug\x64\libgmp\toom8_sqr.obj
e:\beek_song\ffmpeg_vs\ffmpeg\ffmpeg\gmp\smp\obj\debug\x64\libgmp\toom_interpolate_7pts.obj
e:\beek_song\ffmpeg_vs\ffmpeg\ffmpeg\gmp\smp\obj\debug\x64\libgmp\set_den.obj
e:\beek_song\ffmpeg_vs\ffmpeg\ffmpeg\gmp\smp\obj\debug\x64\libgmp\cdiv_qr.obj
e:\beek_song\ffmpeg_vs\ffmpeg\ffmpeg\gmp\smp\obj\debug\x64\libgmp\cmpabs_ui.obj
e:\beek_song\ffmpeg_vs\ffmpeg\ffmpeg\gmp\smp\obj\debug\x64\libgmp\fdiv_qr.obj
e:\beek_song\ffmpeg_vs\ffmpeg\ffmpeg\gmp\smp\obj\debug\x64\libgmp\import.obj
e:\beek_song\ffmpeg_vs\ffmpeg\ffmpeg\gmp\smp\obj\debug\x64\libgmp\limbs_write.obj
e:\beek_song\ffmpeg_vs\ffmpeg\ffmpeg\gmp\smp\obj\debug\x64\libgmp\powm_ui.obj
e:\beek_song\ffmpeg_vs\ffmpeg\ffmpeg\gmp\smp\obj\debug\x64\libgmp\tdiv_r_2exp.obj
e:\beek_song\ffmpeg_vs\ffmpeg\ffmpeg\gmp\smp\obj\debug\x64\libgmp\mp_get_fns.obj
e:\beek_song\ffmpeg_vs\ffmpeg\ffmpeg\gmp\smp\obj\debug\x64\libgmp\printf.obj
e:\beek_song\ffmpeg_vs\ffmpeg\ffmpeg\gmp\smp\obj\debug\x64\libgmp\vsprintf.obj
e:\beek_song\ffmpeg_vs\ffmpeg\ffmpeg\gmp\smp\obj\debug\x64\libgmp\doscan.obj
e:\beek_song\ffmpeg_vs\ffmpeg\ffmpeg\gmp\smp\obj\debug\x64\libgmp\sec_sub_1.obj
e:\beek_song\ffmpeg_vs\ffmpeg\ffmpeg\gmp\smp\obj\debug\x64\libgmp\errno.obj
e:\beek_song\ffmpeg_vs\ffmpeg\ffmpeg\gmp\smp\obj\debug\x64\libgmp\brootinv.obj
e:\beek_song\ffmpeg_vs\ffmpeg\ffmpeg\gmp\smp\obj\debug\x64\libgmp\divis.obj
e:\beek_song\ffmpeg_vs\ffmpeg\ffmpeg\gmp\smp\obj\debug\x64\libgmp\gcdext_1.obj
e:\beek_song\ffmpeg_vs\ffmpeg\ffmpeg\gmp\smp\obj\debug\x64\libgmp\hgcd_step.obj
e:\beek_song\ffmpeg_vs\ffmpeg\ffmpeg\gmp\smp\obj\debug\x64\libgmp\mulmid_basecase.obj
e:\beek_song\ffmpeg_vs\ffmpeg\ffmpeg\gmp\smp\obj\debug\x64\libgmp\powlo.obj
e:\beek_song\ffmpeg_vs\ffmpeg\ffmpeg\gmp\smp\obj\debug\x64\libgmp\sbpi1_divappr_q.obj
e:\beek_song\ffmpeg_vs\ffmpeg\ffmpeg\gmp\smp\obj\debug\x64\libgmp\strongfibo.obj
e:\beek_song\ffmpeg_vs\ffmpeg\ffmpeg\gmp\smp\obj\debug\x64\libgmp\toom44_mul.obj
e:\beek_song\ffmpeg_vs\ffmpeg\ffmpeg\gmp\smp\obj\debug\x64\libgmp\toom_eval_dgr3_pm1.obj
e:\beek_song\ffmpeg_vs\ffmpeg\ffmpeg\gmp\smp\obj\debug\x64\libgmp\trialdiv.obj
e:\beek_song\ffmpeg_vs\ffmpeg\ffmpeg\gmp\smp\obj\debug\x64\libgmp\2fac_ui.obj
e:\beek_song\ffmpeg_vs\ffmpeg\ffmpeg\gmp\smp\obj\debug\x64\libgmp\cdiv_r.obj
e:\beek_song\ffmpeg_vs\ffmpeg\ffmpeg\gmp\smp\obj\debug\x64\libgmp\cong_2exp.obj
e:\beek_song\ffmpeg_vs\ffmpeg\ffmpeg\gmp\smp\obj\debug\x64\libgmp\fdiv_q_ui.obj
e:\beek_song\ffmpeg_vs\ffmpeg\ffmpeg\gmp\smp\obj\debug\x64\libgmp\kronuz.obj
e:\beek_song\ffmpeg_vs\ffmpeg\ffmpeg\gmp\smp\obj\debug\x64\libgmp\millerrabin.obj
e:\beek_song\ffmpeg_vs\ffmpeg\ffmpeg\gmp\smp\obj\debug\x64\libgmp\realloc2.obj
e:\beek_song\ffmpeg_vs\ffmpeg\ffmpeg\gmp\smp\obj\debug\x64\libgmp\tdiv_ui.obj
e:\beek_song\ffmpeg_vs\ffmpeg\ffmpeg\gmp\smp\obj\debug\x64\libgmp\asprntffuns.obj
e:\beek_song\ffmpeg_vs\ffmpeg\ffmpeg\gmp\smp\obj\debug\x64\libgmp\vasprintf.obj
e:\beek_song\ffmpeg_vs\ffmpeg\ffmpeg\gmp\smp\obj\debug\x64\libgmp\rands.obj
e:\beek_song\ffmpeg_vs\ffmpeg\ffmpeg\gmp\smp\obj\debug\x64\libgmp\vscanf.obj
e:\beek_song\ffmpeg_vs\ffmpeg\ffmpeg\gmp\smp\obj\debug\x64\libgmp\add_err1_n.obj
e:\beek_song\ffmpeg_vs\ffmpeg\ffmpeg\gmp\smp\obj\debug\x64\libgmp\bsqrt.obj
e:\beek_song\ffmpeg_vs\ffmpeg\ffmpeg\gmp\smp\obj\debug\x64\libgmp\divexact.obj
e:\beek_song\ffmpeg_vs\ffmpeg\ffmpeg\gmp\smp\obj\debug\x64\libgmp\gcdext.obj
e:\beek_song\ffmpeg_vs\ffmpeg\ffmpeg\gmp\smp\obj\debug\x64\libgmp\hgcd_reduce.obj
e:\beek_song\ffmpeg_vs\ffmpeg\ffmpeg\gmp\smp\obj\debug\x64\libgmp\mulmid.obj
e:\beek_song\ffmpeg_vs\ffmpeg\ffmpeg\gmp\smp\obj\debug\x64\libgmp\nussbaumer_mul.obj
e:\beek_song\ffmpeg_vs\ffmpeg\ffmpeg\gmp\smp\obj\debug\x64\libgmp\rootrem.obj
e:\beek_song\ffmpeg_vs\ffmpeg\ffmpeg\gmp\smp\obj\debug\x64\libgmp\sizeinbase.obj
e:\beek_song\ffmpeg_vs\ffmpeg\ffmpeg\gmp\smp\obj\debug\x64\libgmp\toom22_mul.obj
e:\beek_song\ffmpeg_vs\ffmpeg\ffmpeg\gmp\smp\obj\debug\x64\libgmp\toom52_mul.obj
e:\beek_song\ffmpeg_vs\ffmpeg\ffmpeg\gmp\smp\obj\debug\x64\libgmp\toom_eval_pm1.obj
e:\beek_song\ffmpeg_vs\ffmpeg\ffmpeg\gmp\smp\obj\debug\x64\libgmp\zero_p.obj
e:\beek_song\ffmpeg_vs\ffmpeg\ffmpeg\gmp\smp\obj\debug\x64\libgmp\and.obj
e:\beek_song\ffmpeg_vs\ffmpeg\ffmpeg\gmp\smp\obj\debug\x64\libgmp\cdiv_r_ui.obj
e:\beek_song\ffmpeg_vs\ffmpeg\ffmpeg\gmp\smp\obj\debug\x64\libgmp\cong_ui.obj
e:\beek_song\ffmpeg_vs\ffmpeg\ffmpeg\gmp\smp\obj\debug\x64\libgmp\gcd_ui.obj
e:\beek_song\ffmpeg_vs\ffmpeg\ffmpeg\gmp\smp\obj\debug\x64\libgmp\limbs_modify.obj
e:\beek_song\ffmpeg_vs\ffmpeg\ffmpeg\gmp\smp\obj\debug\x64\libgmp\n_pow_ui.obj
e:\beek_song\ffmpeg_vs\ffmpeg\ffmpeg\gmp\smp\obj\debug\x64\libgmp\tdiv_q.obj
e:\beek_song\ffmpeg_vs\ffmpeg\ffmpeg\gmp\smp\obj\debug\x64\libgmp\mp_dv_tab.obj
e:\beek_song\ffmpeg_vs\ffmpeg\ffmpeg\gmp\smp\obj\debug\x64\libgmp\doprnti.obj
e:\beek_song\ffmpeg_vs\ffmpeg\ffmpeg\gmp\smp\obj\debug\x64\libgmp\vsnprintf.obj
e:\beek_song\ffmpeg_vs\ffmpeg\ffmpeg\gmp\smp\obj\debug\x64\libgmp\randmts.obj
e:\beek_song\ffmpeg_vs\ffmpeg\ffmpeg\gmp\smp\obj\debug\x64\libgmp\vfscanf.obj
e:\beek_song\ffmpeg_vs\ffmpeg\ffmpeg\gmp\smp\obj\debug\x64\libgmp\mp_bases.obj
e:\beek_song\ffmpeg_vs\ffmpeg\ffmpeg\gmp\smp\obj\debug\x64\libgmp\cmp_z.obj
e:\beek_song\ffmpeg_vs\ffmpeg\ffmpeg\gmp\smp\obj\debug\x64\libgmp\bdiv_q.obj
e:\beek_song\ffmpeg_vs\ffmpeg\ffmpeg\gmp\smp\obj\debug\x64\libgmp\dcpi1_div_q.obj
e:\beek_song\ffmpeg_vs\ffmpeg\ffmpeg\gmp\smp\obj\debug\x64\libgmp\div_qr_2u_pi1.obj
e:\beek_song\ffmpeg_vs\ffmpeg\ffmpeg\gmp\smp\obj\debug\x64\libgmp\hgcd2_jacobi.obj
e:\beek_song\ffmpeg_vs\ffmpeg\ffmpeg\gmp\smp\obj\debug\x64\libgmp\matrix22_mul1_inverse_vector.obj
e:\beek_song\ffmpeg_vs\ffmpeg\ffmpeg\gmp\smp\obj\debug\x64\libgmp\mu_bdiv_q.obj
e:\beek_song\ffmpeg_vs\ffmpeg\ffmpeg\gmp\smp\obj\debug\x64\libgmp\pow_1.obj
e:\beek_song\ffmpeg_vs\ffmpeg\ffmpeg\gmp\smp\obj\debug\x64\libgmp\scan0.obj
e:\beek_song\ffmpeg_vs\ffmpeg\ffmpeg\gmp\smp\obj\debug\x64\libgmp\sub_1.obj
e:\beek_song\ffmpeg_vs\ffmpeg\ffmpeg\gmp\smp\obj\debug\x64\libgmp\toom42_mul.obj
e:\beek_song\ffmpeg_vs\ffmpeg\ffmpeg\gmp\smp\obj\debug\x64\libgmp\toom8h_mul.obj
e:\beek_song\ffmpeg_vs\ffmpeg\ffmpeg\gmp\smp\obj\debug\x64\libgmp\toom_interpolate_6pts.obj
e:\beek_song\ffmpeg_vs\ffmpeg\ffmpeg\gmp\smp\obj\debug\x64\libgmp\md_2exp.obj
e:\beek_song\ffmpeg_vs\ffmpeg\ffmpeg\gmp\smp\obj\debug\x64\libgmp\cdiv_q_ui.obj
e:\beek_song\ffmpeg_vs\ffmpeg\ffmpeg\gmp\smp\obj\debug\x64\libgmp\cong.obj
e:\beek_song\ffmpeg_vs\ffmpeg\ffmpeg\gmp\smp\obj\debug\x64\libgmp\fdiv_r_ui.obj
e:\beek_song\ffmpeg_vs\ffmpeg\ffmpeg\gmp\smp\obj\debug\x64\libgmp\lcm.obj
e:\beek_song\ffmpeg_vs\ffmpeg\ffmpeg\gmp\smp\obj\debug\x64\libgmp\lucnum_ui.obj
e:\beek_song\ffmpeg_vs\ffmpeg\ffmpeg\gmp\smp\obj\debug\x64\libgmp\roinit_n.obj
e:\beek_song\ffmpeg_vs\ffmpeg\ffmpeg\gmp\smp\obj\debug\x64\libgmp\tdiv_q_ui.obj
e:\beek_song\ffmpeg_vs\ffmpeg\ffmpeg\gmp\smp\obj\debug\x64\libgmp\mp_bpl.obj
e:\beek_song\ffmpeg_vs\ffmpeg\ffmpeg\gmp\smp\obj\debug\x64\libgmp\doprntf.obj
e:\beek_song\ffmpeg_vs\ffmpeg\ffmpeg\gmp\smp\obj\debug\x64\libgmp\randclr.obj
e:\beek_song\ffmpeg_vs\ffmpeg\ffmpeg\gmp\smp\obj\debug\x64\libgmp\fscanf.obj
e:\beek_song\ffmpeg_vs\ffmpeg\ffmpeg\gmp\smp\obj\debug\x64\libgmp\sec_add_1.obj
e:\beek_song\ffmpeg_vs\ffmpeg\ffmpeg\gmp\smp\obj\debug\x64\libgmp\assert.obj
e:\beek_song\ffmpeg_vs\ffmpeg\ffmpeg\gmp\smp\obj\debug\x64\libgmp\dcpi1_bdiv_q.obj
e:\beek_song\ffmpeg_vs\ffmpeg\ffmpeg\gmp\smp\obj\debug\x64\libgmp\div_qr_1u_pi2.obj
e:\beek_song\ffmpeg_vs\ffmpeg\ffmpeg\gmp\smp\obj\debug\x64\libgmp\hgcd.obj
e:\beek_song\ffmpeg_vs\ffmpeg\ffmpeg\gmp\smp\obj\debug\x64\libgmp\jacobi.obj
e:\beek_song\ffmpeg_vs\ffmpeg\ffmpeg\gmp\smp\obj\debug\x64\libgmp\mu_bdiv_qr.obj
e:\beek_song\ffmpeg_vs\ffmpeg\ffmpeg\gmp\smp\obj\debug\x64\libgmp\random2.obj
e:\beek_song\ffmpeg_vs\ffmpeg\ffmpeg\gmp\smp\obj\debug\x64\libgmp\sec_mul.obj
e:\beek_song\ffmpeg_vs\ffmpeg\ffmpeg\gmp\smp\obj\debug\x64\libgmp\sqrlo_basecase.obj
e:\beek_song\ffmpeg_vs\ffmpeg\ffmpeg\gmp\smp\obj\debug\x64\libgmp\toom33_mul.obj
e:\beek_song\ffmpeg_vs\ffmpeg\ffmpeg\gmp\smp\obj\debug\x64\libgmp\toom6h_mul.obj
e:\beek_song\ffmpeg_vs\ffmpeg\ffmpeg\gmp\smp\obj\debug\x64\libgmp\toom_interpolate_16pts.obj
e:\beek_song\ffmpeg_vs\ffmpeg\ffmpeg\gmp\smp\obj\debug\x64\libgmp\inv.obj
e:\beek_song\ffmpeg_vs\ffmpeg\ffmpeg\gmp\smp\obj\debug\x64\libgmp\bin_uiui.obj
e:\beek_song\ffmpeg_vs\ffmpeg\ffmpeg\gmp\smp\obj\debug\x64\libgmp\dive_ui.obj
e:\beek_song\ffmpeg_vs\ffmpeg\ffmpeg\gmp\smp\obj\debug\x64\libgmp\fdiv_r.obj
e:\beek_song\ffmpeg_vs\ffmpeg\ffmpeg\gmp\smp\obj\debug\x64\libgmp\kronzu.obj
e:\beek_song\ffmpeg_vs\ffmpeg\ffmpeg\gmp\smp\obj\debug\x64\libgmp\oddfac_1.obj
e:\beek_song\ffmpeg_vs\ffmpeg\ffmpeg\gmp\smp\obj\debug\x64\libgmp\stronglucas.obj
e:\beek_song\ffmpeg_vs\ffmpeg\ffmpeg\gmp\smp\obj\debug\x64\libgmp\mp_clz_tab.obj
e:\beek_song\ffmpeg_vs\ffmpeg\ffmpeg\gmp\smp\obj\debug\x64\libgmp\sprintffuns.obj
e:\beek_song\ffmpeg_vs\ffmpeg\ffmpeg\gmp\smp\obj\debug\x64\libgmp\randlc2x.obj
e:\beek_song\ffmpeg_vs\ffmpeg\ffmpeg\gmp\smp\obj\debug\x64\libgmp\sscanffuns.obj
e:\beek_song\ffmpeg_vs\ffmpeg\ffmpeg\gmp\smp\obj\debug\x64\libgmp\fib_table.obj
e:\beek_song\ffmpeg_vs\ffmpeg\ffmpeg\gmp\smp\obj\debug\x64\libgmp\add_n_sub_n.obj
e:\beek_song\ffmpeg_vs\ffmpeg\ffmpeg\gmp\smp\obj\debug\x64\libgmp\compute_powtab.obj
e:\beek_song\ffmpeg_vs\ffmpeg\ffmpeg\gmp\smp\obj\debug\x64\libgmp\div_qr_1n_pi2.obj
e:\beek_song\ffmpeg_vs\ffmpeg\ffmpeg\gmp\smp\obj\debug\x64\libgmp\gcd_subdiv_step.obj
e:\beek_song\ffmpeg_vs\ffmpeg\ffmpeg\gmp\smp\obj\debug\x64\libgmp\matrix22_mul.obj
e:\beek_song\ffmpeg_vs\ffmpeg\ffmpeg\gmp\smp\obj\debug\x64\libgmp\mu_divappr_q.obj
e:\beek_song\ffmpeg_vs\ffmpeg\ffmpeg\gmp\smp\obj\debug\x64\libgmp\redc_2.obj
e:\beek_song\ffmpeg_vs\ffmpeg\ffmpeg\gmp\smp\obj\debug\x64\libgmp\sbpi1_bdiv_r.obj
e:\beek_song\ffmpeg_vs\ffmpeg\ffmpeg\gmp\smp\obj\debug\x64\libgmp\sqrlo.obj
e:\beek_song\ffmpeg_vs\ffmpeg\ffmpeg\gmp\smp\obj\debug\x64\libgmp\toom32_mul.obj
e:\beek_song\ffmpeg_vs\ffmpeg\ffmpeg\gmp\smp\obj\debug\x64\libgmp\toom62_mul.obj
e:\beek_song\ffmpeg_vs\ffmpeg\ffmpeg\gmp\smp\obj\debug\x64\libgmp\toom_interpolate_12pts.obj
e:\beek_song\ffmpeg_vs\ffmpeg\ffmpeg\gmp\smp\obj\debug\x64\libgmp\get_den.obj
e:\beek_song\ffmpeg_vs\ffmpeg\ffmpeg\gmp\smp\obj\debug\x64\libgmp\array_init.obj
e:\beek_song\ffmpeg_vs\ffmpeg\ffmpeg\gmp\smp\obj\debug\x64\libgmp\clrbit.obj
e:\beek_song\ffmpeg_vs\ffmpeg\ffmpeg\gmp\smp\obj\debug\x64\libgmp\export.obj
e:\beek_song\ffmpeg_vs\ffmpeg\ffmpeg\gmp\smp\obj\debug\x64\libgmp\kronzs.obj
e:\beek_song\ffmpeg_vs\ffmpeg\ffmpeg\gmp\smp\obj\debug\x64\libgmp\mod.obj
e:\beek_song\ffmpeg_vs\ffmpeg\ffmpeg\gmp\smp\obj\debug\x64\libgmp\realloc.obj
e:\beek_song\ffmpeg_vs\ffmpeg\ffmpeg\gmp\smp\obj\debug\x64\libgmp\tdiv_r_ui.obj
e:\beek_song\ffmpeg_vs\ffmpeg\ffmpeg\gmp\smp\obj\debug\x64\libgmp\mp_minv_tab.obj
e:\beek_song\ffmpeg_vs\ffmpeg\ffmpeg\gmp\smp\obj\debug\x64\libgmp\snprntffuns.obj
e:\beek_song\ffmpeg_vs\ffmpeg\ffmpeg\gmp\smp\obj\debug\x64\libgmp\randlc2s.obj
e:\beek_song\ffmpeg_vs\ffmpeg\ffmpeg\gmp\smp\obj\debug\x64\libgmp\sscanf.obj
e:\beek_song\ffmpeg_vs\ffmpeg\ffmpeg\gmp\smp\obj\debug\x64\libgmp\sec_pi1_div_r.obj
e:\beek_song\ffmpeg_vs\ffmpeg\ffmpeg\gmp\smp\obj\debug\x64\libgmp\invalid.obj
e:\beek_song\ffmpeg_vs\ffmpeg\ffmpeg\gmp\smp\obj\debug\x64\libgmp\dcpi1_bdiv_qr.obj
e:\beek_song\ffmpeg_vs\ffmpeg\ffmpeg\gmp\smp\obj\debug\x64\libgmp\div_qr_2.obj
e:\beek_song\ffmpeg_vs\ffmpeg\ffmpeg\gmp\smp\obj\debug\x64\libgmp\hgcd2.obj
e:\beek_song\ffmpeg_vs\ffmpeg\ffmpeg\gmp\smp\obj\debug\x64\libgmp\jacobi_2.obj
e:\beek_song\ffmpeg_vs\ffmpeg\ffmpeg\gmp\smp\obj\debug\x64\libgmp\mul_fft.obj
e:\beek_song\ffmpeg_vs\ffmpeg\ffmpeg\gmp\smp\obj\debug\x64\libgmp\powm.obj
e:\beek_song\ffmpeg_vs\ffmpeg\ffmpeg\gmp\smp\obj\debug\x64\libgmp\sec_sqr.obj
e:\beek_song\ffmpeg_vs\ffmpeg\ffmpeg\gmp\smp\obj\debug\x64\libgmp\sqrtrem.obj
e:\beek_song\ffmpeg_vs\ffmpeg\ffmpeg\gmp\smp\obj\debug\x64\libgmp\toom53_mul.obj
e:\beek_song\ffmpeg_vs\ffmpeg\ffmpeg\gmp\smp\obj\debug\x64\libgmp\toom_eval_pm2exp.obj
e:\beek_song\ffmpeg_vs\ffmpeg\ffmpeg\gmp\smp\obj\debug\x64\libgmp\canonicalize.obj
e:\beek_song\ffmpeg_vs\ffmpeg\ffmpeg\gmp\smp\obj\debug\x64\libgmp\aorsmul.obj
e:\beek_song\ffmpeg_vs\ffmpeg\ffmpeg\gmp\smp\obj\debug\x64\libgmp\cfdiv_q_2exp.obj
e:\beek_song\ffmpeg_vs\ffmpeg\ffmpeg\gmp\smp\obj\debug\x64\libgmp\divis_2exp.obj
e:\beek_song\ffmpeg_vs\ffmpeg\ffmpeg\gmp\smp\obj\debug\x64\libgmp\fib_ui.obj
e:\beek_song\ffmpeg_vs\ffmpeg\ffmpeg\gmp\smp\obj\debug\x64\libgmp\lucmod.obj
e:\beek_song\ffmpeg_vs\ffmpeg\ffmpeg\gmp\smp\obj\debug\x64\libgmp\pprime_p.obj
e:\beek_song\ffmpeg_vs\ffmpeg\ffmpeg\gmp\smp\obj\debug\x64\libgmp\tdiv_r.obj
e:\beek_song\ffmpeg_vs\ffmpeg\ffmpeg\gmp\smp\obj\debug\x64\libgmp\asprintf.obj
e:\beek_song\ffmpeg_vs\ffmpeg\ffmpeg\gmp\smp\obj\debug\x64\libgmp\printffuns.obj
e:\beek_song\ffmpeg_vs\ffmpeg\ffmpeg\gmp\smp\obj\debug\x64\libgmp\randbui.obj
e:\beek_song\ffmpeg_vs\ffmpeg\ffmpeg\gmp\smp\obj\debug\x64\libgmp\randsdui.obj
e:\beek_song\ffmpeg_vs\ffmpeg\ffmpeg\gmp\smp\obj\debug\x64\libgmp\version.obj
e:\beek_song\ffmpeg_vs\ffmpeg\ffmpeg\gmp\smp\obj\debug\x64\libgmp\add_err3_n.obj
e:\beek_song\ffmpeg_vs\ffmpeg\ffmpeg\gmp\smp\obj\debug\x64\libgmp\cnd_swap.obj
e:\beek_song\ffmpeg_vs\ffmpeg\ffmpeg\gmp\smp\obj\debug\x64\libgmp\div_q.obj
e:\beek_song\ffmpeg_vs\ffmpeg\ffmpeg\gmp\smp\obj\debug\x64\libgmp\gcd_1.obj
e:\beek_song\ffmpeg_vs\ffmpeg\ffmpeg\gmp\smp\obj\debug\x64\libgmp\invertappr.obj
e:\beek_song\ffmpeg_vs\ffmpeg\ffmpeg\gmp\smp\obj\debug\x64\libgmp\mul_n.obj
e:\beek_song\ffmpeg_vs\ffmpeg\ffmpeg\gmp\smp\obj\debug\x64\libgmp\random.obj
e:\beek_song\ffmpeg_vs\ffmpeg\ffmpeg\gmp\smp\obj\debug\x64\libgmp\scan1.obj
e:\beek_song\ffmpeg_vs\ffmpeg\ffmpeg\gmp\smp\obj\debug\x64\libgmp\sub_err3_n.obj
e:\beek_song\ffmpeg_vs\ffmpeg\ffmpeg\gmp\smp\obj\debug\x64\libgmp\toom4_sqr.obj
e:\beek_song\ffmpeg_vs\ffmpeg\ffmpeg\gmp\smp\obj\debug\x64\libgmp\toom_eval_dgr3_pm2.obj
e:\beek_song\ffmpeg_vs\ffmpeg\ffmpeg\gmp\smp\obj\debug\x64\libgmp\zero.obj
e:\beek_song\ffmpeg_vs\ffmpeg\ffmpeg\gmp\smp\obj\debug\x64\libgmp\set_num.obj
e:\beek_song\ffmpeg_vs\ffmpeg\ffmpeg\gmp\smp\obj\debug\x64\libgmp\cdiv_qr_ui.obj
e:\beek_song\ffmpeg_vs\ffmpeg\ffmpeg\gmp\smp\obj\debug\x64\libgmp\combit.obj
e:\beek_song\ffmpeg_vs\ffmpeg\ffmpeg\gmp\smp\obj\debug\x64\libgmp\fdiv_qr_ui.obj
e:\beek_song\ffmpeg_vs\ffmpeg\ffmpeg\gmp\smp\obj\debug\x64\libgmp\ior.obj
e:\beek_song\ffmpeg_vs\ffmpeg\ffmpeg\gmp\smp\obj\debug\x64\libgmp\limbs_read.obj
e:\beek_song\ffmpeg_vs\ffmpeg\ffmpeg\gmp\smp\obj\debug\x64\libgmp\powm_sec.obj
e:\beek_song\ffmpeg_vs\ffmpeg\ffmpeg\gmp\smp\obj\debug\x64\libgmp\rrandomb.obj
e:\beek_song\ffmpeg_vs\ffmpeg\ffmpeg\gmp\smp\obj\debug\x64\libgmp\ui_pow_ui.obj
e:\beek_song\ffmpeg_vs\ffmpeg\ffmpeg\gmp\smp\obj\debug\x64\libgmp\primesieve.obj
e:\beek_song\ffmpeg_vs\ffmpeg\ffmpeg\gmp\smp\obj\debug\x64\libgmp\repl-vsnprintf.obj
e:\beek_song\ffmpeg_vs\ffmpeg\ffmpeg\gmp\smp\obj\debug\x64\libgmp\randiset.obj
e:\beek_song\ffmpeg_vs\ffmpeg\ffmpeg\gmp\smp\obj\debug\x64\libgmp\scanf.obj
e:\beek_song\ffmpeg_vs\ffmpeg\ffmpeg\gmp\smp\obj\debug\x64\libgmp\sec_pi1_div_qr.obj
e:\beek_song\ffmpeg_vs\ffmpeg\ffmpeg\gmp\smp\obj\debug\x64\libgmp\add_err2_n.obj
e:\beek_song\ffmpeg_vs\ffmpeg\ffmpeg\gmp\smp\obj\debug\x64\libgmp\bsqrtinv.obj
e:\beek_song\ffmpeg_vs\ffmpeg\ffmpeg\gmp\smp\obj\debug\x64\libgmp\divrem.obj
e:\beek_song\ffmpeg_vs\ffmpeg\ffmpeg\gmp\smp\obj\debug\x64\libgmp\gcdext_lehmer.obj
e:\beek_song\ffmpeg_vs\ffmpeg\ffmpeg\gmp\smp\obj\debug\x64\libgmp\invert.obj
e:\beek_song\ffmpeg_vs\ffmpeg\ffmpeg\gmp\smp\obj\debug\x64\libgmp\mulmid_n.obj
e:\beek_song\ffmpeg_vs\ffmpeg\ffmpeg\gmp\smp\obj\debug\x64\libgmp\perfsqr.obj
e:\beek_song\ffmpeg_vs\ffmpeg\ffmpeg\gmp\smp\obj\debug\x64\libgmp\sbpi1_bdiv_qr.obj
e:\beek_song\ffmpeg_vs\ffmpeg\ffmpeg\gmp\smp\obj\debug\x64\libgmp\sqr.obj
e:\beek_song\ffmpeg_vs\ffmpeg\ffmpeg\gmp\smp\obj\debug\x64\libgmp\toom2_sqr.obj
e:\beek_song\ffmpeg_vs\ffmpeg\ffmpeg\gmp\smp\obj\debug\x64\libgmp\toom54_mul.obj
e:\beek_song\ffmpeg_vs\ffmpeg\ffmpeg\gmp\smp\obj\debug\x64\libgmp\toom_eval_pm2.obj
e:\beek_song\ffmpeg_vs\ffmpeg\ffmpeg\gmp\smp\obj\debug\x64\libgmp\aors.obj
e:\beek_song\ffmpeg_vs\ffmpeg\ffmpeg\gmp\smp\obj\debug\x64\libgmp\aorsmul_i.obj
e:\beek_song\ffmpeg_vs\ffmpeg\ffmpeg\gmp\smp\obj\debug\x64\libgmp\cfdiv_r_2exp.obj
e:\beek_song\ffmpeg_vs\ffmpeg\ffmpeg\gmp\smp\obj\debug\x64\libgmp\divis_ui.obj
e:\beek_song\ffmpeg_vs\ffmpeg\ffmpeg\gmp\smp\obj\debug\x64\libgmp\kronsz.obj
e:\beek_song\ffmpeg_vs\ffmpeg\ffmpeg\gmp\smp\obj\debug\x64\libgmp\mfac_uiui.obj
e:\beek_song\ffmpeg_vs\ffmpeg\ffmpeg\gmp\smp\obj\debug\x64\libgmp\prodlimbs.obj
e:\beek_song\ffmpeg_vs\ffmpeg\ffmpeg\gmp\smp\obj\debug\x64\libgmp\tdiv_q_2exp.obj
e:\beek_song\ffmpeg_vs\ffmpeg\ffmpeg\gmp\smp\obj\debug\x64\libgmp\xor.obj
e:\beek_song\ffmpeg_vs\ffmpeg\ffmpeg\gmp\smp\obj\debug\x64\libgmp\doprnt.obj
e:\beek_song\ffmpeg_vs\ffmpeg\ffmpeg\gmp\smp\obj\debug\x64\libgmp\vprintf.obj
e:\beek_song\ffmpeg_vs\ffmpeg\ffmpeg\gmp\smp\obj\debug\x64\libgmp\randmui.obj
e:\beek_song\ffmpeg_vs\ffmpeg\ffmpeg\gmp\smp\obj\debug\x64\libgmp\sec_div_qr.obj
e:\beek_song\ffmpeg_vs\ffmpeg\ffmpeg\gmp\smp\obj\debug\x64\libgmp\ismpz.obj
e:\beek_song\ffmpeg_vs\ffmpeg\ffmpeg\gmp\smp\obj\debug\x64\libgmp\isfuns.obj
e:\beek_song\ffmpeg_vs\ffmpeg\ffmpeg\gmp\smp\obj\debug\x64\libgmp\limits.obj
e:\beek_song\ffmpeg_vs\ffmpeg\ffmpeg\gmp\smp\obj\debug\x64\libgmp\osfuns.obj
e:\beek_song\ffmpeg_vs\ffmpeg\ffmpeg\gmp\smp\obj\debug\x64\libgmp\ismpf.obj
e:\beek_song\ffmpeg_vs\ffmpeg\ffmpeg\gmp\smp\obj\debug\x64\libgmp\ismpq.obj
e:\beek_song\ffmpeg_vs\ffmpeg\ffmpeg\gmp\smp\obj\debug\x64\libgmp\osmpf.obj
e:\beek_song\ffmpeg_vs\ffmpeg\ffmpeg\gmp\smp\obj\debug\x64\libgmp\osdoprnti.obj
e:\beek_song\ffmpeg_vs\ffmpeg\ffmpeg\gmp\smp\obj\debug\x64\libgmp\ismpznw.obj
e:\beek_song\ffmpeg_vs\ffmpeg\ffmpeg\gmp\smp\obj\debug\x64\libgmp\osmpq.obj
e:\beek_song\ffmpeg_vs\ffmpeg\ffmpeg\gmp\smp\obj\debug\x64\libgmp\osmpz.obj
e:\beek_song\ffmpeg_vs\ffmpeg\ffmpeg\gmp\smp\obj\debug\x64\libgmp\mpf_add.obj
e:\beek_song\ffmpeg_vs\ffmpeg\ffmpeg\gmp\smp\obj\debug\x64\libgmp\mpf_add_ui.obj
e:\beek_song\ffmpeg_vs\ffmpeg\ffmpeg\gmp\smp\obj\debug\x64\libgmp\mpf_ceilfloor.obj
e:\beek_song\ffmpeg_vs\ffmpeg\ffmpeg\gmp\smp\obj\debug\x64\libgmp\mpf_clear.obj
e:\beek_song\ffmpeg_vs\ffmpeg\ffmpeg\gmp\smp\obj\debug\x64\libgmp\mpf_clears.obj
e:\beek_song\ffmpeg_vs\ffmpeg\ffmpeg\gmp\smp\obj\debug\x64\libgmp\mpf_cmp.obj
e:\beek_song\ffmpeg_vs\ffmpeg\ffmpeg\gmp\smp\obj\debug\x64\libgmp\mpf_cmp_d.obj
e:\beek_song\ffmpeg_vs\ffmpeg\ffmpeg\gmp\smp\obj\debug\x64\libgmp\mpf_cmp_si.obj
e:\beek_song\ffmpeg_vs\ffmpeg\ffmpeg\gmp\smp\obj\debug\x64\libgmp\mpf_cmp_ui.obj
e:\beek_song\ffmpeg_vs\ffmpeg\ffmpeg\gmp\smp\obj\debug\x64\libgmp\mpf_div.obj
e:\beek_song\ffmpeg_vs\ffmpeg\ffmpeg\gmp\smp\obj\debug\x64\libgmp\mpf_div_2exp.obj
e:\beek_song\ffmpeg_vs\ffmpeg\ffmpeg\gmp\smp\obj\debug\x64\libgmp\mpf_div_ui.obj
e:\beek_song\ffmpeg_vs\ffmpeg\ffmpeg\gmp\smp\obj\debug\x64\libgmp\mpf_dump.obj
e:\beek_song\ffmpeg_vs\ffmpeg\ffmpeg\gmp\smp\obj\debug\x64\libgmp\mpf_eq.obj
e:\beek_song\ffmpeg_vs\ffmpeg\ffmpeg\gmp\smp\obj\debug\x64\libgmp\mpf_fits_sint.obj
e:\beek_song\ffmpeg_vs\ffmpeg\ffmpeg\gmp\smp\obj\debug\x64\libgmp\mpf_fits_slong.obj
e:\beek_song\ffmpeg_vs\ffmpeg\ffmpeg\gmp\smp\obj\debug\x64\libgmp\mpf_fits_sshort.obj
e:\beek_song\ffmpeg_vs\ffmpeg\ffmpeg\gmp\smp\obj\debug\x64\libgmp\mpf_fits_uint.obj
e:\beek_song\ffmpeg_vs\ffmpeg\ffmpeg\gmp\smp\obj\debug\x64\libgmp\mpf_fits_ulong.obj
e:\beek_song\ffmpeg_vs\ffmpeg\ffmpeg\gmp\smp\obj\debug\x64\libgmp\mpf_fits_ushort.obj
e:\beek_song\ffmpeg_vs\ffmpeg\ffmpeg\gmp\smp\obj\debug\x64\libgmp\mpf_get_d.obj
e:\beek_song\ffmpeg_vs\ffmpeg\ffmpeg\gmp\smp\obj\debug\x64\libgmp\mpf_get_dfl_prec.obj
e:\beek_song\ffmpeg_vs\ffmpeg\ffmpeg\gmp\smp\obj\debug\x64\libgmp\mpf_get_d_2exp.obj
e:\beek_song\ffmpeg_vs\ffmpeg\ffmpeg\gmp\smp\obj\debug\x64\libgmp\mpf_get_prc.obj
e:\beek_song\ffmpeg_vs\ffmpeg\ffmpeg\gmp\smp\obj\debug\x64\libgmp\mpf_get_si.obj
e:\beek_song\ffmpeg_vs\ffmpeg\ffmpeg\gmp\smp\obj\debug\x64\libgmp\mpf_get_str.obj
e:\beek_song\ffmpeg_vs\ffmpeg\ffmpeg\gmp\smp\obj\debug\x64\libgmp\mpf_get_ui.obj
e:\beek_song\ffmpeg_vs\ffmpeg\ffmpeg\gmp\smp\obj\debug\x64\libgmp\mpf_init.obj
e:\beek_song\ffmpeg_vs\ffmpeg\ffmpeg\gmp\smp\obj\debug\x64\libgmp\mpf_init2.obj
e:\beek_song\ffmpeg_vs\ffmpeg\ffmpeg\gmp\smp\obj\debug\x64\libgmp\mpf_inits.obj
e:\beek_song\ffmpeg_vs\ffmpeg\ffmpeg\gmp\smp\obj\debug\x64\libgmp\mpf_inp_str.obj
e:\beek_song\ffmpeg_vs\ffmpeg\ffmpeg\gmp\smp\obj\debug\x64\libgmp\mpf_int_p.obj
e:\beek_song\ffmpeg_vs\ffmpeg\ffmpeg\gmp\smp\obj\debug\x64\libgmp\mpf_iset.obj
e:\beek_song\ffmpeg_vs\ffmpeg\ffmpeg\gmp\smp\obj\debug\x64\libgmp\mpf_iset_d.obj
e:\beek_song\ffmpeg_vs\ffmpeg\ffmpeg\gmp\smp\obj\debug\x64\libgmp\mpf_iset_si.obj
e:\beek_song\ffmpeg_vs\ffmpeg\ffmpeg\gmp\smp\obj\debug\x64\libgmp\mpf_iset_str.obj
e:\beek_song\ffmpeg_vs\ffmpeg\ffmpeg\gmp\smp\obj\debug\x64\libgmp\mpf_iset_ui.obj
e:\beek_song\ffmpeg_vs\ffmpeg\ffmpeg\gmp\smp\obj\debug\x64\libgmp\mpf_mul.obj
e:\beek_song\ffmpeg_vs\ffmpeg\ffmpeg\gmp\smp\obj\debug\x64\libgmp\mpf_mul_2exp.obj
e:\beek_song\ffmpeg_vs\ffmpeg\ffmpeg\gmp\smp\obj\debug\x64\libgmp\mpf_mul_ui.obj
e:\beek_song\ffmpeg_vs\ffmpeg\ffmpeg\gmp\smp\obj\debug\x64\libgmp\mpf_neg.obj
e:\beek_song\ffmpeg_vs\ffmpeg\ffmpeg\gmp\smp\obj\debug\x64\libgmp\mpf_out_str.obj
e:\beek_song\ffmpeg_vs\ffmpeg\ffmpeg\gmp\smp\obj\debug\x64\libgmp\mpf_pow_ui.obj
e:\beek_song\ffmpeg_vs\ffmpeg\ffmpeg\gmp\smp\obj\debug\x64\libgmp\mpf_random2.obj
e:\beek_song\ffmpeg_vs\ffmpeg\ffmpeg\gmp\smp\obj\debug\x64\libgmp\mpf_reldiff.obj
e:\beek_song\ffmpeg_vs\ffmpeg\ffmpeg\gmp\smp\obj\debug\x64\libgmp\mpf_set.obj
e:\beek_song\ffmpeg_vs\ffmpeg\ffmpeg\gmp\smp\obj\debug\x64\libgmp\mpf_set_d.obj
e:\beek_song\ffmpeg_vs\ffmpeg\ffmpeg\gmp\smp\obj\debug\x64\libgmp\mpf_set_dfl_prec.obj
e:\beek_song\ffmpeg_vs\ffmpeg\ffmpeg\gmp\smp\obj\debug\x64\libgmp\mpf_set_prc.obj
e:\beek_song\ffmpeg_vs\ffmpeg\ffmpeg\gmp\smp\obj\debug\x64\libgmp\mpf_set_prc_raw.obj
e:\beek_song\ffmpeg_vs\ffmpeg\ffmpeg\gmp\smp\obj\debug\x64\libgmp\mpf_set_q.obj
e:\beek_song\ffmpeg_vs\ffmpeg\ffmpeg\gmp\smp\obj\debug\x64\libgmp\mpf_set_si.obj
e:\beek_song\ffmpeg_vs\ffmpeg\ffmpeg\gmp\smp\obj\debug\x64\libgmp\mpf_set_str.obj
e:\beek_song\ffmpeg_vs\ffmpeg\ffmpeg\gmp\smp\obj\debug\x64\libgmp\mpf_set_ui.obj
e:\beek_song\ffmpeg_vs\ffmpeg\ffmpeg\gmp\smp\obj\debug\x64\libgmp\mpf_set_z.obj
e:\beek_song\ffmpeg_vs\ffmpeg\ffmpeg\gmp\smp\obj\debug\x64\libgmp\mpf_size.obj
e:\beek_song\ffmpeg_vs\ffmpeg\ffmpeg\gmp\smp\obj\debug\x64\libgmp\mpf_sqrt.obj
e:\beek_song\ffmpeg_vs\ffmpeg\ffmpeg\gmp\smp\obj\debug\x64\libgmp\mpf_sqrt_ui.obj
e:\beek_song\ffmpeg_vs\ffmpeg\ffmpeg\gmp\smp\obj\debug\x64\libgmp\mpf_sub.obj
e:\beek_song\ffmpeg_vs\ffmpeg\ffmpeg\gmp\smp\obj\debug\x64\libgmp\mpf_sub_ui.obj
e:\beek_song\ffmpeg_vs\ffmpeg\ffmpeg\gmp\smp\obj\debug\x64\libgmp\mpf_swap.obj
e:\beek_song\ffmpeg_vs\ffmpeg\ffmpeg\gmp\smp\obj\debug\x64\libgmp\mpf_trunc.obj
e:\beek_song\ffmpeg_vs\ffmpeg\ffmpeg\gmp\smp\obj\debug\x64\libgmp\mpf_ui_div.obj
e:\beek_song\ffmpeg_vs\ffmpeg\ffmpeg\gmp\smp\obj\debug\x64\libgmp\mpf_ui_sub.obj
e:\beek_song\ffmpeg_vs\ffmpeg\ffmpeg\gmp\smp\obj\debug\x64\libgmp\mpf_urandomb.obj
e:\beek_song\ffmpeg_vs\ffmpeg\ffmpeg\gmp\smp\obj\debug\x64\libgmp\mpn_cmp.obj
e:\beek_song\ffmpeg_vs\ffmpeg\ffmpeg\gmp\smp\obj\debug\x64\libgmp\mpn_dump.obj
e:\beek_song\ffmpeg_vs\ffmpeg\ffmpeg\gmp\smp\obj\debug\x64\libgmp\mpn_get_d.obj
e:\beek_song\ffmpeg_vs\ffmpeg\ffmpeg\gmp\smp\obj\debug\x64\libgmp\mpn_get_str.obj
e:\beek_song\ffmpeg_vs\ffmpeg\ffmpeg\gmp\smp\obj\debug\x64\libgmp\mpn_mul.obj
e:\beek_song\ffmpeg_vs\ffmpeg\ffmpeg\gmp\smp\obj\debug\x64\libgmp\mpn_neg.obj
e:\beek_song\ffmpeg_vs\ffmpeg\ffmpeg\gmp\smp\obj\debug\x64\libgmp\mpn_set_str.obj
e:\beek_song\ffmpeg_vs\ffmpeg\ffmpeg\gmp\smp\obj\debug\x64\libgmp\mpn_sub.obj
e:\beek_song\ffmpeg_vs\ffmpeg\ffmpeg\gmp\smp\obj\debug\x64\libgmp\mpq_abs.obj
e:\beek_song\ffmpeg_vs\ffmpeg\ffmpeg\gmp\smp\obj\debug\x64\libgmp\mpq_clear.obj
e:\beek_song\ffmpeg_vs\ffmpeg\ffmpeg\gmp\smp\obj\debug\x64\libgmp\mpq_clears.obj
e:\beek_song\ffmpeg_vs\ffmpeg\ffmpeg\gmp\smp\obj\debug\x64\libgmp\mpq_cmp.obj
e:\beek_song\ffmpeg_vs\ffmpeg\ffmpeg\gmp\smp\obj\debug\x64\libgmp\mpq_cmp_si.obj
e:\beek_song\ffmpeg_vs\ffmpeg\ffmpeg\gmp\smp\obj\debug\x64\libgmp\mpq_cmp_ui.obj
e:\beek_song\ffmpeg_vs\ffmpeg\ffmpeg\gmp\smp\obj\debug\x64\libgmp\mpq_div.obj
e:\beek_song\ffmpeg_vs\ffmpeg\ffmpeg\gmp\smp\obj\debug\x64\libgmp\mpq_get_d.obj
e:\beek_song\ffmpeg_vs\ffmpeg\ffmpeg\gmp\smp\obj\debug\x64\libgmp\mpq_get_str.obj
e:\beek_song\ffmpeg_vs\ffmpeg\ffmpeg\gmp\smp\obj\debug\x64\libgmp\mpq_init.obj
e:\beek_song\ffmpeg_vs\ffmpeg\ffmpeg\gmp\smp\obj\debug\x64\libgmp\mpq_inits.obj
e:\beek_song\ffmpeg_vs\ffmpeg\ffmpeg\gmp\smp\obj\debug\x64\libgmp\mpq_inp_str.obj
e:\beek_song\ffmpeg_vs\ffmpeg\ffmpeg\gmp\smp\obj\debug\x64\libgmp\mpq_mul.obj
e:\beek_song\ffmpeg_vs\ffmpeg\ffmpeg\gmp\smp\obj\debug\x64\libgmp\mpq_neg.obj
e:\beek_song\ffmpeg_vs\ffmpeg\ffmpeg\gmp\smp\obj\debug\x64\libgmp\mpq_out_str.obj
e:\beek_song\ffmpeg_vs\ffmpeg\ffmpeg\gmp\smp\obj\debug\x64\libgmp\mpq_set.obj
e:\beek_song\ffmpeg_vs\ffmpeg\ffmpeg\gmp\smp\obj\debug\x64\libgmp\mpq_set_d.obj
e:\beek_song\ffmpeg_vs\ffmpeg\ffmpeg\gmp\smp\obj\debug\x64\libgmp\mpq_set_si.obj
e:\beek_song\ffmpeg_vs\ffmpeg\ffmpeg\gmp\smp\obj\debug\x64\libgmp\mpq_set_str.obj
e:\beek_song\ffmpeg_vs\ffmpeg\ffmpeg\gmp\smp\obj\debug\x64\libgmp\mpq_set_ui.obj
e:\beek_song\ffmpeg_vs\ffmpeg\ffmpeg\gmp\smp\obj\debug\x64\libgmp\mpq_set_z.obj
e:\beek_song\ffmpeg_vs\ffmpeg\ffmpeg\gmp\smp\obj\debug\x64\libgmp\mpq_swap.obj
e:\beek_song\ffmpeg_vs\ffmpeg\ffmpeg\gmp\smp\obj\debug\x64\libgmp\mpz_abs.obj
e:\beek_song\ffmpeg_vs\ffmpeg\ffmpeg\gmp\smp\obj\debug\x64\libgmp\mpz_add.obj
e:\beek_song\ffmpeg_vs\ffmpeg\ffmpeg\gmp\smp\obj\debug\x64\libgmp\mpz_add_ui.obj
e:\beek_song\ffmpeg_vs\ffmpeg\ffmpeg\gmp\smp\obj\debug\x64\libgmp\mpz_clear.obj
e:\beek_song\ffmpeg_vs\ffmpeg\ffmpeg\gmp\smp\obj\debug\x64\libgmp\mpz_clears.obj
e:\beek_song\ffmpeg_vs\ffmpeg\ffmpeg\gmp\smp\obj\debug\x64\libgmp\mpz_cmp.obj
e:\beek_song\ffmpeg_vs\ffmpeg\ffmpeg\gmp\smp\obj\debug\x64\libgmp\mpz_cmp_d.obj
e:\beek_song\ffmpeg_vs\ffmpeg\ffmpeg\gmp\smp\obj\debug\x64\libgmp\mpz_cmp_si.obj
e:\beek_song\ffmpeg_vs\ffmpeg\ffmpeg\gmp\smp\obj\debug\x64\libgmp\mpz_cmp_ui.obj
e:\beek_song\ffmpeg_vs\ffmpeg\ffmpeg\gmp\smp\obj\debug\x64\libgmp\mpz_com.obj
e:\beek_song\ffmpeg_vs\ffmpeg\ffmpeg\gmp\smp\obj\debug\x64\libgmp\mpz_divexact.obj
e:\beek_song\ffmpeg_vs\ffmpeg\ffmpeg\gmp\smp\obj\debug\x64\libgmp\mpz_divis.obj
e:\beek_song\ffmpeg_vs\ffmpeg\ffmpeg\gmp\smp\obj\debug\x64\libgmp\mpz_dump.obj
e:\beek_song\ffmpeg_vs\ffmpeg\ffmpeg\gmp\smp\obj\debug\x64\libgmp\mpz_fib2_ui.obj
e:\beek_song\ffmpeg_vs\ffmpeg\ffmpeg\gmp\smp\obj\debug\x64\libgmp\mpz_fits_sint.obj
e:\beek_song\ffmpeg_vs\ffmpeg\ffmpeg\gmp\smp\obj\debug\x64\libgmp\mpz_fits_slong.obj
e:\beek_song\ffmpeg_vs\ffmpeg\ffmpeg\gmp\smp\obj\debug\x64\libgmp\mpz_fits_sshort.obj
e:\beek_song\ffmpeg_vs\ffmpeg\ffmpeg\gmp\smp\obj\debug\x64\libgmp\mpz_fits_uint.obj
e:\beek_song\ffmpeg_vs\ffmpeg\ffmpeg\gmp\smp\obj\debug\x64\libgmp\mpz_fits_ulong.obj
e:\beek_song\ffmpeg_vs\ffmpeg\ffmpeg\gmp\smp\obj\debug\x64\libgmp\mpz_fits_ushort.obj
e:\beek_song\ffmpeg_vs\ffmpeg\ffmpeg\gmp\smp\obj\debug\x64\libgmp\mpz_gcd.obj
e:\beek_song\ffmpeg_vs\ffmpeg\ffmpeg\gmp\smp\obj\debug\x64\libgmp\mpz_gcdext.obj
e:\beek_song\ffmpeg_vs\ffmpeg\ffmpeg\gmp\smp\obj\debug\x64\libgmp\mpz_get_d.obj
e:\beek_song\ffmpeg_vs\ffmpeg\ffmpeg\gmp\smp\obj\debug\x64\libgmp\mpz_get_d_2exp.obj
e:\beek_song\ffmpeg_vs\ffmpeg\ffmpeg\gmp\smp\obj\debug\x64\libgmp\mpz_get_si.obj
e:\beek_song\ffmpeg_vs\ffmpeg\ffmpeg\gmp\smp\obj\debug\x64\libgmp\mpz_get_str.obj
e:\beek_song\ffmpeg_vs\ffmpeg\ffmpeg\gmp\smp\obj\debug\x64\libgmp\mpz_get_ui.obj
e:\beek_song\ffmpeg_vs\ffmpeg\ffmpeg\gmp\smp\obj\debug\x64\libgmp\mpz_hamdist.obj
e:\beek_song\ffmpeg_vs\ffmpeg\ffmpeg\gmp\smp\obj\debug\x64\libgmp\mpz_init.obj
e:\beek_song\ffmpeg_vs\ffmpeg\ffmpeg\gmp\smp\obj\debug\x64\libgmp\mpz_init2.obj
e:\beek_song\ffmpeg_vs\ffmpeg\ffmpeg\gmp\smp\obj\debug\x64\libgmp\mpz_inits.obj
e:\beek_song\ffmpeg_vs\ffmpeg\ffmpeg\gmp\smp\obj\debug\x64\libgmp\mpz_inp_str.obj
e:\beek_song\ffmpeg_vs\ffmpeg\ffmpeg\gmp\smp\obj\debug\x64\libgmp\mpz_invert.obj
e:\beek_song\ffmpeg_vs\ffmpeg\ffmpeg\gmp\smp\obj\debug\x64\libgmp\mpz_iset.obj
e:\beek_song\ffmpeg_vs\ffmpeg\ffmpeg\gmp\smp\obj\debug\x64\libgmp\mpz_iset_d.obj
e:\beek_song\ffmpeg_vs\ffmpeg\ffmpeg\gmp\smp\obj\debug\x64\libgmp\mpz_iset_si.obj
e:\beek_song\ffmpeg_vs\ffmpeg\ffmpeg\gmp\smp\obj\debug\x64\libgmp\mpz_iset_str.obj
e:\beek_song\ffmpeg_vs\ffmpeg\ffmpeg\gmp\smp\obj\debug\x64\libgmp\mpz_iset_ui.obj
e:\beek_song\ffmpeg_vs\ffmpeg\ffmpeg\gmp\smp\obj\debug\x64\libgmp\mpz_jacobi.obj
e:\beek_song\ffmpeg_vs\ffmpeg\ffmpeg\gmp\smp\obj\debug\x64\libgmp\mpz_mul.obj
e:\beek_song\ffmpeg_vs\ffmpeg\ffmpeg\gmp\smp\obj\debug\x64\libgmp\mpz_mul_2exp.obj
e:\beek_song\ffmpeg_vs\ffmpeg\ffmpeg\gmp\smp\obj\debug\x64\libgmp\mpz_mul_ui.obj
e:\beek_song\ffmpeg_vs\ffmpeg\ffmpeg\gmp\smp\obj\debug\x64\libgmp\mpz_neg.obj
e:\beek_song\ffmpeg_vs\ffmpeg\ffmpeg\gmp\smp\obj\debug\x64\libgmp\mpz_nextprime.obj
e:\beek_song\ffmpeg_vs\ffmpeg\ffmpeg\gmp\smp\obj\debug\x64\libgmp\mpz_out_str.obj
e:\beek_song\ffmpeg_vs\ffmpeg\ffmpeg\gmp\smp\obj\debug\x64\libgmp\mpz_perfpow.obj
e:\beek_song\ffmpeg_vs\ffmpeg\ffmpeg\gmp\smp\obj\debug\x64\libgmp\mpz_perfsqr.obj
e:\beek_song\ffmpeg_vs\ffmpeg\ffmpeg\gmp\smp\obj\debug\x64\libgmp\mpz_popcount.obj
e:\beek_song\ffmpeg_vs\ffmpeg\ffmpeg\gmp\smp\obj\debug\x64\libgmp\mpz_powm.obj
e:\beek_song\ffmpeg_vs\ffmpeg\ffmpeg\gmp\smp\obj\debug\x64\libgmp\mpz_pow_ui.obj
e:\beek_song\ffmpeg_vs\ffmpeg\ffmpeg\gmp\smp\obj\debug\x64\libgmp\mpz_random.obj
e:\beek_song\ffmpeg_vs\ffmpeg\ffmpeg\gmp\smp\obj\debug\x64\libgmp\mpz_random2.obj
e:\beek_song\ffmpeg_vs\ffmpeg\ffmpeg\gmp\smp\obj\debug\x64\libgmp\mpz_remove.obj
e:\beek_song\ffmpeg_vs\ffmpeg\ffmpeg\gmp\smp\obj\debug\x64\libgmp\mpz_rootrem.obj
e:\beek_song\ffmpeg_vs\ffmpeg\ffmpeg\gmp\smp\obj\debug\x64\libgmp\mpz_scan0.obj
e:\beek_song\ffmpeg_vs\ffmpeg\ffmpeg\gmp\smp\obj\debug\x64\libgmp\mpz_scan1.obj
e:\beek_song\ffmpeg_vs\ffmpeg\ffmpeg\gmp\smp\obj\debug\x64\libgmp\mpz_set.obj
e:\beek_song\ffmpeg_vs\ffmpeg\ffmpeg\gmp\smp\obj\debug\x64\libgmp\mpz_set_d.obj
e:\beek_song\ffmpeg_vs\ffmpeg\ffmpeg\gmp\smp\obj\debug\x64\libgmp\mpz_set_f.obj
e:\beek_song\ffmpeg_vs\ffmpeg\ffmpeg\gmp\smp\obj\debug\x64\libgmp\mpz_set_q.obj
e:\beek_song\ffmpeg_vs\ffmpeg\ffmpeg\gmp\smp\obj\debug\x64\libgmp\mpz_set_si.obj
e:\beek_song\ffmpeg_vs\ffmpeg\ffmpeg\gmp\smp\obj\debug\x64\libgmp\mpz_set_str.obj
e:\beek_song\ffmpeg_vs\ffmpeg\ffmpeg\gmp\smp\obj\debug\x64\libgmp\mpz_set_ui.obj
e:\beek_song\ffmpeg_vs\ffmpeg\ffmpeg\gmp\smp\obj\debug\x64\libgmp\mpz_size.obj
e:\beek_song\ffmpeg_vs\ffmpeg\ffmpeg\gmp\smp\obj\debug\x64\libgmp\mpz_sizeinbase.obj
e:\beek_song\ffmpeg_vs\ffmpeg\ffmpeg\gmp\smp\obj\debug\x64\libgmp\mpz_sqrt.obj
e:\beek_song\ffmpeg_vs\ffmpeg\ffmpeg\gmp\smp\obj\debug\x64\libgmp\mpz_sqrtrem.obj
e:\beek_song\ffmpeg_vs\ffmpeg\ffmpeg\gmp\smp\obj\debug\x64\libgmp\mpz_sub.obj
e:\beek_song\ffmpeg_vs\ffmpeg\ffmpeg\gmp\smp\obj\debug\x64\libgmp\mpz_sub_ui.obj
e:\beek_song\ffmpeg_vs\ffmpeg\ffmpeg\gmp\smp\obj\debug\x64\libgmp\mpz_swap.obj
e:\beek_song\ffmpeg_vs\ffmpeg\ffmpeg\gmp\smp\obj\debug\x64\libgmp\mpz_tdiv_qr.obj
e:\beek_song\ffmpeg_vs\ffmpeg\ffmpeg\gmp\smp\obj\debug\x64\libgmp\mpz_ui_sub.obj
e:\beek_song\ffmpeg_vs\ffmpeg\msvc\lib\x64\libgmpd.lib
e:\beek_song\ffmpeg_vs\ffmpeg\ffmpeg\gmp\smp\obj\debug\x64\libgmp\addlsh1_n.obj
e:\beek_song\ffmpeg_vs\ffmpeg\ffmpeg\gmp\smp\obj\debug\x64\libgmp\addlsh2_n.obj
e:\beek_song\ffmpeg_vs\ffmpeg\ffmpeg\gmp\smp\obj\debug\x64\libgmp\addlsh_n.obj
e:\beek_song\ffmpeg_vs\ffmpeg\ffmpeg\gmp\smp\obj\debug\x64\libgmp\addmul_1.obj
e:\beek_song\ffmpeg_vs\ffmpeg\ffmpeg\gmp\smp\obj\debug\x64\libgmp\addmul_2.obj
e:\beek_song\ffmpeg_vs\ffmpeg\ffmpeg\gmp\smp\obj\debug\x64\libgmp\add_n.obj
e:\beek_song\ffmpeg_vs\ffmpeg\ffmpeg\gmp\smp\obj\debug\x64\libgmp\andn_n.obj
e:\beek_song\ffmpeg_vs\ffmpeg\ffmpeg\gmp\smp\obj\debug\x64\libgmp\and_n.obj
e:\beek_song\ffmpeg_vs\ffmpeg\ffmpeg\gmp\smp\obj\debug\x64\libgmp\bdiv_dbm1.obj
e:\beek_song\ffmpeg_vs\ffmpeg\ffmpeg\gmp\smp\obj\debug\x64\libgmp\bdiv_q_1.obj
e:\beek_song\ffmpeg_vs\ffmpeg\ffmpeg\gmp\smp\obj\debug\x64\libgmp\cnd_add_n.obj
e:\beek_song\ffmpeg_vs\ffmpeg\ffmpeg\gmp\smp\obj\debug\x64\libgmp\cnd_sub_n.obj
e:\beek_song\ffmpeg_vs\ffmpeg\ffmpeg\gmp\smp\obj\debug\x64\libgmp\com.obj
e:\beek_song\ffmpeg_vs\ffmpeg\ffmpeg\gmp\smp\obj\debug\x64\libgmp\copyd.obj
e:\beek_song\ffmpeg_vs\ffmpeg\ffmpeg\gmp\smp\obj\debug\x64\libgmp\copyi.obj
e:\beek_song\ffmpeg_vs\ffmpeg\ffmpeg\gmp\smp\obj\debug\x64\libgmp\divexact_1.obj
e:\beek_song\ffmpeg_vs\ffmpeg\ffmpeg\gmp\smp\obj\debug\x64\libgmp\divrem_1.obj
e:\beek_song\ffmpeg_vs\ffmpeg\ffmpeg\gmp\smp\obj\debug\x64\libgmp\divrem_2.obj
e:\beek_song\ffmpeg_vs\ffmpeg\ffmpeg\gmp\smp\obj\debug\x64\libgmp\div_qr_1n_pi1.obj
e:\beek_song\ffmpeg_vs\ffmpeg\ffmpeg\gmp\smp\obj\debug\x64\libgmp\div_qr_2n_pi1.obj
e:\beek_song\ffmpeg_vs\ffmpeg\ffmpeg\gmp\smp\obj\debug\x64\libgmp\gcd_11.obj
e:\beek_song\ffmpeg_vs\ffmpeg\ffmpeg\gmp\smp\obj\debug\x64\libgmp\hamdist.obj
e:\beek_song\ffmpeg_vs\ffmpeg\ffmpeg\gmp\smp\obj\debug\x64\libgmp\invert_limb.obj
e:\beek_song\ffmpeg_vs\ffmpeg\ffmpeg\gmp\smp\obj\debug\x64\libgmp\invert_limb_table.obj
e:\beek_song\ffmpeg_vs\ffmpeg\ffmpeg\gmp\smp\obj\debug\x64\libgmp\iorn_n.obj
e:\beek_song\ffmpeg_vs\ffmpeg\ffmpeg\gmp\smp\obj\debug\x64\libgmp\ior_n.obj
e:\beek_song\ffmpeg_vs\ffmpeg\ffmpeg\gmp\smp\obj\debug\x64\libgmp\lshift.obj
e:\beek_song\ffmpeg_vs\ffmpeg\ffmpeg\gmp\smp\obj\debug\x64\libgmp\lshiftc.obj
e:\beek_song\ffmpeg_vs\ffmpeg\ffmpeg\gmp\smp\obj\debug\x64\libgmp\lshsub_n.obj
e:\beek_song\ffmpeg_vs\ffmpeg\ffmpeg\gmp\smp\obj\debug\x64\libgmp\modexact_1_odd.obj
e:\beek_song\ffmpeg_vs\ffmpeg\ffmpeg\gmp\smp\obj\debug\x64\libgmp\mod_1s_2p.obj
e:\beek_song\ffmpeg_vs\ffmpeg\ffmpeg\gmp\smp\obj\debug\x64\libgmp\mod_1s_4p.obj
e:\beek_song\ffmpeg_vs\ffmpeg\ffmpeg\gmp\smp\obj\debug\x64\libgmp\mod_1_1p.obj
e:\beek_song\ffmpeg_vs\ffmpeg\ffmpeg\gmp\smp\obj\debug\x64\libgmp\mod_34lsub1.obj
e:\beek_song\ffmpeg_vs\ffmpeg\ffmpeg\gmp\smp\obj\debug\x64\libgmp\mullo_basecase.obj
e:\beek_song\ffmpeg_vs\ffmpeg\ffmpeg\gmp\smp\obj\debug\x64\libgmp\mul_1.obj
e:\beek_song\ffmpeg_vs\ffmpeg\ffmpeg\gmp\smp\obj\debug\x64\libgmp\mul_2.obj
e:\beek_song\ffmpeg_vs\ffmpeg\ffmpeg\gmp\smp\obj\debug\x64\libgmp\mul_basecase.obj
e:\beek_song\ffmpeg_vs\ffmpeg\ffmpeg\gmp\smp\obj\debug\x64\libgmp\nand_n.obj
e:\beek_song\ffmpeg_vs\ffmpeg\ffmpeg\gmp\smp\obj\debug\x64\libgmp\nior_n.obj
e:\beek_song\ffmpeg_vs\ffmpeg\ffmpeg\gmp\smp\obj\debug\x64\libgmp\popcount.obj
e:\beek_song\ffmpeg_vs\ffmpeg\ffmpeg\gmp\smp\obj\debug\x64\libgmp\redc_1.obj
e:\beek_song\ffmpeg_vs\ffmpeg\ffmpeg\gmp\smp\obj\debug\x64\libgmp\rsblsh1_n.obj
e:\beek_song\ffmpeg_vs\ffmpeg\ffmpeg\gmp\smp\obj\debug\x64\libgmp\rsblsh2_n.obj
e:\beek_song\ffmpeg_vs\ffmpeg\ffmpeg\gmp\smp\obj\debug\x64\libgmp\rsblsh_n.obj
e:\beek_song\ffmpeg_vs\ffmpeg\ffmpeg\gmp\smp\obj\debug\x64\libgmp\rsh1add_n.obj
e:\beek_song\ffmpeg_vs\ffmpeg\ffmpeg\gmp\smp\obj\debug\x64\libgmp\rsh1sub_n.obj
e:\beek_song\ffmpeg_vs\ffmpeg\ffmpeg\gmp\smp\obj\debug\x64\libgmp\rshift.obj
e:\beek_song\ffmpeg_vs\ffmpeg\ffmpeg\gmp\smp\obj\debug\x64\libgmp\sec_tabselect.obj
e:\beek_song\ffmpeg_vs\ffmpeg\ffmpeg\gmp\smp\obj\debug\x64\libgmp\sqr_basecase.obj
e:\beek_song\ffmpeg_vs\ffmpeg\ffmpeg\gmp\smp\obj\debug\x64\libgmp\sqr_diag_addlsh1.obj
e:\beek_song\ffmpeg_vs\ffmpeg\ffmpeg\gmp\smp\obj\debug\x64\libgmp\sublsh1_n.obj
e:\beek_song\ffmpeg_vs\ffmpeg\ffmpeg\gmp\smp\obj\debug\x64\libgmp\sublsh2_n.obj
e:\beek_song\ffmpeg_vs\ffmpeg\ffmpeg\gmp\smp\obj\debug\x64\libgmp\submul_1.obj
e:\beek_song\ffmpeg_vs\ffmpeg\ffmpeg\gmp\smp\obj\debug\x64\libgmp\sub_n.obj
e:\beek_song\ffmpeg_vs\ffmpeg\ffmpeg\gmp\smp\obj\debug\x64\libgmp\xnor_n.obj
e:\beek_song\ffmpeg_vs\ffmpeg\ffmpeg\gmp\smp\obj\debug\x64\libgmp\xor_n.obj
e:\beek_song\ffmpeg_vs\ffmpeg\ffmpeg\gmp\smp\obj\debug\x64\libgmp\libgmp.tlog\cl.command.1.tlog
e:\beek_song\ffmpeg_vs\ffmpeg\ffmpeg\gmp\smp\obj\debug\x64\libgmp\libgmp.tlog\cl.read.1.tlog
e:\beek_song\ffmpeg_vs\ffmpeg\ffmpeg\gmp\smp\obj\debug\x64\libgmp\libgmp.tlog\cl.write.1.tlog
e:\beek_song\ffmpeg_vs\ffmpeg\ffmpeg\gmp\smp\obj\debug\x64\libgmp\libgmp.tlog\lib-link.read.1.tlog
e:\beek_song\ffmpeg_vs\ffmpeg\ffmpeg\gmp\smp\obj\debug\x64\libgmp\libgmp.tlog\lib-link.write.1.tlog
e:\beek_song\ffmpeg_vs\ffmpeg\ffmpeg\gmp\smp\obj\debug\x64\libgmp\libgmp.tlog\lib.command.1.tlog
