  mpn\x86_64\addlsh1_n.s
  mpn\x86_64\addlsh2_n.s
  mpn\x86_64\addlsh_n.s
  mpn\x86_64\addmul_2.s
  mpn\x86_64\add_n.s
  mpn\x86_64\bdiv_q_1.s
  mpn\x86_64\cnd_add_n.s
  mpn\x86_64\cnd_sub_n.s
  mpn\x86_64\com.s
  mpn\x86_64\copyd.s
  mpn\x86_64\copyi.s
  mpn\x86_64\divexact_1.s
  mpn\x86_64\gcd_11.s
  mpn\x86_64\hamdist.s
  mpn\x86_64\invert_limb.s
  mpn\x86_64\lshsub_n.s
  mpn\x86_64\modexact_1_odd.s
  mpn\x86_64\mod_1s_2p.s
  mpn\x86_64\mod_1s_4p.s
  mpn\x86_64\mod_1_1p.s
  mpn\x86_64\mod_34lsub1.s
  mpn\x86_64\mullo_basecase.s
  mpn\x86_64\mul_2.s
  mpn\x86_64\mul_basecase.s
  mpn\x86_64\popcount.s
  mpn\x86_64\rsblsh1_n.s
  mpn\x86_64\rsblsh2_n.s
  mpn\x86_64\rsblsh_n.s
  mpn\x86_64\sqr_basecase.s
  mpn\x86_64\sqr_diag_addlsh1.s
  mpn\x86_64\sublsh1_n.s
  mpn\x86_64\sub_n.s
  mpn\x86_64\invert_limb_table.s
  mpn\x86_64\mul_1.s
  mpn\x86_64\rsh1sub_n.s
  mpn\x86_64\submul_1.s
  mpn\x86_64\divrem_2.s
  mpn\x86_64\rshift.s
  mpn\x86_64\divrem_1.s
  mpn\x86_64\lshift.s
  mpn\x86_64\div_qr_1n_pi1.s
  mpn\x86_64\div_qr_2n_pi1.s
  mpn\x86_64\addmul_1.s
  mpn\x86_64\rsh1add_n.s
  mpn\x86_64\lshiftc.s
  mpn\x86_64\redc_1.s
  mpn\x86_64\andn_n.s
  mpn\x86_64\and_n.s
  mpn\x86_64\ior_n.s
  mpn\x86_64\bdiv_dbm1.s
  mpn\x86_64\iorn_n.s
  mpn\x86_64\sec_tabselect.s
  mpn\x86_64\sublsh2_n.s
  mpn\x86_64\xnor_n.s
  mpn\x86_64\xor_n.s
  mpn\x86_64\nand_n.s
  mpn\x86_64\nior_n.s
  Custom Clean Step
