e:\beek_song\ffmpeg_vs\ffmpeg\msvc\lib\x64\libvpxd.pdb
e:\beek_song\ffmpeg_vs\ffmpeg\msvc\lib\x64\libvpxd.idb
e:\beek_song\ffmpeg_vs\ffmpeg\ffmpeg\libvpx\smp\obj\debug\x64\libvpx\vpx_loopfilter_sse2.obj
e:\beek_song\ffmpeg_vs\ffmpeg\ffmpeg\libvpx\smp\obj\debug\x64\libvpx\idct_blk_sse2.obj
e:\beek_song\ffmpeg_vs\ffmpeg\ffmpeg\libvpx\smp\obj\debug\x64\libvpx\skin_detection.obj
e:\beek_song\ffmpeg_vs\ffmpeg\ffmpeg\libvpx\smp\obj\debug\x64\libvpx\idctllm.obj
e:\beek_song\ffmpeg_vs\ffmpeg\ffmpeg\libvpx\smp\obj\debug\x64\libvpx\entropymv.obj
e:\beek_song\ffmpeg_vs\ffmpeg\ffmpeg\libvpx\smp\obj\debug\x64\libvpx\entropy.obj
e:\beek_song\ffmpeg_vs\ffmpeg\ffmpeg\libvpx\smp\obj\debug\x64\libvpx\rtcd.obj
e:\beek_song\ffmpeg_vs\ffmpeg\ffmpeg\libvpx\smp\obj\debug\x64\libvpx\encodemb.obj
e:\beek_song\ffmpeg_vs\ffmpeg\ffmpeg\libvpx\smp\obj\debug\x64\libvpx\temporal_filter.obj
e:\beek_song\ffmpeg_vs\ffmpeg\ffmpeg\libvpx\smp\obj\debug\x64\libvpx\vp9_entropymv.obj
e:\beek_song\ffmpeg_vs\ffmpeg\ffmpeg\libvpx\smp\obj\debug\x64\libvpx\vp9_highbd_iht4x4_add_sse4.obj
e:\beek_song\ffmpeg_vs\ffmpeg\ffmpeg\libvpx\smp\obj\debug\x64\libvpx\vp9_job_queue.obj
e:\beek_song\ffmpeg_vs\ffmpeg\ffmpeg\libvpx\smp\obj\debug\x64\libvpx\vp9_cost.obj
e:\beek_song\ffmpeg_vs\ffmpeg\ffmpeg\libvpx\smp\obj\debug\x64\libvpx\vp9_encodeframe.obj
e:\beek_song\ffmpeg_vs\ffmpeg\ffmpeg\libvpx\smp\obj\debug\x64\libvpx\vp9_picklpf.obj
e:\beek_song\ffmpeg_vs\ffmpeg\ffmpeg\libvpx\smp\obj\debug\x64\libvpx\vp9_subexp.obj
e:\beek_song\ffmpeg_vs\ffmpeg\ffmpeg\libvpx\smp\obj\debug\x64\libvpx\vp9_frame_scale_ssse3.obj
e:\beek_song\ffmpeg_vs\ffmpeg\ffmpeg\libvpx\smp\obj\debug\x64\libvpx\vp9_dx_iface.obj
e:\beek_song\ffmpeg_vs\ffmpeg\ffmpeg\libvpx\smp\obj\debug\x64\libvpx\loopfilter_avx2.obj
e:\beek_song\ffmpeg_vs\ffmpeg\ffmpeg\libvpx\smp\obj\debug\x64\libvpx\variance_sse2.obj
e:\beek_song\ffmpeg_vs\ffmpeg\ffmpeg\libvpx\smp\obj\debug\x64\libvpx\dce_defs.obj
e:\beek_song\ffmpeg_vs\ffmpeg\ffmpeg\libvpx\smp\obj\debug\x64\libvpx\entropymode.obj
e:\beek_song\ffmpeg_vs\ffmpeg\ffmpeg\libvpx\smp\obj\debug\x64\libvpx\swapyv12buffer.obj
e:\beek_song\ffmpeg_vs\ffmpeg\ffmpeg\libvpx\smp\obj\debug\x64\libvpx\vp8_asm_stubs.obj
e:\beek_song\ffmpeg_vs\ffmpeg\ffmpeg\libvpx\smp\obj\debug\x64\libvpx\detokenize.obj
e:\beek_song\ffmpeg_vs\ffmpeg\ffmpeg\libvpx\smp\obj\debug\x64\libvpx\mcomp.obj
e:\beek_song\ffmpeg_vs\ffmpeg\ffmpeg\libvpx\smp\obj\debug\x64\libvpx\vp8_cx_iface.obj
e:\beek_song\ffmpeg_vs\ffmpeg\ffmpeg\libvpx\smp\obj\debug\x64\libvpx\vp9_seg_common.obj
e:\beek_song\ffmpeg_vs\ffmpeg\ffmpeg\libvpx\smp\obj\debug\x64\libvpx\vp9_idct_intrin_sse2.obj
e:\beek_song\ffmpeg_vs\ffmpeg\ffmpeg\libvpx\smp\obj\debug\x64\libvpx\vp9_decoder.obj
e:\beek_song\ffmpeg_vs\ffmpeg\ffmpeg\libvpx\smp\obj\debug\x64\libvpx\vp9_encodemb.obj
e:\beek_song\ffmpeg_vs\ffmpeg\ffmpeg\libvpx\smp\obj\debug\x64\libvpx\vp9_quantize.obj
e:\beek_song\ffmpeg_vs\ffmpeg\ffmpeg\libvpx\smp\obj\debug\x64\libvpx\vp9_treewriter.obj
e:\beek_song\ffmpeg_vs\ffmpeg\ffmpeg\libvpx\smp\obj\debug\x64\libvpx\vp9_diamond_search_sad_avx.obj
e:\beek_song\ffmpeg_vs\ffmpeg\ffmpeg\libvpx\smp\obj\debug\x64\libvpx\sum_squares.obj
e:\beek_song\ffmpeg_vs\ffmpeg\ffmpeg\libvpx\smp\obj\debug\x64\libvpx\highbd_idct16x16_add_sse4.obj
e:\beek_song\ffmpeg_vs\ffmpeg\ffmpeg\libvpx\smp\obj\debug\x64\libvpx\highbd_intrapred_intrin_ssse3.obj
e:\beek_song\ffmpeg_vs\ffmpeg\ffmpeg\libvpx\smp\obj\debug\x64\libvpx\quantize_sse2.obj
e:\beek_song\ffmpeg_vs\ffmpeg\ffmpeg\libvpx\smp\obj\debug\x64\libvpx\vpx_subpixel_4t_intrin_sse2.obj
e:\beek_song\ffmpeg_vs\ffmpeg\ffmpeg\libvpx\smp\obj\debug\x64\libvpx\alloccommon.obj
e:\beek_song\ffmpeg_vs\ffmpeg\ffmpeg\libvpx\smp\obj\debug\x64\libvpx\vp8_loopfilter.obj
e:\beek_song\ffmpeg_vs\ffmpeg\ffmpeg\libvpx\smp\obj\debug\x64\libvpx\decodeframe.obj
e:\beek_song\ffmpeg_vs\ffmpeg\ffmpeg\libvpx\smp\obj\debug\x64\libvpx\picklpf.obj
e:\beek_song\ffmpeg_vs\ffmpeg\ffmpeg\libvpx\smp\obj\debug\x64\libvpx\vp9_common_data.obj
e:\beek_song\ffmpeg_vs\ffmpeg\ffmpeg\libvpx\smp\obj\debug\x64\libvpx\vp9_entropy.obj
e:\beek_song\ffmpeg_vs\ffmpeg\ffmpeg\libvpx\smp\obj\debug\x64\libvpx\vp9_thread_common.obj
e:\beek_song\ffmpeg_vs\ffmpeg\ffmpeg\libvpx\smp\obj\debug\x64\libvpx\vp9_blockiness.obj
e:\beek_song\ffmpeg_vs\ffmpeg\ffmpeg\libvpx\smp\obj\debug\x64\libvpx\vp9_context_tree.obj
e:\beek_song\ffmpeg_vs\ffmpeg\ffmpeg\libvpx\smp\obj\debug\x64\libvpx\vp9_noise_estimate.obj
e:\beek_song\ffmpeg_vs\ffmpeg\ffmpeg\libvpx\smp\obj\debug\x64\libvpx\vp9_svc_layercontext.obj
e:\beek_song\ffmpeg_vs\ffmpeg\ffmpeg\libvpx\smp\obj\debug\x64\libvpx\psnr.obj
e:\beek_song\ffmpeg_vs\ffmpeg\ffmpeg\libvpx\smp\obj\debug\x64\libvpx\avg_intrin_sse2.obj
e:\beek_song\ffmpeg_vs\ffmpeg\ffmpeg\libvpx\smp\obj\debug\x64\libvpx\highbd_idct4x4_add_sse2.obj
e:\beek_song\ffmpeg_vs\ffmpeg\ffmpeg\libvpx\smp\obj\debug\x64\libvpx\highbd_quantize_intrin_sse2.obj
e:\beek_song\ffmpeg_vs\ffmpeg\ffmpeg\libvpx\smp\obj\debug\x64\libvpx\variance_avx2.obj
e:\beek_song\ffmpeg_vs\ffmpeg\ffmpeg\libvpx\smp\obj\debug\x64\libvpx\vpx_write_yuv_frame.obj
e:\beek_song\ffmpeg_vs\ffmpeg\ffmpeg\libvpx\smp\obj\debug\x64\libvpx\dequantize.obj
e:\beek_song\ffmpeg_vs\ffmpeg\ffmpeg\libvpx\smp\obj\debug\x64\libvpx\reconintra.obj
e:\beek_song\ffmpeg_vs\ffmpeg\ffmpeg\libvpx\smp\obj\debug\x64\libvpx\ethreading.obj
e:\beek_song\ffmpeg_vs\ffmpeg\ffmpeg\libvpx\smp\obj\debug\x64\libvpx\treewriter.obj
e:\beek_song\ffmpeg_vs\ffmpeg\ffmpeg\libvpx\smp\obj\debug\x64\libvpx\vp8_quantize.obj
e:\beek_song\ffmpeg_vs\ffmpeg\ffmpeg\libvpx\smp\obj\debug\x64\libvpx\vp9_reconinter.obj
e:\beek_song\ffmpeg_vs\ffmpeg\ffmpeg\libvpx\smp\obj\debug\x64\libvpx\vp9_aq_cyclicrefresh.obj
e:\beek_song\ffmpeg_vs\ffmpeg\ffmpeg\libvpx\smp\obj\debug\x64\libvpx\vp9_frame_scale.obj
e:\beek_song\ffmpeg_vs\ffmpeg\ffmpeg\libvpx\smp\obj\debug\x64\libvpx\vp9_mcomp.obj
e:\beek_song\ffmpeg_vs\ffmpeg\ffmpeg\libvpx\smp\obj\debug\x64\libvpx\vp9_tokenize.obj
e:\beek_song\ffmpeg_vs\ffmpeg\ffmpeg\libvpx\smp\obj\debug\x64\libvpx\inv_txfm.obj
e:\beek_song\ffmpeg_vs\ffmpeg\ffmpeg\libvpx\smp\obj\debug\x64\libvpx\fwd_txfm_avx2.obj
e:\beek_song\ffmpeg_vs\ffmpeg\ffmpeg\libvpx\smp\obj\debug\x64\libvpx\highbd_idct32x32_add_sse4.obj
e:\beek_song\ffmpeg_vs\ffmpeg\ffmpeg\libvpx\smp\obj\debug\x64\libvpx\inv_txfm_ssse3.obj
e:\beek_song\ffmpeg_vs\ffmpeg\ffmpeg\libvpx\smp\obj\debug\x64\libvpx\sum_squares_sse2.obj
e:\beek_song\ffmpeg_vs\ffmpeg\ffmpeg\libvpx\smp\obj\debug\x64\libvpx\yv12config.obj
e:\beek_song\ffmpeg_vs\ffmpeg\ffmpeg\libvpx\smp\obj\debug\x64\libvpx\blockd.obj
e:\beek_song\ffmpeg_vs\ffmpeg\ffmpeg\libvpx\smp\obj\debug\x64\libvpx\reconintra4x4.obj
e:\beek_song\ffmpeg_vs\ffmpeg\ffmpeg\libvpx\smp\obj\debug\x64\libvpx\onyxd_if.obj
e:\beek_song\ffmpeg_vs\ffmpeg\ffmpeg\libvpx\smp\obj\debug\x64\libvpx\pickinter.obj
e:\beek_song\ffmpeg_vs\ffmpeg\ffmpeg\libvpx\smp\obj\debug\x64\libvpx\vp8_enc_stubs_sse2.obj
e:\beek_song\ffmpeg_vs\ffmpeg\ffmpeg\libvpx\smp\obj\debug\x64\libvpx\vp9_mvref_common.obj
e:\beek_song\ffmpeg_vs\ffmpeg\ffmpeg\libvpx\smp\obj\debug\x64\libvpx\vp9_decodemv.obj
e:\beek_song\ffmpeg_vs\ffmpeg\ffmpeg\libvpx\smp\obj\debug\x64\libvpx\vp9_dct.obj
e:\beek_song\ffmpeg_vs\ffmpeg\ffmpeg\libvpx\smp\obj\debug\x64\libvpx\vp9_ethread.obj
e:\beek_song\ffmpeg_vs\ffmpeg\ffmpeg\libvpx\smp\obj\debug\x64\libvpx\vp9_rd.obj
e:\beek_song\ffmpeg_vs\ffmpeg\ffmpeg\libvpx\smp\obj\debug\x64\libvpx\vp9_dct_intrin_sse2.obj
e:\beek_song\ffmpeg_vs\ffmpeg\ffmpeg\libvpx\smp\obj\debug\x64\libvpx\vp9_quantize_avx2.obj
e:\beek_song\ffmpeg_vs\ffmpeg\ffmpeg\libvpx\smp\obj\debug\x64\libvpx\vp9_iface_common.obj
e:\beek_song\ffmpeg_vs\ffmpeg\ffmpeg\libvpx\smp\obj\debug\x64\libvpx\vpx_decoder.obj
e:\beek_song\ffmpeg_vs\ffmpeg\ffmpeg\libvpx\smp\obj\debug\x64\libvpx\vpx_image.obj
e:\beek_song\ffmpeg_vs\ffmpeg\ffmpeg\libvpx\smp\obj\debug\x64\libvpx\avg.obj
e:\beek_song\ffmpeg_vs\ffmpeg\ffmpeg\libvpx\smp\obj\debug\x64\libvpx\bitwriter_buffer.obj
e:\beek_song\ffmpeg_vs\ffmpeg\ffmpeg\libvpx\smp\obj\debug\x64\libvpx\quantize.obj
e:\beek_song\ffmpeg_vs\ffmpeg\ffmpeg\libvpx\smp\obj\debug\x64\libvpx\avg_pred_sse2.obj
e:\beek_song\ffmpeg_vs\ffmpeg\ffmpeg\libvpx\smp\obj\debug\x64\libvpx\highbd_idct4x4_add_sse4.obj
e:\beek_song\ffmpeg_vs\ffmpeg\ffmpeg\libvpx\smp\obj\debug\x64\libvpx\highbd_variance_sse2.obj
e:\beek_song\ffmpeg_vs\ffmpeg\ffmpeg\libvpx\smp\obj\debug\x64\libvpx\sad4d_avx512.obj
e:\beek_song\ffmpeg_vs\ffmpeg\ffmpeg\libvpx\smp\obj\debug\x64\libvpx\yv12extend.obj
e:\beek_song\ffmpeg_vs\ffmpeg\ffmpeg\libvpx\smp\obj\debug\x64\libvpx\debugmodes.obj
e:\beek_song\ffmpeg_vs\ffmpeg\ffmpeg\libvpx\smp\obj\debug\x64\libvpx\mfqe.obj
e:\beek_song\ffmpeg_vs\ffmpeg\ffmpeg\libvpx\smp\obj\debug\x64\libvpx\threading.obj
e:\beek_song\ffmpeg_vs\ffmpeg\ffmpeg\libvpx\smp\obj\debug\x64\libvpx\onyx_if.obj
e:\beek_song\ffmpeg_vs\ffmpeg\ffmpeg\libvpx\smp\obj\debug\x64\libvpx\vp8_dx_iface.obj
e:\beek_song\ffmpeg_vs\ffmpeg\ffmpeg\libvpx\smp\obj\debug\x64\libvpx\vp9_scale.obj
e:\beek_song\ffmpeg_vs\ffmpeg\ffmpeg\libvpx\smp\obj\debug\x64\libvpx\vp9_highbd_iht16x16_add_sse4.obj
e:\beek_song\ffmpeg_vs\ffmpeg\ffmpeg\libvpx\smp\obj\debug\x64\libvpx\vp9_detokenize.obj
e:\beek_song\ffmpeg_vs\ffmpeg\ffmpeg\libvpx\smp\obj\debug\x64\libvpx\vp9_encodemv.obj
e:\beek_song\ffmpeg_vs\ffmpeg\ffmpeg\libvpx\smp\obj\debug\x64\libvpx\vp9_ratectrl.obj
e:\beek_song\ffmpeg_vs\ffmpeg\ffmpeg\libvpx\smp\obj\debug\x64\libvpx\temporal_filter_sse4.obj
e:\beek_song\ffmpeg_vs\ffmpeg\ffmpeg\libvpx\smp\obj\debug\x64\libvpx\fwd_txfm.obj
e:\beek_song\ffmpeg_vs\ffmpeg\ffmpeg\libvpx\smp\obj\debug\x64\libvpx\sad.obj
e:\beek_song\ffmpeg_vs\ffmpeg\ffmpeg\libvpx\smp\obj\debug\x64\libvpx\highbd_convolve_avx2.obj
e:\beek_song\ffmpeg_vs\ffmpeg\ffmpeg\libvpx\smp\obj\debug\x64\libvpx\highbd_intrapred_intrin_sse2.obj
e:\beek_song\ffmpeg_vs\ffmpeg\ffmpeg\libvpx\smp\obj\debug\x64\libvpx\quantize_avx.obj
e:\beek_song\ffmpeg_vs\ffmpeg\ffmpeg\libvpx\smp\obj\debug\x64\libvpx\vpx_scale.obj
e:\beek_song\ffmpeg_vs\ffmpeg\ffmpeg\libvpx\smp\obj\debug\x64\libvpx\systemdependent.obj
e:\beek_song\ffmpeg_vs\ffmpeg\ffmpeg\libvpx\smp\obj\debug\x64\libvpx\dct.obj
e:\beek_song\ffmpeg_vs\ffmpeg\ffmpeg\libvpx\smp\obj\debug\x64\libvpx\encodeintra.obj
e:\beek_song\ffmpeg_vs\ffmpeg\ffmpeg\libvpx\smp\obj\debug\x64\libvpx\rdopt.obj
e:\beek_song\ffmpeg_vs\ffmpeg\ffmpeg\libvpx\smp\obj\debug\x64\libvpx\vp9_debugmodes.obj
e:\beek_song\ffmpeg_vs\ffmpeg\ffmpeg\libvpx\smp\obj\debug\x64\libvpx\vp9_scan.obj
e:\beek_song\ffmpeg_vs\ffmpeg\ffmpeg\libvpx\smp\obj\debug\x64\libvpx\vp9_highbd_iht8x8_add_sse4.obj
e:\beek_song\ffmpeg_vs\ffmpeg\ffmpeg\libvpx\smp\obj\debug\x64\libvpx\vp9_alt_ref_aq.obj
e:\beek_song\ffmpeg_vs\ffmpeg\ffmpeg\libvpx\smp\obj\debug\x64\libvpx\vp9_ext_ratectrl.obj
e:\beek_song\ffmpeg_vs\ffmpeg\ffmpeg\libvpx\smp\obj\debug\x64\libvpx\vp9_rdopt.obj
e:\beek_song\ffmpeg_vs\ffmpeg\ffmpeg\libvpx\smp\obj\debug\x64\libvpx\vp9_error_avx2.obj
e:\beek_song\ffmpeg_vs\ffmpeg\ffmpeg\libvpx\smp\obj\debug\x64\libvpx\vp9_quantize_sse2.obj
e:\beek_song\ffmpeg_vs\ffmpeg\ffmpeg\libvpx\smp\obj\debug\x64\libvpx\vpx_codec.obj
e:\beek_song\ffmpeg_vs\ffmpeg\ffmpeg\libvpx\smp\obj\debug\x64\libvpx\vpx_encoder.obj
e:\beek_song\ffmpeg_vs\ffmpeg\ffmpeg\libvpx\smp\obj\debug\x64\libvpx\avg_intrin_avx2.obj
e:\beek_song\ffmpeg_vs\ffmpeg\ffmpeg\libvpx\smp\obj\debug\x64\libvpx\highbd_idct8x8_add_sse2.obj
e:\beek_song\ffmpeg_vs\ffmpeg\ffmpeg\libvpx\smp\obj\debug\x64\libvpx\inv_txfm_sse2.obj
e:\beek_song\ffmpeg_vs\ffmpeg\ffmpeg\libvpx\smp\obj\debug\x64\libvpx\sad_avx2.obj
e:\beek_song\ffmpeg_vs\ffmpeg\ffmpeg\libvpx\smp\obj\debug\x64\libvpx\vpx_scale_rtcd.obj
e:\beek_song\ffmpeg_vs\ffmpeg\ffmpeg\libvpx\smp\obj\debug\x64\libvpx\loopfilter_filters.obj
e:\beek_song\ffmpeg_vs\ffmpeg\ffmpeg\libvpx\smp\obj\debug\x64\libvpx\reconinter.obj
e:\beek_song\ffmpeg_vs\ffmpeg\ffmpeg\libvpx\smp\obj\debug\x64\libvpx\bilinear_filter_sse2.obj
e:\beek_song\ffmpeg_vs\ffmpeg\ffmpeg\libvpx\smp\obj\debug\x64\libvpx\dboolhuff.obj
e:\beek_song\ffmpeg_vs\ffmpeg\ffmpeg\libvpx\smp\obj\debug\x64\libvpx\boolhuff.obj
e:\beek_song\ffmpeg_vs\ffmpeg\ffmpeg\libvpx\smp\obj\debug\x64\libvpx\encodeframe.obj
e:\beek_song\ffmpeg_vs\ffmpeg\ffmpeg\libvpx\smp\obj\debug\x64\libvpx\segmentation.obj
e:\beek_song\ffmpeg_vs\ffmpeg\ffmpeg\libvpx\smp\obj\debug\x64\libvpx\vp8_quantize_ssse3.obj
e:\beek_song\ffmpeg_vs\ffmpeg\ffmpeg\libvpx\smp\obj\debug\x64\libvpx\vp9_entropymode.obj
e:\beek_song\ffmpeg_vs\ffmpeg\ffmpeg\libvpx\smp\obj\debug\x64\libvpx\vp9_tile_common.obj
e:\beek_song\ffmpeg_vs\ffmpeg\ffmpeg\libvpx\smp\obj\debug\x64\libvpx\vp9_bitstream.obj
e:\beek_song\ffmpeg_vs\ffmpeg\ffmpeg\libvpx\smp\obj\debug\x64\libvpx\vp9_multi_thread.obj
e:\beek_song\ffmpeg_vs\ffmpeg\ffmpeg\libvpx\smp\obj\debug\x64\libvpx\vp9_speed_features.obj
e:\beek_song\ffmpeg_vs\ffmpeg\ffmpeg\libvpx\smp\obj\debug\x64\libvpx\add_noise.obj
e:\beek_song\ffmpeg_vs\ffmpeg\ffmpeg\libvpx\smp\obj\debug\x64\libvpx\bitreader_buffer.obj
e:\beek_song\ffmpeg_vs\ffmpeg\ffmpeg\libvpx\smp\obj\debug\x64\libvpx\intrapred.obj
e:\beek_song\ffmpeg_vs\ffmpeg\ffmpeg\libvpx\smp\obj\debug\x64\libvpx\variance.obj
e:\beek_song\ffmpeg_vs\ffmpeg\ffmpeg\libvpx\smp\obj\debug\x64\libvpx\highbd_idct32x32_add_sse2.obj
e:\beek_song\ffmpeg_vs\ffmpeg\ffmpeg\libvpx\smp\obj\debug\x64\libvpx\highbd_loopfilter_sse2.obj
e:\beek_song\ffmpeg_vs\ffmpeg\ffmpeg\libvpx\smp\obj\debug\x64\libvpx\sad4d_avx2.obj
e:\beek_song\ffmpeg_vs\ffmpeg\ffmpeg\libvpx\smp\obj\debug\x64\libvpx\gen_scalers.obj
e:\beek_song\ffmpeg_vs\ffmpeg\ffmpeg\libvpx\smp\obj\debug\x64\libvpx\idct_blk.obj
e:\beek_song\ffmpeg_vs\ffmpeg\ffmpeg\libvpx\smp\obj\debug\x64\libvpx\postproc.obj
e:\beek_song\ffmpeg_vs\ffmpeg\ffmpeg\libvpx\smp\obj\debug\x64\libvpx\copy_c.obj
e:\beek_song\ffmpeg_vs\ffmpeg\ffmpeg\libvpx\smp\obj\debug\x64\libvpx\denoising.obj
e:\beek_song\ffmpeg_vs\ffmpeg\ffmpeg\libvpx\smp\obj\debug\x64\libvpx\encodemv.obj
e:\beek_song\ffmpeg_vs\ffmpeg\ffmpeg\libvpx\smp\obj\debug\x64\libvpx\tokenize.obj
e:\beek_song\ffmpeg_vs\ffmpeg\ffmpeg\libvpx\smp\obj\debug\x64\libvpx\vp9_frame_buffers.obj
e:\beek_song\ffmpeg_vs\ffmpeg\ffmpeg\libvpx\smp\obj\debug\x64\libvpx\vp9_loopfilter.obj
e:\beek_song\ffmpeg_vs\ffmpeg\ffmpeg\libvpx\smp\obj\debug\x64\libvpx\vp9_decodeframe.obj
e:\beek_song\ffmpeg_vs\ffmpeg\ffmpeg\libvpx\smp\obj\debug\x64\libvpx\vp9_encoder.obj
e:\beek_song\ffmpeg_vs\ffmpeg\ffmpeg\libvpx\smp\obj\debug\x64\libvpx\vp9_pickmode.obj
e:\beek_song\ffmpeg_vs\ffmpeg\ffmpeg\libvpx\smp\obj\debug\x64\libvpx\highbd_temporal_filter_sse4.obj
e:\beek_song\ffmpeg_vs\ffmpeg\ffmpeg\libvpx\smp\obj\debug\x64\libvpx\bitwriter.obj
e:\beek_song\ffmpeg_vs\ffmpeg\ffmpeg\libvpx\smp\obj\debug\x64\libvpx\prob.obj
e:\beek_song\ffmpeg_vs\ffmpeg\ffmpeg\libvpx\smp\obj\debug\x64\libvpx\subtract.obj
e:\beek_song\ffmpeg_vs\ffmpeg\ffmpeg\libvpx\smp\obj\debug\x64\libvpx\fwd_txfm_sse2.obj
e:\beek_song\ffmpeg_vs\ffmpeg\ffmpeg\libvpx\smp\obj\debug\x64\libvpx\vpx_thread.obj
e:\beek_song\ffmpeg_vs\ffmpeg\ffmpeg\libvpx\smp\obj\debug\x64\libvpx\extend.obj
e:\beek_song\ffmpeg_vs\ffmpeg\ffmpeg\libvpx\smp\obj\debug\x64\libvpx\modecont.obj
e:\beek_song\ffmpeg_vs\ffmpeg\ffmpeg\libvpx\smp\obj\debug\x64\libvpx\treecoder.obj
e:\beek_song\ffmpeg_vs\ffmpeg\ffmpeg\libvpx\smp\obj\debug\x64\libvpx\idct_blk_mmx.obj
e:\beek_song\ffmpeg_vs\ffmpeg\ffmpeg\libvpx\smp\obj\debug\x64\libvpx\bitstream.obj
e:\beek_song\ffmpeg_vs\ffmpeg\ffmpeg\libvpx\smp\obj\debug\x64\libvpx\ratectrl.obj
e:\beek_song\ffmpeg_vs\ffmpeg\ffmpeg\libvpx\smp\obj\debug\x64\libvpx\vp9_blockd.obj
e:\beek_song\ffmpeg_vs\ffmpeg\ffmpeg\libvpx\smp\obj\debug\x64\libvpx\vp9_filter.obj
e:\beek_song\ffmpeg_vs\ffmpeg\ffmpeg\libvpx\smp\obj\debug\x64\libvpx\vp9_idct.obj
e:\beek_song\ffmpeg_vs\ffmpeg\ffmpeg\libvpx\smp\obj\debug\x64\libvpx\vp9_quant_common.obj
e:\beek_song\ffmpeg_vs\ffmpeg\ffmpeg\libvpx\smp\obj\debug\x64\libvpx\vp9_reconintra.obj
e:\beek_song\ffmpeg_vs\ffmpeg\ffmpeg\libvpx\smp\obj\debug\x64\libvpx\vp9_aq_variance.obj
e:\beek_song\ffmpeg_vs\ffmpeg\ffmpeg\libvpx\smp\obj\debug\x64\libvpx\vp9_mbgraph.obj
e:\beek_song\ffmpeg_vs\ffmpeg\ffmpeg\libvpx\smp\obj\debug\x64\libvpx\vp9_temporal_filter.obj
e:\beek_song\ffmpeg_vs\ffmpeg\ffmpeg\libvpx\smp\obj\debug\x64\libvpx\deblock.obj
e:\beek_song\ffmpeg_vs\ffmpeg\ffmpeg\libvpx\smp\obj\debug\x64\libvpx\vpx_dsp_rtcd.obj
e:\beek_song\ffmpeg_vs\ffmpeg\ffmpeg\libvpx\smp\obj\debug\x64\libvpx\vpx_subpixel_8t_intrin_ssse3.obj
e:\beek_song\ffmpeg_vs\ffmpeg\ffmpeg\libvpx\smp\obj\debug\x64\libvpx\filter.obj
e:\beek_song\ffmpeg_vs\ffmpeg\ffmpeg\libvpx\smp\obj\debug\x64\libvpx\mbpitch.obj
e:\beek_song\ffmpeg_vs\ffmpeg\ffmpeg\libvpx\smp\obj\debug\x64\libvpx\setupintrarecon.obj
e:\beek_song\ffmpeg_vs\ffmpeg\ffmpeg\libvpx\smp\obj\debug\x64\libvpx\loopfilter_x86.obj
e:\beek_song\ffmpeg_vs\ffmpeg\ffmpeg\libvpx\smp\obj\debug\x64\libvpx\decodemv.obj
e:\beek_song\ffmpeg_vs\ffmpeg\ffmpeg\libvpx\smp\obj\debug\x64\libvpx\lookahead.obj
e:\beek_song\ffmpeg_vs\ffmpeg\ffmpeg\libvpx\smp\obj\debug\x64\libvpx\modecosts.obj
e:\beek_song\ffmpeg_vs\ffmpeg\ffmpeg\libvpx\smp\obj\debug\x64\libvpx\quantize_sse4.obj
e:\beek_song\ffmpeg_vs\ffmpeg\ffmpeg\libvpx\smp\obj\debug\x64\libvpx\vp9_alloccommon.obj
e:\beek_song\ffmpeg_vs\ffmpeg\ffmpeg\libvpx\smp\obj\debug\x64\libvpx\vp9_rtcd.obj
e:\beek_song\ffmpeg_vs\ffmpeg\ffmpeg\libvpx\smp\obj\debug\x64\libvpx\vp9_aq_360.obj
e:\beek_song\ffmpeg_vs\ffmpeg\ffmpeg\libvpx\smp\obj\debug\x64\libvpx\vp9_extend.obj
e:\beek_song\ffmpeg_vs\ffmpeg\ffmpeg\libvpx\smp\obj\debug\x64\libvpx\vp9_lookahead.obj
e:\beek_song\ffmpeg_vs\ffmpeg\ffmpeg\libvpx\smp\obj\debug\x64\libvpx\vp9_segmentation.obj
e:\beek_song\ffmpeg_vs\ffmpeg\ffmpeg\libvpx\smp\obj\debug\x64\libvpx\vp9_highbd_block_error_intrin_sse2.obj
e:\beek_song\ffmpeg_vs\ffmpeg\ffmpeg\libvpx\smp\obj\debug\x64\libvpx\vp9_cx_iface.obj
e:\beek_song\ffmpeg_vs\ffmpeg\ffmpeg\libvpx\smp\obj\debug\x64\libvpx\post_proc_sse2.obj
e:\beek_song\ffmpeg_vs\ffmpeg\ffmpeg\libvpx\smp\obj\debug\x64\libvpx\vpx_mem.obj
e:\beek_song\ffmpeg_vs\ffmpeg\ffmpeg\libvpx\smp\obj\debug\x64\libvpx\findnearmv.obj
e:\beek_song\ffmpeg_vs\ffmpeg\ffmpeg\libvpx\smp\obj\debug\x64\libvpx\quant_common.obj
e:\beek_song\ffmpeg_vs\ffmpeg\ffmpeg\libvpx\smp\obj\debug\x64\libvpx\vp8_skin_detection.obj
e:\beek_song\ffmpeg_vs\ffmpeg\ffmpeg\libvpx\smp\obj\debug\x64\libvpx\firstpass.obj
e:\beek_song\ffmpeg_vs\ffmpeg\ffmpeg\libvpx\smp\obj\debug\x64\libvpx\denoising_sse2.obj
e:\beek_song\ffmpeg_vs\ffmpeg\ffmpeg\libvpx\smp\obj\debug\x64\libvpx\vp8_quantize_sse2.obj
e:\beek_song\ffmpeg_vs\ffmpeg\ffmpeg\libvpx\smp\obj\debug\x64\libvpx\vp9_pred_common.obj
e:\beek_song\ffmpeg_vs\ffmpeg\ffmpeg\libvpx\smp\obj\debug\x64\libvpx\vp9_dsubexp.obj
e:\beek_song\ffmpeg_vs\ffmpeg\ffmpeg\libvpx\smp\obj\debug\x64\libvpx\vp9_aq_complexity.obj
e:\beek_song\ffmpeg_vs\ffmpeg\ffmpeg\libvpx\smp\obj\debug\x64\libvpx\vp9_firstpass.obj
e:\beek_song\ffmpeg_vs\ffmpeg\ffmpeg\libvpx\smp\obj\debug\x64\libvpx\vp9_resize.obj
e:\beek_song\ffmpeg_vs\ffmpeg\ffmpeg\libvpx\smp\obj\debug\x64\libvpx\vp9_skin_detection.obj
e:\beek_song\ffmpeg_vs\ffmpeg\ffmpeg\libvpx\smp\obj\debug\x64\libvpx\bitreader.obj
e:\beek_song\ffmpeg_vs\ffmpeg\ffmpeg\libvpx\smp\obj\debug\x64\libvpx\loopfilter.obj
e:\beek_song\ffmpeg_vs\ffmpeg\ffmpeg\libvpx\smp\obj\debug\x64\libvpx\vpx_convolve.obj
e:\beek_song\ffmpeg_vs\ffmpeg\ffmpeg\libvpx\smp\obj\debug\x64\libvpx\highbd_idct16x16_add_sse2.obj
e:\beek_song\ffmpeg_vs\ffmpeg\ffmpeg\libvpx\smp\obj\debug\x64\libvpx\highbd_idct8x8_add_sse4.obj
e:\beek_song\ffmpeg_vs\ffmpeg\ffmpeg\libvpx\smp\obj\debug\x64\libvpx\quantize_ssse3.obj
e:\beek_song\ffmpeg_vs\ffmpeg\ffmpeg\libvpx\smp\obj\debug\x64\libvpx\vpx_subpixel_8t_intrin_avx2.obj
e:\beek_song\ffmpeg_vs\ffmpeg\ffmpeg\libvpx\smp\obj\debug\x64\libvpx\vpx_config_.obj
e:\beek_song\ffmpeg_vs\ffmpeg\msvc\lib\x64\libvpxd.lib
e:\beek_song\ffmpeg_vs\ffmpeg\ffmpeg\libvpx\smp\obj\debug\x64\libvpx\add_noise_sse2.obj
e:\beek_song\ffmpeg_vs\ffmpeg\ffmpeg\libvpx\smp\obj\debug\x64\libvpx\avg_ssse3_x86_64.obj
e:\beek_song\ffmpeg_vs\ffmpeg\ffmpeg\libvpx\smp\obj\debug\x64\libvpx\bitdepth_conversion_sse2.obj
e:\beek_song\ffmpeg_vs\ffmpeg\ffmpeg\libvpx\smp\obj\debug\x64\libvpx\block_error_sse2.obj
e:\beek_song\ffmpeg_vs\ffmpeg\ffmpeg\libvpx\smp\obj\debug\x64\libvpx\copy_sse2.obj
e:\beek_song\ffmpeg_vs\ffmpeg\ffmpeg\libvpx\smp\obj\debug\x64\libvpx\copy_sse3.obj
e:\beek_song\ffmpeg_vs\ffmpeg\ffmpeg\libvpx\smp\obj\debug\x64\libvpx\dct_sse2.obj
e:\beek_song\ffmpeg_vs\ffmpeg\ffmpeg\libvpx\smp\obj\debug\x64\libvpx\deblock_sse2.obj
e:\beek_song\ffmpeg_vs\ffmpeg\ffmpeg\libvpx\smp\obj\debug\x64\libvpx\dequantize_mmx.obj
e:\beek_song\ffmpeg_vs\ffmpeg\ffmpeg\libvpx\smp\obj\debug\x64\libvpx\emms_mmx.obj
e:\beek_song\ffmpeg_vs\ffmpeg\ffmpeg\libvpx\smp\obj\debug\x64\libvpx\float_control_word.obj
e:\beek_song\ffmpeg_vs\ffmpeg\ffmpeg\libvpx\smp\obj\debug\x64\libvpx\fwalsh_sse2.obj
e:\beek_song\ffmpeg_vs\ffmpeg\ffmpeg\libvpx\smp\obj\debug\x64\libvpx\fwd_txfm_ssse3_x86_64.obj
e:\beek_song\ffmpeg_vs\ffmpeg\ffmpeg\libvpx\smp\obj\debug\x64\libvpx\highbd_intrapred_sse2.obj
e:\beek_song\ffmpeg_vs\ffmpeg\ffmpeg\libvpx\smp\obj\debug\x64\libvpx\highbd_sad4d_sse2.obj
e:\beek_song\ffmpeg_vs\ffmpeg\ffmpeg\libvpx\smp\obj\debug\x64\libvpx\highbd_sad_sse2.obj
e:\beek_song\ffmpeg_vs\ffmpeg\ffmpeg\libvpx\smp\obj\debug\x64\libvpx\highbd_subpel_variance_impl_sse2.obj
e:\beek_song\ffmpeg_vs\ffmpeg\ffmpeg\libvpx\smp\obj\debug\x64\libvpx\highbd_variance_impl_sse2.obj
e:\beek_song\ffmpeg_vs\ffmpeg\ffmpeg\libvpx\smp\obj\debug\x64\libvpx\idctllm_mmx.obj
e:\beek_song\ffmpeg_vs\ffmpeg\ffmpeg\libvpx\smp\obj\debug\x64\libvpx\idctllm_sse2.obj
e:\beek_song\ffmpeg_vs\ffmpeg\ffmpeg\libvpx\smp\obj\debug\x64\libvpx\intrapred_sse2.obj
e:\beek_song\ffmpeg_vs\ffmpeg\ffmpeg\libvpx\smp\obj\debug\x64\libvpx\intrapred_ssse3.obj
e:\beek_song\ffmpeg_vs\ffmpeg\ffmpeg\libvpx\smp\obj\debug\x64\libvpx\inv_wht_sse2.obj
e:\beek_song\ffmpeg_vs\ffmpeg\ffmpeg\libvpx\smp\obj\debug\x64\libvpx\iwalsh_sse2.obj
e:\beek_song\ffmpeg_vs\ffmpeg\ffmpeg\libvpx\smp\obj\debug\x64\libvpx\loopfilter_block_sse2_x86_64.obj
e:\beek_song\ffmpeg_vs\ffmpeg\ffmpeg\libvpx\smp\obj\debug\x64\libvpx\loopfilter_sse2.obj
e:\beek_song\ffmpeg_vs\ffmpeg\ffmpeg\libvpx\smp\obj\debug\x64\libvpx\mfqe_sse2.obj
e:\beek_song\ffmpeg_vs\ffmpeg\ffmpeg\libvpx\smp\obj\debug\x64\libvpx\recon_mmx.obj
e:\beek_song\ffmpeg_vs\ffmpeg\ffmpeg\libvpx\smp\obj\debug\x64\libvpx\recon_sse2.obj
e:\beek_song\ffmpeg_vs\ffmpeg\ffmpeg\libvpx\smp\obj\debug\x64\libvpx\sad4d_sse2.obj
e:\beek_song\ffmpeg_vs\ffmpeg\ffmpeg\libvpx\smp\obj\debug\x64\libvpx\sad_sse2.obj
e:\beek_song\ffmpeg_vs\ffmpeg\ffmpeg\libvpx\smp\obj\debug\x64\libvpx\sad_sse3.obj
e:\beek_song\ffmpeg_vs\ffmpeg\ffmpeg\libvpx\smp\obj\debug\x64\libvpx\sad_sse4.obj
e:\beek_song\ffmpeg_vs\ffmpeg\ffmpeg\libvpx\smp\obj\debug\x64\libvpx\sad_ssse3.obj
e:\beek_song\ffmpeg_vs\ffmpeg\ffmpeg\libvpx\smp\obj\debug\x64\libvpx\ssim_opt_x86_64.obj
e:\beek_song\ffmpeg_vs\ffmpeg\ffmpeg\libvpx\smp\obj\debug\x64\libvpx\subpel_variance_sse2.obj
e:\beek_song\ffmpeg_vs\ffmpeg\ffmpeg\libvpx\smp\obj\debug\x64\libvpx\subpixel_mmx.obj
e:\beek_song\ffmpeg_vs\ffmpeg\ffmpeg\libvpx\smp\obj\debug\x64\libvpx\subpixel_sse2.obj
e:\beek_song\ffmpeg_vs\ffmpeg\ffmpeg\libvpx\smp\obj\debug\x64\libvpx\subpixel_ssse3.obj
e:\beek_song\ffmpeg_vs\ffmpeg\ffmpeg\libvpx\smp\obj\debug\x64\libvpx\subtract_sse2.obj
e:\beek_song\ffmpeg_vs\ffmpeg\ffmpeg\libvpx\smp\obj\debug\x64\libvpx\temporal_filter_apply_sse2.obj
e:\beek_song\ffmpeg_vs\ffmpeg\ffmpeg\libvpx\smp\obj\debug\x64\libvpx\vp9_dct_sse2.obj
e:\beek_song\ffmpeg_vs\ffmpeg\ffmpeg\libvpx\smp\obj\debug\x64\libvpx\vp9_error_sse2.obj
e:\beek_song\ffmpeg_vs\ffmpeg\ffmpeg\libvpx\smp\obj\debug\x64\libvpx\vp9_mfqe_sse2.obj
e:\beek_song\ffmpeg_vs\ffmpeg\ffmpeg\libvpx\smp\obj\debug\x64\libvpx\vp9_quantize_ssse3_x86_64.obj
e:\beek_song\ffmpeg_vs\ffmpeg\ffmpeg\libvpx\smp\obj\debug\x64\libvpx\vpx_convolve_copy_sse2.obj
e:\beek_song\ffmpeg_vs\ffmpeg\ffmpeg\libvpx\smp\obj\debug\x64\libvpx\vpx_high_subpixel_8t_sse2.obj
e:\beek_song\ffmpeg_vs\ffmpeg\ffmpeg\libvpx\smp\obj\debug\x64\libvpx\vpx_high_subpixel_bilinear_sse2.obj
e:\beek_song\ffmpeg_vs\ffmpeg\ffmpeg\libvpx\smp\obj\debug\x64\libvpx\vpx_subpixel_8t_sse2.obj
e:\beek_song\ffmpeg_vs\ffmpeg\ffmpeg\libvpx\smp\obj\debug\x64\libvpx\vpx_subpixel_8t_ssse3.obj
e:\beek_song\ffmpeg_vs\ffmpeg\ffmpeg\libvpx\smp\obj\debug\x64\libvpx\vpx_subpixel_bilinear_sse2.obj
e:\beek_song\ffmpeg_vs\ffmpeg\ffmpeg\libvpx\smp\obj\debug\x64\libvpx\vpx_subpixel_bilinear_ssse3.obj
e:\beek_song\ffmpeg_vs\ffmpeg\ffmpeg\libvpx\smp\obj\debug\x64\libvpx\libvpx.tlog\cl.command.1.tlog
e:\beek_song\ffmpeg_vs\ffmpeg\ffmpeg\libvpx\smp\obj\debug\x64\libvpx\libvpx.tlog\cl.read.1.tlog
e:\beek_song\ffmpeg_vs\ffmpeg\ffmpeg\libvpx\smp\obj\debug\x64\libvpx\libvpx.tlog\cl.write.1.tlog
e:\beek_song\ffmpeg_vs\ffmpeg\ffmpeg\libvpx\smp\obj\debug\x64\libvpx\libvpx.tlog\lib-link.read.1.tlog
e:\beek_song\ffmpeg_vs\ffmpeg\ffmpeg\libvpx\smp\obj\debug\x64\libvpx\libvpx.tlog\lib-link.write.1.tlog
e:\beek_song\ffmpeg_vs\ffmpeg\ffmpeg\libvpx\smp\obj\debug\x64\libvpx\libvpx.tlog\lib.command.1.tlog
