  ..\vp8\common\x86\dequantize_mmx.asm
  ..\vp8\common\x86\idctllm_mmx.asm
  ..\vp8\common\x86\idctllm_sse2.asm
  ..\vp8\common\x86\iwalsh_sse2.asm
  ..\vp8\common\x86\loopfilter_block_sse2_x86_64.asm
  ..\vp8\common\x86\loopfilter_sse2.asm
  ..\vp8\common\x86\mfqe_sse2.asm
  ..\vp8\common\x86\recon_mmx.asm
  ..\vp8\common\x86\recon_sse2.asm
  ..\vp8\common\x86\subpixel_mmx.asm
  ..\vp8\common\x86\subpixel_sse2.asm
  ..\vp8\common\x86\subpixel_ssse3.asm
  ..\vp8\encoder\x86\block_error_sse2.asm
  ..\vp8\encoder\x86\copy_sse2.asm
  ..\vp8\encoder\x86\copy_sse3.asm
  ..\vp8\encoder\x86\dct_sse2.asm
  ..\vp8\encoder\x86\fwalsh_sse2.asm
  ..\vp8\encoder\x86\temporal_filter_apply_sse2.asm
  ..\vp9\common\x86\vp9_mfqe_sse2.asm
  ..\vp9\encoder\x86\vp9_dct_sse2.asm
  ..\vp9\encoder\x86\vp9_error_sse2.asm
  ..\vp9\encoder\x86\vp9_quantize_ssse3_x86_64.asm
  ..\vpx_dsp\x86\add_noise_sse2.asm
  ..\vpx_dsp\x86\avg_ssse3_x86_64.asm
  ..\vpx_dsp\x86\bitdepth_conversion_sse2.asm
  ..\vpx_dsp\x86\deblock_sse2.asm
  ..\vpx_dsp\x86\fwd_txfm_ssse3_x86_64.asm
  ..\vpx_dsp\x86\highbd_intrapred_sse2.asm
  ..\vpx_dsp\x86\highbd_sad4d_sse2.asm
  ..\vpx_dsp\x86\highbd_sad_sse2.asm
  ..\vpx_dsp\x86\highbd_subpel_variance_impl_sse2.asm
  ..\vpx_dsp\x86\highbd_variance_impl_sse2.asm
  ..\vpx_dsp\x86\intrapred_sse2.asm
  ..\vpx_dsp\x86\intrapred_ssse3.asm
  ..\vpx_dsp\x86\inv_wht_sse2.asm
  ..\vpx_dsp\x86\sad4d_sse2.asm
  ..\vpx_dsp\x86\sad_sse2.asm
  ..\vpx_dsp\x86\sad_sse3.asm
  ..\vpx_dsp\x86\sad_sse4.asm
  ..\vpx_dsp\x86\sad_ssse3.asm
  ..\vpx_dsp\x86\ssim_opt_x86_64.asm
  ..\vpx_dsp\x86\subpel_variance_sse2.asm
  ..\vpx_dsp\x86\subtract_sse2.asm
  ..\vpx_dsp\x86\vpx_convolve_copy_sse2.asm
  ..\vpx_dsp\x86\vpx_high_subpixel_8t_sse2.asm
  ..\vpx_dsp\x86\vpx_high_subpixel_bilinear_sse2.asm
  ..\vpx_dsp\x86\vpx_subpixel_8t_sse2.asm
  ..\vpx_dsp\x86\vpx_subpixel_8t_ssse3.asm
  ..\vpx_dsp\x86\vpx_subpixel_bilinear_sse2.asm
  ..\vpx_dsp\x86\vpx_subpixel_bilinear_ssse3.asm
  ..\vpx_ports\emms_mmx.asm
  ..\vpx_ports\float_control_word.asm
  Custom Clean Step
