e:\beek_song\ffmpeg_vs\ffmpeg\ffmpeg\speex\smp\obj\debug\x64\libspeex\exc_5_256_table.obj
e:\beek_song\ffmpeg_vs\ffmpeg\ffmpeg\speex\smp\obj\debug\x64\libspeex\exc_10_32_table.obj
e:\beek_song\ffmpeg_vs\ffmpeg\ffmpeg\speex\smp\obj\debug\x64\libspeex\exc_5_64_table.obj
e:\beek_song\ffmpeg_vs\ffmpeg\ffmpeg\speex\smp\obj\debug\x64\libspeex\high_lsp_tables.obj
e:\beek_song\ffmpeg_vs\ffmpeg\ffmpeg\speex\smp\obj\debug\x64\libspeex\exc_20_32_table.obj
e:\beek_song\ffmpeg_vs\ffmpeg\ffmpeg\speex\smp\obj\debug\x64\libspeex\lpc.obj
e:\beek_song\ffmpeg_vs\ffmpeg\ffmpeg\speex\smp\obj\debug\x64\libspeex\exc_10_16_table.obj
e:\beek_song\ffmpeg_vs\ffmpeg\ffmpeg\speex\smp\obj\debug\x64\libspeex\hexc_10_32_table.obj
e:\beek_song\ffmpeg_vs\ffmpeg\ffmpeg\speex\smp\obj\debug\x64\libspeex\window.obj
e:\beek_song\ffmpeg_vs\ffmpeg\ffmpeg\speex\smp\obj\debug\x64\libspeex\gain_table_lbr.obj
e:\beek_song\ffmpeg_vs\ffmpeg\ffmpeg\speex\smp\obj\debug\x64\libspeex\exc_8_128_table.obj
e:\beek_song\ffmpeg_vs\ffmpeg\ffmpeg\speex\smp\obj\debug\x64\libspeex\gain_table.obj
e:\beek_song\ffmpeg_vs\ffmpeg\ffmpeg\speex\smp\obj\debug\x64\libspeex\lsp_tables_nb.obj
e:\beek_song\ffmpeg_vs\ffmpeg\ffmpeg\speex\smp\obj\debug\x64\libspeex\hexc_table.obj
e:\beek_song\ffmpeg_vs\ffmpeg\ffmpeg\speex\smp\obj\debug\x64\libspeex\bits.obj
e:\beek_song\ffmpeg_vs\ffmpeg\ffmpeg\speex\smp\obj\debug\x64\libspeex\nb_celp.obj
e:\beek_song\ffmpeg_vs\ffmpeg\ffmpeg\speex\smp\obj\debug\x64\libspeex\lsp.obj
e:\beek_song\ffmpeg_vs\ffmpeg\ffmpeg\speex\smp\obj\debug\x64\libspeex\vbr.obj
e:\beek_song\ffmpeg_vs\ffmpeg\ffmpeg\speex\smp\obj\debug\x64\libspeex\cb_search.obj
e:\beek_song\ffmpeg_vs\ffmpeg\ffmpeg\speex\smp\obj\debug\x64\libspeex\quant_lsp.obj
e:\beek_song\ffmpeg_vs\ffmpeg\ffmpeg\speex\smp\obj\debug\x64\libspeex\speex.obj
e:\beek_song\ffmpeg_vs\ffmpeg\ffmpeg\speex\smp\obj\debug\x64\libspeex\ltp.obj
e:\beek_song\ffmpeg_vs\ffmpeg\ffmpeg\speex\smp\obj\debug\x64\libspeex\smallft.obj
e:\beek_song\ffmpeg_vs\ffmpeg\ffmpeg\speex\smp\obj\debug\x64\libspeex\filters.obj
e:\beek_song\ffmpeg_vs\ffmpeg\ffmpeg\speex\smp\obj\debug\x64\libspeex\modes_wb.obj
e:\beek_song\ffmpeg_vs\ffmpeg\ffmpeg\speex\smp\obj\debug\x64\libspeex\modes.obj
e:\beek_song\ffmpeg_vs\ffmpeg\ffmpeg\speex\smp\obj\debug\x64\libspeex\vq.obj
e:\beek_song\ffmpeg_vs\ffmpeg\ffmpeg\speex\smp\obj\debug\x64\libspeex\speex_callbacks.obj
e:\beek_song\ffmpeg_vs\ffmpeg\ffmpeg\speex\smp\obj\debug\x64\libspeex\stereo.obj
e:\beek_song\ffmpeg_vs\ffmpeg\ffmpeg\speex\smp\obj\debug\x64\libspeex\fftwrap.obj
e:\beek_song\ffmpeg_vs\ffmpeg\ffmpeg\speex\smp\obj\debug\x64\libspeex\sb_celp.obj
e:\beek_song\ffmpeg_vs\ffmpeg\ffmpeg\speex\smp\obj\debug\x64\libspeex\speex_header.obj
e:\beek_song\ffmpeg_vs\ffmpeg\msvc\lib\x64\libspeexd.pdb
e:\beek_song\ffmpeg_vs\ffmpeg\msvc\lib\x64\libspeexd.lib
e:\beek_song\ffmpeg_vs\ffmpeg\ffmpeg\speex\smp\obj\debug\x64\libspeex\libspeex.tlog\cl.10396.write.1.tlog
e:\beek_song\ffmpeg_vs\ffmpeg\ffmpeg\speex\smp\obj\debug\x64\libspeex\libspeex.tlog\cl.command.1.tlog
e:\beek_song\ffmpeg_vs\ffmpeg\ffmpeg\speex\smp\obj\debug\x64\libspeex\libspeex.tlog\cl.read.1.tlog
e:\beek_song\ffmpeg_vs\ffmpeg\ffmpeg\speex\smp\obj\debug\x64\libspeex\libspeex.tlog\lib-link.read.1.tlog
e:\beek_song\ffmpeg_vs\ffmpeg\ffmpeg\speex\smp\obj\debug\x64\libspeex\libspeex.tlog\lib-link.write.1.tlog
e:\beek_song\ffmpeg_vs\ffmpeg\ffmpeg\speex\smp\obj\debug\x64\libspeex\libspeex.tlog\lib.command.1.tlog
