  ..\libavcodec\x86\ac3dsp.asm
  ..\libavcodec\x86\ac3dsp_downmix.asm
  ..\libavcodec\x86\audiodsp.asm
  ..\libavcodec\x86\blockdsp.asm
  ..\libavcodec\x86\bswapdsp.asm
  ..\libavcodec\x86\dct32.asm
  ..\libavcodec\x86\fft.asm
  ..\libavcodec\x86\fmtconvert.asm
  ..\libavcodec\x86\h263_loopfilter.asm
  ..\libavcodec\x86\h264_chromamc.asm
  ..\libavcodec\x86\h264_chromamc_10bit.asm
  ..\libavcodec\x86\h264_deblock.asm
  ..\libavcodec\x86\h264_deblock_10bit.asm
  ..\libavcodec\x86\h264_idct.asm
  ..\libavcodec\x86\h264_idct_10bit.asm
  ..\libavcodec\x86\h264_weight.asm
  ..\libavcodec\x86\h264_weight_10bit.asm
  ..\libavcodec\x86\h264_intrapred.asm
  ..\libavcodec\x86\h264_intrapred_10bit.asm
  ..\libavcodec\x86\h264_qpel_8bit.asm
  ..\libavcodec\x86\h264_qpel_10bit.asm
  ..\libavcodec\x86\fpel.asm
  ..\libavcodec\x86\qpel.asm
  ..\libavcodec\x86\hpeldsp.asm
  ..\libavcodec\x86\huffyuvdsp.asm
  ..\libavcodec\x86\huffyuvencdsp.asm
  ..\libavcodec\x86\idctdsp.asm
  ..\libavcodec\x86\lossless_audiodsp.asm
  ..\libavcodec\x86\lossless_videodsp.asm
  ..\libavcodec\x86\lossless_videoencdsp.asm
  ..\libavcodec\x86\mdct15.asm
  ..\libavcodec\x86\me_cmp.asm
  ..\libavcodec\x86\imdct36.asm
  ..\libavcodec\x86\mpegvideoencdsp.asm
  ..\libavcodec\x86\opusdsp.asm
  ..\libavcodec\x86\celt_pvq_search.asm
  ..\libavcodec\x86\pixblockdsp.asm
  ..\libavcodec\x86\qpeldsp.asm
  ..\libavcodec\x86\rv34dsp.asm
  ..\libavcodec\x86\vc1dsp_loopfilter.asm
  ..\libavcodec\x86\vc1dsp_mc.asm
  ..\libavcodec\x86\simple_idct10.asm
  ..\libavcodec\x86\simple_idct.asm
  ..\libavcodec\x86\videodsp.asm
  ..\libavcodec\x86\vp3dsp.asm
  ..\libavcodec\x86\vp8dsp.asm
  ..\libavcodec\x86\vp8dsp_loopfilter.asm
  ..\libavcodec\x86\aacpsdsp.asm
  ..\libavcodec\x86\sbrdsp.asm
  ..\libavcodec\x86\aacencdsp.asm
  ..\libavcodec\x86\g722dsp.asm
  ..\libavcodec\x86\alacdsp.asm
  ..\libavcodec\x86\pngdsp.asm
  ..\libavcodec\x86\cavsidct.asm
  ..\libavcodec\x86\cfhdencdsp.asm
  ..\libavcodec\x86\cfhddsp.asm
  ..\libavcodec\x86\dcadsp.asm
  ..\libavcodec\x86\synth_filter.asm
  ..\libavcodec\x86\diracdsp.asm
  ..\libavcodec\x86\dirac_dwt.asm
  ..\libavcodec\x86\dnxhdenc.asm
  ..\libavcodec\x86\exrdsp.asm
  ..\libavcodec\x86\flacdsp.asm
  ..\libavcodec\x86\flac_dsp_gpl.asm
  ..\libavcodec\x86\hevc_add_res.asm
  ..\libavcodec\x86\hevc_deblock.asm
  ..\libavcodec\x86\hevc_idct.asm
  ..\libavcodec\x86\hevc_mc.asm
  ..\libavcodec\x86\hevc_sao.asm
  ..\libavcodec\x86\hevc_sao_10bit.asm
  ..\libavcodec\x86\jpeg2000dsp.asm
  ..\libavcodec\x86\mlpdsp.asm
  ..\libavcodec\x86\xvididct.asm
  ..\libavcodec\x86\proresdsp.asm
  ..\libavcodec\x86\rv40dsp.asm
  ..\libavcodec\x86\sbcdsp.asm
  ..\libavcodec\x86\svq1enc.asm
  ..\libavcodec\x86\takdsp.asm
  ..\libavcodec\x86\ttadsp.asm
  ..\libavcodec\x86\ttaencdsp.asm
  ..\libavcodec\x86\utvideodsp.asm
  ..\libavcodec\x86\v210enc.asm
  ..\libavcodec\x86\v210.asm
  ..\libavcodec\x86\vorbisdsp.asm
  ..\libavcodec\x86\hpeldsp_vp3.asm
  ..\libavcodec\x86\vp6dsp.asm
  ..\libavcodec\x86\vp9intrapred.asm
  ..\libavcodec\x86\vp9intrapred_16bpp.asm
  ..\libavcodec\x86\vp9itxfm.asm
  ..\libavcodec\x86\vp9itxfm_16bpp.asm
  ..\libavcodec\x86\vp9lpf.asm
  ..\libavcodec\x86\vp9lpf_16bpp.asm
  ..\libavcodec\x86\vp9mc.asm
  ..\libavcodec\x86\vp9mc_16bpp.asm
