e:\beek_song\ffmpeg_vs\ffmpeg\ffmpeg\ffmpeg\smp\obj\debug\x64\libavcodec\ac3dsp.obj
e:\beek_song\ffmpeg_vs\ffmpeg\ffmpeg\ffmpeg\smp\obj\debug\x64\libavcodec\ac3dsp_downmix.obj
e:\beek_song\ffmpeg_vs\ffmpeg\ffmpeg\ffmpeg\smp\obj\debug\x64\libavcodec\audiodsp.obj
e:\beek_song\ffmpeg_vs\ffmpeg\ffmpeg\ffmpeg\smp\obj\debug\x64\libavcodec\blockdsp.obj
e:\beek_song\ffmpeg_vs\ffmpeg\ffmpeg\ffmpeg\smp\obj\debug\x64\libavcodec\bswapdsp.obj
e:\beek_song\ffmpeg_vs\ffmpeg\ffmpeg\ffmpeg\smp\obj\debug\x64\libavcodec\dct32.obj
e:\beek_song\ffmpeg_vs\ffmpeg\ffmpeg\ffmpeg\smp\obj\debug\x64\libavcodec\fft.obj
e:\beek_song\ffmpeg_vs\ffmpeg\ffmpeg\ffmpeg\smp\obj\debug\x64\libavcodec\fmtconvert.obj
e:\beek_song\ffmpeg_vs\ffmpeg\ffmpeg\ffmpeg\smp\obj\debug\x64\libavcodec\h263_loopfilter.obj
e:\beek_song\ffmpeg_vs\ffmpeg\ffmpeg\ffmpeg\smp\obj\debug\x64\libavcodec\h264_chromamc.obj
e:\beek_song\ffmpeg_vs\ffmpeg\ffmpeg\ffmpeg\smp\obj\debug\x64\libavcodec\h264_chromamc_10bit.obj
e:\beek_song\ffmpeg_vs\ffmpeg\ffmpeg\ffmpeg\smp\obj\debug\x64\libavcodec\h264_deblock.obj
e:\beek_song\ffmpeg_vs\ffmpeg\ffmpeg\ffmpeg\smp\obj\debug\x64\libavcodec\h264_deblock_10bit.obj
e:\beek_song\ffmpeg_vs\ffmpeg\ffmpeg\ffmpeg\smp\obj\debug\x64\libavcodec\h264_idct.obj
e:\beek_song\ffmpeg_vs\ffmpeg\ffmpeg\ffmpeg\smp\obj\debug\x64\libavcodec\h264_idct_10bit.obj
e:\beek_song\ffmpeg_vs\ffmpeg\ffmpeg\ffmpeg\smp\obj\debug\x64\libavcodec\h264_weight.obj
e:\beek_song\ffmpeg_vs\ffmpeg\ffmpeg\ffmpeg\smp\obj\debug\x64\libavcodec\h264_weight_10bit.obj
e:\beek_song\ffmpeg_vs\ffmpeg\ffmpeg\ffmpeg\smp\obj\debug\x64\libavcodec\h264_intrapred.obj
e:\beek_song\ffmpeg_vs\ffmpeg\ffmpeg\ffmpeg\smp\obj\debug\x64\libavcodec\h264_intrapred_10bit.obj
e:\beek_song\ffmpeg_vs\ffmpeg\ffmpeg\ffmpeg\smp\obj\debug\x64\libavcodec\h264_qpel_8bit.obj
e:\beek_song\ffmpeg_vs\ffmpeg\ffmpeg\ffmpeg\smp\obj\debug\x64\libavcodec\h264_qpel_10bit.obj
e:\beek_song\ffmpeg_vs\ffmpeg\ffmpeg\ffmpeg\smp\obj\debug\x64\libavcodec\fpel.obj
e:\beek_song\ffmpeg_vs\ffmpeg\ffmpeg\ffmpeg\smp\obj\debug\x64\libavcodec\qpel.obj
e:\beek_song\ffmpeg_vs\ffmpeg\ffmpeg\ffmpeg\smp\obj\debug\x64\libavcodec\hpeldsp.obj
e:\beek_song\ffmpeg_vs\ffmpeg\ffmpeg\ffmpeg\smp\obj\debug\x64\libavcodec\huffyuvdsp.obj
e:\beek_song\ffmpeg_vs\ffmpeg\ffmpeg\ffmpeg\smp\obj\debug\x64\libavcodec\huffyuvencdsp.obj
e:\beek_song\ffmpeg_vs\ffmpeg\ffmpeg\ffmpeg\smp\obj\debug\x64\libavcodec\idctdsp.obj
e:\beek_song\ffmpeg_vs\ffmpeg\ffmpeg\ffmpeg\smp\obj\debug\x64\libavcodec\lossless_audiodsp.obj
e:\beek_song\ffmpeg_vs\ffmpeg\ffmpeg\ffmpeg\smp\obj\debug\x64\libavcodec\lossless_videodsp.obj
e:\beek_song\ffmpeg_vs\ffmpeg\ffmpeg\ffmpeg\smp\obj\debug\x64\libavcodec\lossless_videoencdsp.obj
e:\beek_song\ffmpeg_vs\ffmpeg\ffmpeg\ffmpeg\smp\obj\debug\x64\libavcodec\mdct15.obj
e:\beek_song\ffmpeg_vs\ffmpeg\ffmpeg\ffmpeg\smp\obj\debug\x64\libavcodec\me_cmp.obj
e:\beek_song\ffmpeg_vs\ffmpeg\ffmpeg\ffmpeg\smp\obj\debug\x64\libavcodec\imdct36.obj
e:\beek_song\ffmpeg_vs\ffmpeg\ffmpeg\ffmpeg\smp\obj\debug\x64\libavcodec\mpegvideoencdsp.obj
e:\beek_song\ffmpeg_vs\ffmpeg\ffmpeg\ffmpeg\smp\obj\debug\x64\libavcodec\opusdsp.obj
e:\beek_song\ffmpeg_vs\ffmpeg\ffmpeg\ffmpeg\smp\obj\debug\x64\libavcodec\celt_pvq_search.obj
e:\beek_song\ffmpeg_vs\ffmpeg\ffmpeg\ffmpeg\smp\obj\debug\x64\libavcodec\pixblockdsp.obj
e:\beek_song\ffmpeg_vs\ffmpeg\ffmpeg\ffmpeg\smp\obj\debug\x64\libavcodec\qpeldsp.obj
e:\beek_song\ffmpeg_vs\ffmpeg\ffmpeg\ffmpeg\smp\obj\debug\x64\libavcodec\rv34dsp.obj
e:\beek_song\ffmpeg_vs\ffmpeg\ffmpeg\ffmpeg\smp\obj\debug\x64\libavcodec\vc1dsp_loopfilter.obj
e:\beek_song\ffmpeg_vs\ffmpeg\ffmpeg\ffmpeg\smp\obj\debug\x64\libavcodec\vc1dsp_mc.obj
e:\beek_song\ffmpeg_vs\ffmpeg\ffmpeg\ffmpeg\smp\obj\debug\x64\libavcodec\simple_idct10.obj
e:\beek_song\ffmpeg_vs\ffmpeg\ffmpeg\ffmpeg\smp\obj\debug\x64\libavcodec\simple_idct.obj
e:\beek_song\ffmpeg_vs\ffmpeg\ffmpeg\ffmpeg\smp\obj\debug\x64\libavcodec\videodsp.obj
e:\beek_song\ffmpeg_vs\ffmpeg\ffmpeg\ffmpeg\smp\obj\debug\x64\libavcodec\vp3dsp.obj
e:\beek_song\ffmpeg_vs\ffmpeg\ffmpeg\ffmpeg\smp\obj\debug\x64\libavcodec\vp8dsp.obj
e:\beek_song\ffmpeg_vs\ffmpeg\ffmpeg\ffmpeg\smp\obj\debug\x64\libavcodec\vp8dsp_loopfilter.obj
e:\beek_song\ffmpeg_vs\ffmpeg\ffmpeg\ffmpeg\smp\obj\debug\x64\libavcodec\aacpsdsp.obj
e:\beek_song\ffmpeg_vs\ffmpeg\ffmpeg\ffmpeg\smp\obj\debug\x64\libavcodec\sbrdsp.obj
e:\beek_song\ffmpeg_vs\ffmpeg\ffmpeg\ffmpeg\smp\obj\debug\x64\libavcodec\aacencdsp.obj
e:\beek_song\ffmpeg_vs\ffmpeg\ffmpeg\ffmpeg\smp\obj\debug\x64\libavcodec\g722dsp.obj
e:\beek_song\ffmpeg_vs\ffmpeg\ffmpeg\ffmpeg\smp\obj\debug\x64\libavcodec\alacdsp.obj
e:\beek_song\ffmpeg_vs\ffmpeg\ffmpeg\ffmpeg\smp\obj\debug\x64\libavcodec\pngdsp.obj
e:\beek_song\ffmpeg_vs\ffmpeg\ffmpeg\ffmpeg\smp\obj\debug\x64\libavcodec\cavsidct.obj
e:\beek_song\ffmpeg_vs\ffmpeg\ffmpeg\ffmpeg\smp\obj\debug\x64\libavcodec\cfhdencdsp.obj
e:\beek_song\ffmpeg_vs\ffmpeg\ffmpeg\ffmpeg\smp\obj\debug\x64\libavcodec\cfhddsp.obj
e:\beek_song\ffmpeg_vs\ffmpeg\ffmpeg\ffmpeg\smp\obj\debug\x64\libavcodec\dcadsp.obj
e:\beek_song\ffmpeg_vs\ffmpeg\ffmpeg\ffmpeg\smp\obj\debug\x64\libavcodec\synth_filter.obj
e:\beek_song\ffmpeg_vs\ffmpeg\ffmpeg\ffmpeg\smp\obj\debug\x64\libavcodec\diracdsp.obj
e:\beek_song\ffmpeg_vs\ffmpeg\ffmpeg\ffmpeg\smp\obj\debug\x64\libavcodec\dirac_dwt.obj
e:\beek_song\ffmpeg_vs\ffmpeg\ffmpeg\ffmpeg\smp\obj\debug\x64\libavcodec\dnxhdenc.obj
e:\beek_song\ffmpeg_vs\ffmpeg\ffmpeg\ffmpeg\smp\obj\debug\x64\libavcodec\exrdsp.obj
e:\beek_song\ffmpeg_vs\ffmpeg\ffmpeg\ffmpeg\smp\obj\debug\x64\libavcodec\flacdsp.obj
e:\beek_song\ffmpeg_vs\ffmpeg\ffmpeg\ffmpeg\smp\obj\debug\x64\libavcodec\flac_dsp_gpl.obj
e:\beek_song\ffmpeg_vs\ffmpeg\ffmpeg\ffmpeg\smp\obj\debug\x64\libavcodec\hevc_add_res.obj
e:\beek_song\ffmpeg_vs\ffmpeg\ffmpeg\ffmpeg\smp\obj\debug\x64\libavcodec\hevc_deblock.obj
e:\beek_song\ffmpeg_vs\ffmpeg\ffmpeg\ffmpeg\smp\obj\debug\x64\libavcodec\hevc_idct.obj
e:\beek_song\ffmpeg_vs\ffmpeg\ffmpeg\ffmpeg\smp\obj\debug\x64\libavcodec\hevc_mc.obj
e:\beek_song\ffmpeg_vs\ffmpeg\ffmpeg\ffmpeg\smp\obj\debug\x64\libavcodec\hevc_sao.obj
e:\beek_song\ffmpeg_vs\ffmpeg\ffmpeg\ffmpeg\smp\obj\debug\x64\libavcodec\hevc_sao_10bit.obj
e:\beek_song\ffmpeg_vs\ffmpeg\ffmpeg\ffmpeg\smp\obj\debug\x64\libavcodec\jpeg2000dsp.obj
e:\beek_song\ffmpeg_vs\ffmpeg\ffmpeg\ffmpeg\smp\obj\debug\x64\libavcodec\mlpdsp.obj
e:\beek_song\ffmpeg_vs\ffmpeg\ffmpeg\ffmpeg\smp\obj\debug\x64\libavcodec\xvididct.obj
e:\beek_song\ffmpeg_vs\ffmpeg\ffmpeg\ffmpeg\smp\obj\debug\x64\libavcodec\proresdsp.obj
e:\beek_song\ffmpeg_vs\ffmpeg\ffmpeg\ffmpeg\smp\obj\debug\x64\libavcodec\rv40dsp.obj
e:\beek_song\ffmpeg_vs\ffmpeg\ffmpeg\ffmpeg\smp\obj\debug\x64\libavcodec\sbcdsp.obj
e:\beek_song\ffmpeg_vs\ffmpeg\ffmpeg\ffmpeg\smp\obj\debug\x64\libavcodec\svq1enc.obj
e:\beek_song\ffmpeg_vs\ffmpeg\ffmpeg\ffmpeg\smp\obj\debug\x64\libavcodec\takdsp.obj
e:\beek_song\ffmpeg_vs\ffmpeg\ffmpeg\ffmpeg\smp\obj\debug\x64\libavcodec\ttadsp.obj
e:\beek_song\ffmpeg_vs\ffmpeg\ffmpeg\ffmpeg\smp\obj\debug\x64\libavcodec\ttaencdsp.obj
e:\beek_song\ffmpeg_vs\ffmpeg\ffmpeg\ffmpeg\smp\obj\debug\x64\libavcodec\utvideodsp.obj
e:\beek_song\ffmpeg_vs\ffmpeg\ffmpeg\ffmpeg\smp\obj\debug\x64\libavcodec\v210enc.obj
e:\beek_song\ffmpeg_vs\ffmpeg\ffmpeg\ffmpeg\smp\obj\debug\x64\libavcodec\v210.obj
e:\beek_song\ffmpeg_vs\ffmpeg\ffmpeg\ffmpeg\smp\obj\debug\x64\libavcodec\vorbisdsp.obj
e:\beek_song\ffmpeg_vs\ffmpeg\ffmpeg\ffmpeg\smp\obj\debug\x64\libavcodec\hpeldsp_vp3.obj
e:\beek_song\ffmpeg_vs\ffmpeg\ffmpeg\ffmpeg\smp\obj\debug\x64\libavcodec\vp6dsp.obj
e:\beek_song\ffmpeg_vs\ffmpeg\ffmpeg\ffmpeg\smp\obj\debug\x64\libavcodec\vp9intrapred.obj
e:\beek_song\ffmpeg_vs\ffmpeg\ffmpeg\ffmpeg\smp\obj\debug\x64\libavcodec\vp9intrapred_16bpp.obj
e:\beek_song\ffmpeg_vs\ffmpeg\ffmpeg\ffmpeg\smp\obj\debug\x64\libavcodec\vp9itxfm.obj
e:\beek_song\ffmpeg_vs\ffmpeg\ffmpeg\ffmpeg\smp\obj\debug\x64\libavcodec\vp9itxfm_16bpp.obj
e:\beek_song\ffmpeg_vs\ffmpeg\ffmpeg\ffmpeg\smp\obj\debug\x64\libavcodec\vp9lpf.obj
e:\beek_song\ffmpeg_vs\ffmpeg\ffmpeg\ffmpeg\smp\obj\debug\x64\libavcodec\vp9lpf_16bpp.obj
e:\beek_song\ffmpeg_vs\ffmpeg\ffmpeg\ffmpeg\smp\obj\debug\x64\libavcodec\vp9mc.obj
e:\beek_song\ffmpeg_vs\ffmpeg\ffmpeg\ffmpeg\smp\obj\debug\x64\libavcodec\vp9mc_16bpp.obj
e:\beek_song\ffmpeg_vs\ffmpeg\ffmpeg\ffmpeg\smp\obj\debug\x64\libavcodec\libavcodec.tlog\nasm.read.1u.tlog
e:\beek_song\ffmpeg_vs\ffmpeg\ffmpeg\ffmpeg\smp\obj\debug\x64\libavcodec\libavcodec.tlog\nasm.write.1u.tlog
