e:\beek_song\ffmpeg_vs\ffmpeg\ffmpeg\zlib\smp\obj\debug\x64\libzlib\gzwrite.obj
e:\beek_song\ffmpeg_vs\ffmpeg\ffmpeg\zlib\smp\obj\debug\x64\libzlib\ioapi.obj
e:\beek_song\ffmpeg_vs\ffmpeg\ffmpeg\zlib\smp\obj\debug\x64\libzlib\gzread.obj
e:\beek_song\ffmpeg_vs\ffmpeg\ffmpeg\zlib\smp\obj\debug\x64\libzlib\unzip.obj
e:\beek_song\ffmpeg_vs\ffmpeg\ffmpeg\zlib\smp\obj\debug\x64\libzlib\infback.obj
e:\beek_song\ffmpeg_vs\ffmpeg\ffmpeg\zlib\smp\obj\debug\x64\libzlib\zutil.obj
e:\beek_song\ffmpeg_vs\ffmpeg\ffmpeg\zlib\smp\obj\debug\x64\libzlib\compress.obj
e:\beek_song\ffmpeg_vs\ffmpeg\ffmpeg\zlib\smp\obj\debug\x64\libzlib\zip.obj
e:\beek_song\ffmpeg_vs\ffmpeg\ffmpeg\zlib\smp\obj\debug\x64\libzlib\deflate.obj
e:\beek_song\ffmpeg_vs\ffmpeg\ffmpeg\zlib\smp\obj\debug\x64\libzlib\inffast.obj
e:\beek_song\ffmpeg_vs\ffmpeg\ffmpeg\zlib\smp\obj\debug\x64\libzlib\adler32.obj
e:\beek_song\ffmpeg_vs\ffmpeg\ffmpeg\zlib\smp\obj\debug\x64\libzlib\trees.obj
e:\beek_song\ffmpeg_vs\ffmpeg\ffmpeg\zlib\smp\obj\debug\x64\libzlib\inftrees.obj
e:\beek_song\ffmpeg_vs\ffmpeg\ffmpeg\zlib\smp\obj\debug\x64\libzlib\gzclose.obj
e:\beek_song\ffmpeg_vs\ffmpeg\ffmpeg\zlib\smp\obj\debug\x64\libzlib\gzlib.obj
e:\beek_song\ffmpeg_vs\ffmpeg\ffmpeg\zlib\smp\obj\debug\x64\libzlib\inflate.obj
e:\beek_song\ffmpeg_vs\ffmpeg\ffmpeg\zlib\smp\obj\debug\x64\libzlib\crc32.obj
e:\beek_song\ffmpeg_vs\ffmpeg\ffmpeg\zlib\smp\obj\debug\x64\libzlib\uncompr.obj
e:\beek_song\ffmpeg_vs\ffmpeg\msvc\lib\x64\libzlibd.pdb
e:\beek_song\ffmpeg_vs\ffmpeg\msvc\lib\x64\libzlibd.lib
e:\beek_song\ffmpeg_vs\ffmpeg\ffmpeg\zlib\smp\obj\debug\x64\libzlib\libzlib.tlog\cl.12820.write.1.tlog
e:\beek_song\ffmpeg_vs\ffmpeg\ffmpeg\zlib\smp\obj\debug\x64\libzlib\libzlib.tlog\cl.command.1.tlog
e:\beek_song\ffmpeg_vs\ffmpeg\ffmpeg\zlib\smp\obj\debug\x64\libzlib\libzlib.tlog\cl.read.1.tlog
e:\beek_song\ffmpeg_vs\ffmpeg\ffmpeg\zlib\smp\obj\debug\x64\libzlib\libzlib.tlog\lib-link.read.1.tlog
e:\beek_song\ffmpeg_vs\ffmpeg\ffmpeg\zlib\smp\obj\debug\x64\libzlib\libzlib.tlog\lib-link.write.1.tlog
e:\beek_song\ffmpeg_vs\ffmpeg\ffmpeg\zlib\smp\obj\debug\x64\libzlib\libzlib.tlog\lib.command.1.tlog
