e:\beek_song\ffmpeg_vs\ffmpeg\msvc\lib\x64\libswresampled.pdb
e:\beek_song\ffmpeg_vs\ffmpeg\msvc\lib\x64\libswresampled.idb
e:\beek_song\ffmpeg_vs\ffmpeg\ffmpeg\ffmpeg\smp\obj\debug\x64\libswresample\libswresample_rematrix.obj
e:\beek_song\ffmpeg_vs\ffmpeg\ffmpeg\ffmpeg\smp\obj\debug\x64\libswresample\log2_tab_wrap.obj
e:\beek_song\ffmpeg_vs\ffmpeg\ffmpeg\ffmpeg\smp\obj\debug\x64\libswresample\options.obj
e:\beek_song\ffmpeg_vs\ffmpeg\ffmpeg\ffmpeg\smp\obj\debug\x64\libswresample\soxr_resample.obj
e:\beek_song\ffmpeg_vs\ffmpeg\ffmpeg\ffmpeg\smp\obj\debug\x64\libswresample\swresample_frame.obj
e:\beek_song\ffmpeg_vs\ffmpeg\ffmpeg\ffmpeg\smp\obj\debug\x64\libswresample\resample_init.obj
e:\beek_song\ffmpeg_vs\ffmpeg\ffmpeg\ffmpeg\smp\obj\debug\x64\libswresample\dce_defs.obj
e:\beek_song\ffmpeg_vs\ffmpeg\ffmpeg\ffmpeg\smp\obj\debug\x64\libswresample\swresample.obj
e:\beek_song\ffmpeg_vs\ffmpeg\ffmpeg\ffmpeg\smp\obj\debug\x64\libswresample\audioconvert.obj
e:\beek_song\ffmpeg_vs\ffmpeg\ffmpeg\ffmpeg\smp\obj\debug\x64\libswresample\dither.obj
e:\beek_song\ffmpeg_vs\ffmpeg\ffmpeg\ffmpeg\smp\obj\debug\x64\libswresample\audio_convert_init.obj
e:\beek_song\ffmpeg_vs\ffmpeg\ffmpeg\ffmpeg\smp\obj\debug\x64\libswresample\resample_dsp.obj
e:\beek_song\ffmpeg_vs\ffmpeg\ffmpeg\ffmpeg\smp\obj\debug\x64\libswresample\rematrix_init.obj
e:\beek_song\ffmpeg_vs\ffmpeg\ffmpeg\ffmpeg\smp\obj\debug\x64\libswresample\libswresample_resample.obj
e:\beek_song\ffmpeg_vs\ffmpeg\msvc\lib\x64\libswresampled.lib
e:\beek_song\ffmpeg_vs\ffmpeg\ffmpeg\ffmpeg\smp\obj\debug\x64\libswresample\audio_convert.obj
e:\beek_song\ffmpeg_vs\ffmpeg\ffmpeg\ffmpeg\smp\obj\debug\x64\libswresample\rematrix.obj
e:\beek_song\ffmpeg_vs\ffmpeg\ffmpeg\ffmpeg\smp\obj\debug\x64\libswresample\resample.obj
e:\beek_song\ffmpeg_vs\ffmpeg\ffmpeg\ffmpeg\smp\obj\debug\x64\libswresample\libswresample.tlog\cl.command.1.tlog
e:\beek_song\ffmpeg_vs\ffmpeg\ffmpeg\ffmpeg\smp\obj\debug\x64\libswresample\libswresample.tlog\cl.read.1.tlog
e:\beek_song\ffmpeg_vs\ffmpeg\ffmpeg\ffmpeg\smp\obj\debug\x64\libswresample\libswresample.tlog\cl.write.1.tlog
e:\beek_song\ffmpeg_vs\ffmpeg\ffmpeg\ffmpeg\smp\obj\debug\x64\libswresample\libswresample.tlog\lib-link.read.1.tlog
e:\beek_song\ffmpeg_vs\ffmpeg\ffmpeg\ffmpeg\smp\obj\debug\x64\libswresample\libswresample.tlog\lib-link.write.1.tlog
e:\beek_song\ffmpeg_vs\ffmpeg\ffmpeg\ffmpeg\smp\obj\debug\x64\libswresample\libswresample.tlog\lib.command.1.tlog
e:\beek_song\ffmpeg_vs\ffmpeg\ffmpeg\ffmpeg\smp\obj\debug\x64\libswresample\libswresample.tlog\nasm.read.1u.tlog
e:\beek_song\ffmpeg_vs\ffmpeg\ffmpeg\ffmpeg\smp\obj\debug\x64\libswresample\libswresample.tlog\nasm.write.1u.tlog
