e:\beek_song\ffmpeg_vs\ffmpeg\msvc\lib\x64\libfontconfigd.pdb
e:\beek_song\ffmpeg_vs\ffmpeg\msvc\lib\x64\libfontconfigd.idb
e:\beek_song\ffmpeg_vs\ffmpeg\ffmpeg\fontconfig\smp\obj\debug\x64\libfontconfig\fcfreetype.obj
e:\beek_song\ffmpeg_vs\ffmpeg\ffmpeg\fontconfig\smp\obj\debug\x64\libfontconfig\fcinit.obj
e:\beek_song\ffmpeg_vs\ffmpeg\ffmpeg\fontconfig\smp\obj\debug\x64\libfontconfig\fcname.obj
e:\beek_song\ffmpeg_vs\ffmpeg\ffmpeg\fontconfig\smp\obj\debug\x64\libfontconfig\fccharset.obj
e:\beek_song\ffmpeg_vs\ffmpeg\ffmpeg\fontconfig\smp\obj\debug\x64\libfontconfig\fcpat.obj
e:\beek_song\ffmpeg_vs\ffmpeg\ffmpeg\fontconfig\smp\obj\debug\x64\libfontconfig\fclist.obj
e:\beek_song\ffmpeg_vs\ffmpeg\ffmpeg\fontconfig\smp\obj\debug\x64\libfontconfig\fcstr.obj
e:\beek_song\ffmpeg_vs\ffmpeg\ffmpeg\fontconfig\smp\obj\debug\x64\libfontconfig\fclang.obj
e:\beek_song\ffmpeg_vs\ffmpeg\ffmpeg\fontconfig\smp\obj\debug\x64\libfontconfig\fcatomic.obj
e:\beek_song\ffmpeg_vs\ffmpeg\ffmpeg\fontconfig\smp\obj\debug\x64\libfontconfig\fcmatrix.obj
e:\beek_song\ffmpeg_vs\ffmpeg\ffmpeg\fontconfig\smp\obj\debug\x64\libfontconfig\fcformat.obj
e:\beek_song\ffmpeg_vs\ffmpeg\ffmpeg\fontconfig\smp\obj\debug\x64\libfontconfig\fcobjs.obj
e:\beek_song\ffmpeg_vs\ffmpeg\ffmpeg\fontconfig\smp\obj\debug\x64\libfontconfig\fchash.obj
e:\beek_song\ffmpeg_vs\ffmpeg\ffmpeg\fontconfig\smp\obj\debug\x64\libfontconfig\fcmatch.obj
e:\beek_song\ffmpeg_vs\ffmpeg\ffmpeg\fontconfig\smp\obj\debug\x64\libfontconfig\fcdir.obj
e:\beek_song\ffmpeg_vs\ffmpeg\ffmpeg\fontconfig\smp\obj\debug\x64\libfontconfig\fcweight.obj
e:\beek_song\ffmpeg_vs\ffmpeg\ffmpeg\fontconfig\smp\obj\debug\x64\libfontconfig\fcdbg.obj
e:\beek_song\ffmpeg_vs\ffmpeg\ffmpeg\fontconfig\smp\obj\debug\x64\libfontconfig\fcptrlist.obj
e:\beek_song\ffmpeg_vs\ffmpeg\ffmpeg\fontconfig\smp\obj\debug\x64\libfontconfig\fcdefault.obj
e:\beek_song\ffmpeg_vs\ffmpeg\ffmpeg\fontconfig\smp\obj\debug\x64\libfontconfig\fcserialize.obj
e:\beek_song\ffmpeg_vs\ffmpeg\ffmpeg\fontconfig\smp\obj\debug\x64\libfontconfig\ftglue.obj
e:\beek_song\ffmpeg_vs\ffmpeg\ffmpeg\fontconfig\smp\obj\debug\x64\libfontconfig\fcfs.obj
e:\beek_song\ffmpeg_vs\ffmpeg\ffmpeg\fontconfig\smp\obj\debug\x64\libfontconfig\fcrange.obj
e:\beek_song\ffmpeg_vs\ffmpeg\ffmpeg\fontconfig\smp\obj\debug\x64\libfontconfig\fccache.obj
e:\beek_song\ffmpeg_vs\ffmpeg\ffmpeg\fontconfig\smp\obj\debug\x64\libfontconfig\fcxml.obj
e:\beek_song\ffmpeg_vs\ffmpeg\ffmpeg\fontconfig\smp\obj\debug\x64\libfontconfig\fccompat.obj
e:\beek_song\ffmpeg_vs\ffmpeg\ffmpeg\fontconfig\smp\obj\debug\x64\libfontconfig\fcstat.obj
e:\beek_song\ffmpeg_vs\ffmpeg\ffmpeg\fontconfig\smp\obj\debug\x64\libfontconfig\fccfg.obj
e:\beek_song\ffmpeg_vs\ffmpeg\msvc\lib\x64\libfontconfigd.lib
e:\beek_song\ffmpeg_vs\ffmpeg\ffmpeg\fontconfig\smp\obj\debug\x64\libfontconfig\libfontconfig.tlog\cl.command.1.tlog
e:\beek_song\ffmpeg_vs\ffmpeg\ffmpeg\fontconfig\smp\obj\debug\x64\libfontconfig\libfontconfig.tlog\cl.read.1.tlog
e:\beek_song\ffmpeg_vs\ffmpeg\ffmpeg\fontconfig\smp\obj\debug\x64\libfontconfig\libfontconfig.tlog\cl.write.1.tlog
e:\beek_song\ffmpeg_vs\ffmpeg\ffmpeg\fontconfig\smp\obj\debug\x64\libfontconfig\libfontconfig.tlog\lib-link.read.1.tlog
e:\beek_song\ffmpeg_vs\ffmpeg\ffmpeg\fontconfig\smp\obj\debug\x64\libfontconfig\libfontconfig.tlog\lib-link.write.1.tlog
e:\beek_song\ffmpeg_vs\ffmpeg\ffmpeg\fontconfig\smp\obj\debug\x64\libfontconfig\libfontconfig.tlog\lib.command.1.tlog
