e:\beek_song\ffmpeg_vs\ffmpeg\ffmpeg\libgpg-error\smp\obj\debug\x64\libgpg-error\b64enc.obj
e:\beek_song\ffmpeg_vs\ffmpeg\ffmpeg\libgpg-error\smp\obj\debug\x64\libgpg-error\sysutils.obj
e:\beek_song\ffmpeg_vs\ffmpeg\ffmpeg\libgpg-error\smp\obj\debug\x64\libgpg-error\estream.obj
e:\beek_song\ffmpeg_vs\ffmpeg\ffmpeg\libgpg-error\smp\obj\debug\x64\libgpg-error\stringutils.obj
e:\beek_song\ffmpeg_vs\ffmpeg\ffmpeg\libgpg-error\smp\obj\debug\x64\libgpg-error\w32-estream.obj
e:\beek_song\ffmpeg_vs\ffmpeg\ffmpeg\libgpg-error\smp\obj\debug\x64\libgpg-error\estream-printf.obj
e:\beek_song\ffmpeg_vs\ffmpeg\ffmpeg\libgpg-error\smp\obj\debug\x64\libgpg-error\visibility.obj
e:\beek_song\ffmpeg_vs\ffmpeg\ffmpeg\libgpg-error\smp\obj\debug\x64\libgpg-error\strerror-sym.obj
e:\beek_song\ffmpeg_vs\ffmpeg\ffmpeg\libgpg-error\smp\obj\debug\x64\libgpg-error\version.obj
e:\beek_song\ffmpeg_vs\ffmpeg\ffmpeg\libgpg-error\smp\obj\debug\x64\libgpg-error\w32-thread.obj
e:\beek_song\ffmpeg_vs\ffmpeg\ffmpeg\libgpg-error\smp\obj\debug\x64\libgpg-error\code-from-errno.obj
e:\beek_song\ffmpeg_vs\ffmpeg\ffmpeg\libgpg-error\smp\obj\debug\x64\libgpg-error\strsource.obj
e:\beek_song\ffmpeg_vs\ffmpeg\ffmpeg\libgpg-error\smp\obj\debug\x64\libgpg-error\w32-iconv.obj
e:\beek_song\ffmpeg_vs\ffmpeg\ffmpeg\libgpg-error\smp\obj\debug\x64\libgpg-error\argparse.obj
e:\beek_song\ffmpeg_vs\ffmpeg\ffmpeg\libgpg-error\smp\obj\debug\x64\libgpg-error\strsource-sym.obj
e:\beek_song\ffmpeg_vs\ffmpeg\ffmpeg\libgpg-error\smp\obj\debug\x64\libgpg-error\w32-lock.obj
e:\beek_song\ffmpeg_vs\ffmpeg\ffmpeg\libgpg-error\smp\obj\debug\x64\libgpg-error\code-to-errno.obj
e:\beek_song\ffmpeg_vs\ffmpeg\ffmpeg\libgpg-error\smp\obj\debug\x64\libgpg-error\strerror.obj
e:\beek_song\ffmpeg_vs\ffmpeg\ffmpeg\libgpg-error\smp\obj\debug\x64\libgpg-error\w32-gettext.obj
e:\beek_song\ffmpeg_vs\ffmpeg\ffmpeg\libgpg-error\smp\obj\debug\x64\libgpg-error\init.obj
e:\beek_song\ffmpeg_vs\ffmpeg\ffmpeg\libgpg-error\smp\obj\debug\x64\libgpg-error\b64dec.obj
e:\beek_song\ffmpeg_vs\ffmpeg\ffmpeg\libgpg-error\smp\obj\debug\x64\libgpg-error\syscall-clamp.obj
e:\beek_song\ffmpeg_vs\ffmpeg\ffmpeg\libgpg-error\smp\obj\debug\x64\libgpg-error\w32-reg.obj
e:\beek_song\ffmpeg_vs\ffmpeg\ffmpeg\libgpg-error\smp\obj\debug\x64\libgpg-error\logging.obj
e:\beek_song\ffmpeg_vs\ffmpeg\msvc\lib\x64\libgpg-errord.pdb
e:\beek_song\ffmpeg_vs\ffmpeg\msvc\lib\x64\libgpg-errord.lib
e:\beek_song\ffmpeg_vs\ffmpeg\ffmpeg\libgpg-error\smp\obj\debug\x64\libgpg-error\libgpg-error.tlog\cl.14080.write.1.tlog
e:\beek_song\ffmpeg_vs\ffmpeg\ffmpeg\libgpg-error\smp\obj\debug\x64\libgpg-error\libgpg-error.tlog\cl.command.1.tlog
e:\beek_song\ffmpeg_vs\ffmpeg\ffmpeg\libgpg-error\smp\obj\debug\x64\libgpg-error\libgpg-error.tlog\cl.read.1.tlog
e:\beek_song\ffmpeg_vs\ffmpeg\ffmpeg\libgpg-error\smp\obj\debug\x64\libgpg-error\libgpg-error.tlog\lib-link.read.1.tlog
e:\beek_song\ffmpeg_vs\ffmpeg\ffmpeg\libgpg-error\smp\obj\debug\x64\libgpg-error\libgpg-error.tlog\lib-link.write.1.tlog
e:\beek_song\ffmpeg_vs\ffmpeg\ffmpeg\libgpg-error\smp\obj\debug\x64\libgpg-error\libgpg-error.tlog\lib.command.1.tlog
