e:\beek_song\ffmpeg_vs\ffmpeg\ffmpeg\soxr\smp\obj\debug\x64\libsoxr\cr32.obj
e:\beek_song\ffmpeg_vs\ffmpeg\ffmpeg\soxr\smp\obj\debug\x64\libsoxr\util64s.obj
e:\beek_song\ffmpeg_vs\ffmpeg\ffmpeg\soxr\smp\obj\debug\x64\libsoxr\pffft64s.obj
e:\beek_song\ffmpeg_vs\ffmpeg\ffmpeg\soxr\smp\obj\debug\x64\libsoxr\cr64s.obj
e:\beek_song\ffmpeg_vs\ffmpeg\ffmpeg\soxr\smp\obj\debug\x64\libsoxr\fft4g64.obj
e:\beek_song\ffmpeg_vs\ffmpeg\ffmpeg\soxr\smp\obj\debug\x64\libsoxr\vr32.obj
e:\beek_song\ffmpeg_vs\ffmpeg\ffmpeg\soxr\smp\obj\debug\x64\libsoxr\cr.obj
e:\beek_song\ffmpeg_vs\ffmpeg\ffmpeg\soxr\smp\obj\debug\x64\libsoxr\util32s.obj
e:\beek_song\ffmpeg_vs\ffmpeg\ffmpeg\soxr\smp\obj\debug\x64\libsoxr\fft4g32.obj
e:\beek_song\ffmpeg_vs\ffmpeg\ffmpeg\soxr\smp\obj\debug\x64\libsoxr\data-io.obj
e:\beek_song\ffmpeg_vs\ffmpeg\ffmpeg\soxr\smp\obj\debug\x64\libsoxr\dbesi0.obj
e:\beek_song\ffmpeg_vs\ffmpeg\ffmpeg\soxr\smp\obj\debug\x64\libsoxr\soxr.obj
e:\beek_song\ffmpeg_vs\ffmpeg\ffmpeg\soxr\smp\obj\debug\x64\libsoxr\cr32s.obj
e:\beek_song\ffmpeg_vs\ffmpeg\ffmpeg\soxr\smp\obj\debug\x64\libsoxr\pffft32s.obj
e:\beek_song\ffmpeg_vs\ffmpeg\ffmpeg\soxr\smp\obj\debug\x64\libsoxr\filter.obj
e:\beek_song\ffmpeg_vs\ffmpeg\ffmpeg\soxr\smp\obj\debug\x64\libsoxr\cr64.obj
e:\beek_song\ffmpeg_vs\ffmpeg\msvc\lib\x64\libsoxrd.pdb
e:\beek_song\ffmpeg_vs\ffmpeg\msvc\lib\x64\libsoxrd.lib
e:\beek_song\ffmpeg_vs\ffmpeg\ffmpeg\soxr\smp\obj\debug\x64\libsoxr\libsoxr.tlog\cl.10876.write.1.tlog
e:\beek_song\ffmpeg_vs\ffmpeg\ffmpeg\soxr\smp\obj\debug\x64\libsoxr\libsoxr.tlog\cl.command.1.tlog
e:\beek_song\ffmpeg_vs\ffmpeg\ffmpeg\soxr\smp\obj\debug\x64\libsoxr\libsoxr.tlog\cl.read.1.tlog
e:\beek_song\ffmpeg_vs\ffmpeg\ffmpeg\soxr\smp\obj\debug\x64\libsoxr\libsoxr.tlog\lib-link.read.1.tlog
e:\beek_song\ffmpeg_vs\ffmpeg\ffmpeg\soxr\smp\obj\debug\x64\libsoxr\libsoxr.tlog\lib-link.write.1.tlog
e:\beek_song\ffmpeg_vs\ffmpeg\ffmpeg\soxr\smp\obj\debug\x64\libsoxr\libsoxr.tlog\lib.command.1.tlog
