e:\beek_song\ffmpeg_vs\ffmpeg\msvc\lib\x64\libavutild.pdb
e:\beek_song\ffmpeg_vs\ffmpeg\msvc\lib\x64\libavutild.idb
e:\beek_song\ffmpeg_vs\ffmpeg\ffmpeg\ffmpeg\smp\obj\debug\x64\libavutil\libavutil_float_dsp.obj
e:\beek_song\ffmpeg_vs\ffmpeg\ffmpeg\ffmpeg\smp\obj\debug\x64\libavutil\log2_tab.obj
e:\beek_song\ffmpeg_vs\ffmpeg\ffmpeg\ffmpeg\smp\obj\debug\x64\libavutil\reverse.obj
e:\beek_song\ffmpeg_vs\ffmpeg\ffmpeg\ffmpeg\smp\obj\debug\x64\libavutil\bprint.obj
e:\beek_song\ffmpeg_vs\ffmpeg\ffmpeg\ffmpeg\smp\obj\debug\x64\libavutil\display.obj
e:\beek_song\ffmpeg_vs\ffmpeg\ffmpeg\ffmpeg\smp\obj\debug\x64\libavutil\file_open.obj
e:\beek_song\ffmpeg_vs\ffmpeg\ffmpeg\ffmpeg\smp\obj\debug\x64\libavutil\tea.obj
e:\beek_song\ffmpeg_vs\ffmpeg\ffmpeg\ffmpeg\smp\obj\debug\x64\libavutil\strtod.obj
e:\beek_song\ffmpeg_vs\ffmpeg\ffmpeg\ffmpeg\smp\obj\debug\x64\libavutil\fixed_dsp_init.obj
e:\beek_song\ffmpeg_vs\ffmpeg\ffmpeg\ffmpeg\smp\obj\debug\x64\libavutil\cast5.obj
e:\beek_song\ffmpeg_vs\ffmpeg\ffmpeg\ffmpeg\smp\obj\debug\x64\libavutil\downmix_info.obj
e:\beek_song\ffmpeg_vs\ffmpeg\ffmpeg\ffmpeg\smp\obj\debug\x64\libavutil\frame.obj
e:\beek_song\ffmpeg_vs\ffmpeg\ffmpeg\ffmpeg\smp\obj\debug\x64\libavutil\mastering_display_metadata.obj
e:\beek_song\ffmpeg_vs\ffmpeg\ffmpeg\ffmpeg\smp\obj\debug\x64\libavutil\ripemd.obj
e:\beek_song\ffmpeg_vs\ffmpeg\ffmpeg\ffmpeg\smp\obj\debug\x64\libavutil\tree.obj
e:\beek_song\ffmpeg_vs\ffmpeg\ffmpeg\ffmpeg\smp\obj\debug\x64\libavutil\tx_int32.obj
e:\beek_song\ffmpeg_vs\ffmpeg\ffmpeg\ffmpeg\smp\obj\debug\x64\libavutil\avsscanf.obj
e:\beek_song\ffmpeg_vs\ffmpeg\ffmpeg\ffmpeg\smp\obj\debug\x64\libavutil\encryption_info.obj
e:\beek_song\ffmpeg_vs\ffmpeg\ffmpeg\ffmpeg\smp\obj\debug\x64\libavutil\hmac.obj
e:\beek_song\ffmpeg_vs\ffmpeg\ffmpeg\ffmpeg\smp\obj\debug\x64\libavutil\mathematics.obj
e:\beek_song\ffmpeg_vs\ffmpeg\ffmpeg\ffmpeg\smp\obj\debug\x64\libavutil\rational.obj
e:\beek_song\ffmpeg_vs\ffmpeg\ffmpeg\ffmpeg\smp\obj\debug\x64\libavutil\spherical.obj
e:\beek_song\ffmpeg_vs\ffmpeg\ffmpeg\ffmpeg\smp\obj\debug\x64\libavutil\twofish.obj
e:\beek_song\ffmpeg_vs\ffmpeg\ffmpeg\ffmpeg\smp\obj\debug\x64\libavutil\video_enc_params.obj
e:\beek_song\ffmpeg_vs\ffmpeg\ffmpeg\ffmpeg\smp\obj\debug\x64\libavutil\pixelutils_init.obj
e:\beek_song\ffmpeg_vs\ffmpeg\ffmpeg\ffmpeg\smp\obj\debug\x64\libavutil\blowfish.obj
e:\beek_song\ffmpeg_vs\ffmpeg\ffmpeg\ffmpeg\smp\obj\debug\x64\libavutil\des.obj
e:\beek_song\ffmpeg_vs\ffmpeg\ffmpeg\ffmpeg\smp\obj\debug\x64\libavutil\hash.obj
e:\beek_song\ffmpeg_vs\ffmpeg\ffmpeg\ffmpeg\smp\obj\debug\x64\libavutil\lfg.obj
e:\beek_song\ffmpeg_vs\ffmpeg\ffmpeg\ffmpeg\smp\obj\debug\x64\libavutil\parseutils.obj
e:\beek_song\ffmpeg_vs\ffmpeg\ffmpeg\ffmpeg\smp\obj\debug\x64\libavutil\sha.obj
e:\beek_song\ffmpeg_vs\ffmpeg\ffmpeg\ffmpeg\smp\obj\debug\x64\libavutil\utils.obj
e:\beek_song\ffmpeg_vs\ffmpeg\ffmpeg\ffmpeg\smp\obj\debug\x64\libavutil\film_grain_params.obj
e:\beek_song\ffmpeg_vs\ffmpeg\ffmpeg\ffmpeg\smp\obj\debug\x64\libavutil\hwcontext_cuda_wrap.obj
e:\beek_song\ffmpeg_vs\ffmpeg\ffmpeg\ffmpeg\smp\obj\debug\x64\libavutil\camellia.obj
e:\beek_song\ffmpeg_vs\ffmpeg\ffmpeg\ffmpeg\smp\obj\debug\x64\libavutil\detection_bbox.obj
e:\beek_song\ffmpeg_vs\ffmpeg\ffmpeg\ffmpeg\smp\obj\debug\x64\libavutil\file.obj
e:\beek_song\ffmpeg_vs\ffmpeg\ffmpeg\ffmpeg\smp\obj\debug\x64\libavutil\tx.obj
e:\beek_song\ffmpeg_vs\ffmpeg\ffmpeg\ffmpeg\smp\obj\debug\x64\libavutil\dce_defs.obj
e:\beek_song\ffmpeg_vs\ffmpeg\ffmpeg\ffmpeg\smp\obj\debug\x64\libavutil\buffer.obj
e:\beek_song\ffmpeg_vs\ffmpeg\ffmpeg\ffmpeg\smp\obj\debug\x64\libavutil\hwcontext.obj
e:\beek_song\ffmpeg_vs\ffmpeg\ffmpeg\ffmpeg\smp\obj\debug\x64\libavutil\md5.obj
e:\beek_song\ffmpeg_vs\ffmpeg\ffmpeg\ffmpeg\smp\obj\debug\x64\libavutil\samplefmt.obj
e:\beek_song\ffmpeg_vs\ffmpeg\ffmpeg\ffmpeg\smp\obj\debug\x64\libavutil\threadmessage.obj
e:\beek_song\ffmpeg_vs\ffmpeg\ffmpeg\ffmpeg\smp\obj\debug\x64\libavutil\lls_init.obj
e:\beek_song\ffmpeg_vs\ffmpeg\ffmpeg\ffmpeg\smp\obj\debug\x64\libavutil\hwcontext_qsv_wrap.obj
e:\beek_song\ffmpeg_vs\ffmpeg\ffmpeg\ffmpeg\smp\obj\debug\x64\libavutil\base64.obj
e:\beek_song\ffmpeg_vs\ffmpeg\ffmpeg\ffmpeg\smp\obj\debug\x64\libavutil\channel_layout.obj
e:\beek_song\ffmpeg_vs\ffmpeg\ffmpeg\ffmpeg\smp\obj\debug\x64\libavutil\eval.obj
e:\beek_song\ffmpeg_vs\ffmpeg\ffmpeg\ffmpeg\smp\obj\debug\x64\libavutil\intmath.obj
e:\beek_song\ffmpeg_vs\ffmpeg\ffmpeg\ffmpeg\smp\obj\debug\x64\libavutil\random_seed.obj
e:\beek_song\ffmpeg_vs\ffmpeg\ffmpeg\ffmpeg\smp\obj\debug\x64\libavutil\imgutils_init.obj
e:\beek_song\ffmpeg_vs\ffmpeg\ffmpeg\ffmpeg\smp\obj\debug\x64\libavutil\avstring.obj
e:\beek_song\ffmpeg_vs\ffmpeg\ffmpeg\ffmpeg\smp\obj\debug\x64\libavutil\dict.obj
e:\beek_song\ffmpeg_vs\ffmpeg\ffmpeg\ffmpeg\smp\obj\debug\x64\libavutil\hdr_dynamic_metadata.obj
e:\beek_song\ffmpeg_vs\ffmpeg\ffmpeg\ffmpeg\smp\obj\debug\x64\libavutil\mem.obj
e:\beek_song\ffmpeg_vs\ffmpeg\ffmpeg\ffmpeg\smp\obj\debug\x64\libavutil\timecode.obj
e:\beek_song\ffmpeg_vs\ffmpeg\ffmpeg\ffmpeg\smp\obj\debug\x64\libavutil\tx_double.obj
e:\beek_song\ffmpeg_vs\ffmpeg\ffmpeg\ffmpeg\smp\obj\debug\x64\libavutil\audio_fifo.obj
e:\beek_song\ffmpeg_vs\ffmpeg\ffmpeg\ffmpeg\smp\obj\debug\x64\libavutil\color_utils.obj
e:\beek_song\ffmpeg_vs\ffmpeg\ffmpeg\ffmpeg\smp\obj\debug\x64\libavutil\error.obj
e:\beek_song\ffmpeg_vs\ffmpeg\ffmpeg\ffmpeg\smp\obj\debug\x64\libavutil\integer.obj
e:\beek_song\ffmpeg_vs\ffmpeg\ffmpeg\ffmpeg\smp\obj\debug\x64\libavutil\pixdesc.obj
e:\beek_song\ffmpeg_vs\ffmpeg\ffmpeg\ffmpeg\smp\obj\debug\x64\libavutil\slicethread.obj
e:\beek_song\ffmpeg_vs\ffmpeg\ffmpeg\ffmpeg\smp\obj\debug\x64\libavutil\getopt.obj
e:\beek_song\ffmpeg_vs\ffmpeg\ffmpeg\ffmpeg\smp\obj\debug\x64\libavutil\tx_float_init.obj
e:\beek_song\ffmpeg_vs\ffmpeg\ffmpeg\ffmpeg\smp\obj\debug\x64\libavutil\aes_ctr.obj
e:\beek_song\ffmpeg_vs\ffmpeg\ffmpeg\ffmpeg\smp\obj\debug\x64\libavutil\crc.obj
e:\beek_song\ffmpeg_vs\ffmpeg\ffmpeg\ffmpeg\smp\obj\debug\x64\libavutil\opt.obj
e:\beek_song\ffmpeg_vs\ffmpeg\ffmpeg\ffmpeg\smp\obj\debug\x64\libavutil\sha512.obj
e:\beek_song\ffmpeg_vs\ffmpeg\ffmpeg\ffmpeg\smp\obj\debug\x64\libavutil\xtea.obj
e:\beek_song\ffmpeg_vs\ffmpeg\ffmpeg\ffmpeg\smp\obj\debug\x64\libavutil\snprintf.obj
e:\beek_song\ffmpeg_vs\ffmpeg\ffmpeg\ffmpeg\smp\obj\debug\x64\libavutil\float_dsp_init.obj
e:\beek_song\ffmpeg_vs\ffmpeg\ffmpeg\ffmpeg\smp\obj\debug\x64\libavutil\hwcontext_dxva2_wrap.obj
e:\beek_song\ffmpeg_vs\ffmpeg\ffmpeg\ffmpeg\smp\obj\debug\x64\libavutil\adler32.obj
e:\beek_song\ffmpeg_vs\ffmpeg\ffmpeg\ffmpeg\smp\obj\debug\x64\libavutil\cpu.obj
e:\beek_song\ffmpeg_vs\ffmpeg\ffmpeg\ffmpeg\smp\obj\debug\x64\libavutil\murmur3.obj
e:\beek_song\ffmpeg_vs\ffmpeg\ffmpeg\ffmpeg\smp\obj\debug\x64\libavutil\rc4.obj
e:\beek_song\ffmpeg_vs\ffmpeg\ffmpeg\ffmpeg\smp\obj\debug\x64\libavutil\stereo3d.obj
e:\beek_song\ffmpeg_vs\ffmpeg\ffmpeg\ffmpeg\smp\obj\debug\x64\libavutil\xga_font_data.obj
e:\beek_song\ffmpeg_vs\ffmpeg\ffmpeg\ffmpeg\smp\obj\debug\x64\libavutil\lzo.obj
e:\beek_song\ffmpeg_vs\ffmpeg\ffmpeg\ffmpeg\smp\obj\debug\x64\libavutil\hwcontext_d3d11va_wrap.obj
e:\beek_song\ffmpeg_vs\ffmpeg\ffmpeg\ffmpeg\smp\obj\debug\x64\libavutil\aes.obj
e:\beek_song\ffmpeg_vs\ffmpeg\ffmpeg\ffmpeg\smp\obj\debug\x64\libavutil\dovi_meta.obj
e:\beek_song\ffmpeg_vs\ffmpeg\ffmpeg\ffmpeg\smp\obj\debug\x64\libavutil\fifo.obj
e:\beek_song\ffmpeg_vs\ffmpeg\ffmpeg\ffmpeg\smp\obj\debug\x64\libavutil\log.obj
e:\beek_song\ffmpeg_vs\ffmpeg\ffmpeg\ffmpeg\smp\obj\debug\x64\libavutil\time.obj
e:\beek_song\ffmpeg_vs\ffmpeg\ffmpeg\ffmpeg\smp\obj\debug\x64\libavutil\libavutil_fixed_dsp.obj
e:\beek_song\ffmpeg_vs\ffmpeg\ffmpeg\ffmpeg\smp\obj\debug\x64\libavutil\libavutil_imgutils.obj
e:\beek_song\ffmpeg_vs\ffmpeg\ffmpeg\ffmpeg\smp\obj\debug\x64\libavutil\libavutil_lls.obj
e:\beek_song\ffmpeg_vs\ffmpeg\ffmpeg\ffmpeg\smp\obj\debug\x64\libavutil\libavutil_pixelutils.obj
e:\beek_song\ffmpeg_vs\ffmpeg\ffmpeg\ffmpeg\smp\obj\debug\x64\libavutil\libavutil_tx_float.obj
e:\beek_song\ffmpeg_vs\ffmpeg\ffmpeg\ffmpeg\smp\obj\debug\x64\libavutil\libavutil_x86_cpu.obj
e:\beek_song\ffmpeg_vs\ffmpeg\msvc\lib\x64\libavutild.lib
e:\beek_song\ffmpeg_vs\ffmpeg\ffmpeg\ffmpeg\smp\obj\debug\x64\libavutil\cpuid.obj
e:\beek_song\ffmpeg_vs\ffmpeg\ffmpeg\ffmpeg\smp\obj\debug\x64\libavutil\emms.obj
e:\beek_song\ffmpeg_vs\ffmpeg\ffmpeg\ffmpeg\smp\obj\debug\x64\libavutil\fixed_dsp.obj
e:\beek_song\ffmpeg_vs\ffmpeg\ffmpeg\ffmpeg\smp\obj\debug\x64\libavutil\float_dsp.obj
e:\beek_song\ffmpeg_vs\ffmpeg\ffmpeg\ffmpeg\smp\obj\debug\x64\libavutil\imgutils.obj
e:\beek_song\ffmpeg_vs\ffmpeg\ffmpeg\ffmpeg\smp\obj\debug\x64\libavutil\lls.obj
e:\beek_song\ffmpeg_vs\ffmpeg\ffmpeg\ffmpeg\smp\obj\debug\x64\libavutil\tx_float.obj
e:\beek_song\ffmpeg_vs\ffmpeg\ffmpeg\ffmpeg\smp\obj\debug\x64\libavutil\pixelutils.obj
e:\beek_song\ffmpeg_vs\ffmpeg\ffmpeg\ffmpeg\smp\obj\debug\x64\libavutil\libavutil.tlog\cl.command.1.tlog
e:\beek_song\ffmpeg_vs\ffmpeg\ffmpeg\ffmpeg\smp\obj\debug\x64\libavutil\libavutil.tlog\cl.read.1.tlog
e:\beek_song\ffmpeg_vs\ffmpeg\ffmpeg\ffmpeg\smp\obj\debug\x64\libavutil\libavutil.tlog\cl.write.1.tlog
e:\beek_song\ffmpeg_vs\ffmpeg\ffmpeg\ffmpeg\smp\obj\debug\x64\libavutil\libavutil.tlog\lib-link.read.1.tlog
e:\beek_song\ffmpeg_vs\ffmpeg\ffmpeg\ffmpeg\smp\obj\debug\x64\libavutil\libavutil.tlog\lib-link.write.1.tlog
e:\beek_song\ffmpeg_vs\ffmpeg\ffmpeg\ffmpeg\smp\obj\debug\x64\libavutil\libavutil.tlog\lib.command.1.tlog
e:\beek_song\ffmpeg_vs\ffmpeg\ffmpeg\ffmpeg\smp\obj\debug\x64\libavutil\libavutil.tlog\nasm.read.1u.tlog
e:\beek_song\ffmpeg_vs\ffmpeg\ffmpeg\ffmpeg\smp\obj\debug\x64\libavutil\libavutil.tlog\nasm.write.1u.tlog
