e:\beek_song\ffmpeg_vs\ffmpeg\ffmpeg\freetype2\smp\obj\debug\x64\libfreetype2\dlgwrap.obj
e:\beek_song\ffmpeg_vs\ffmpeg\ffmpeg\freetype2\smp\obj\debug\x64\libfreetype2\autofit.obj
e:\beek_song\ffmpeg_vs\ffmpeg\ffmpeg\freetype2\smp\obj\debug\x64\libfreetype2\ftbzip2.obj
e:\beek_song\ffmpeg_vs\ffmpeg\ffmpeg\freetype2\smp\obj\debug\x64\libfreetype2\raster.obj
e:\beek_song\ffmpeg_vs\ffmpeg\ffmpeg\freetype2\smp\obj\debug\x64\libfreetype2\ftfstype.obj
e:\beek_song\ffmpeg_vs\ffmpeg\ffmpeg\freetype2\smp\obj\debug\x64\libfreetype2\ftmm.obj
e:\beek_song\ffmpeg_vs\ffmpeg\ffmpeg\freetype2\smp\obj\debug\x64\libfreetype2\ftlzw.obj
e:\beek_song\ffmpeg_vs\ffmpeg\ffmpeg\freetype2\smp\obj\debug\x64\libfreetype2\smooth.obj
e:\beek_song\ffmpeg_vs\ffmpeg\ffmpeg\freetype2\smp\obj\debug\x64\libfreetype2\ftsystem.obj
e:\beek_song\ffmpeg_vs\ffmpeg\ffmpeg\freetype2\smp\obj\debug\x64\libfreetype2\ftpfr.obj
e:\beek_song\ffmpeg_vs\ffmpeg\ffmpeg\freetype2\smp\obj\debug\x64\libfreetype2\ftgzip.obj
e:\beek_song\ffmpeg_vs\ffmpeg\ffmpeg\freetype2\smp\obj\debug\x64\libfreetype2\winfnt.obj
e:\beek_song\ffmpeg_vs\ffmpeg\ffmpeg\freetype2\smp\obj\debug\x64\libfreetype2\ftbdf.obj
e:\beek_song\ffmpeg_vs\ffmpeg\ffmpeg\freetype2\smp\obj\debug\x64\libfreetype2\ftsynth.obj
e:\beek_song\ffmpeg_vs\ffmpeg\ffmpeg\freetype2\smp\obj\debug\x64\libfreetype2\pshinter.obj
e:\beek_song\ffmpeg_vs\ffmpeg\ffmpeg\freetype2\smp\obj\debug\x64\libfreetype2\ftgxval.obj
e:\beek_song\ffmpeg_vs\ffmpeg\ffmpeg\freetype2\smp\obj\debug\x64\libfreetype2\ftwinfnt.obj
e:\beek_song\ffmpeg_vs\ffmpeg\ffmpeg\freetype2\smp\obj\debug\x64\libfreetype2\psaux.obj
e:\beek_song\ffmpeg_vs\ffmpeg\ffmpeg\freetype2\smp\obj\debug\x64\libfreetype2\ftglyph.obj
e:\beek_song\ffmpeg_vs\ffmpeg\ffmpeg\freetype2\smp\obj\debug\x64\libfreetype2\fttype1.obj
e:\beek_song\ffmpeg_vs\ffmpeg\ffmpeg\freetype2\smp\obj\debug\x64\libfreetype2\pcf.obj
e:\beek_song\ffmpeg_vs\ffmpeg\ffmpeg\freetype2\smp\obj\debug\x64\libfreetype2\type42.obj
e:\beek_song\ffmpeg_vs\ffmpeg\ffmpeg\freetype2\smp\obj\debug\x64\libfreetype2\ftcid.obj
e:\beek_song\ffmpeg_vs\ffmpeg\ffmpeg\freetype2\smp\obj\debug\x64\libfreetype2\ftinit.obj
e:\beek_song\ffmpeg_vs\ffmpeg\ffmpeg\freetype2\smp\obj\debug\x64\libfreetype2\cff.obj
e:\beek_song\ffmpeg_vs\ffmpeg\ffmpeg\freetype2\smp\obj\debug\x64\libfreetype2\type1.obj
e:\beek_song\ffmpeg_vs\ffmpeg\ffmpeg\freetype2\smp\obj\debug\x64\libfreetype2\ftbbox.obj
e:\beek_song\ffmpeg_vs\ffmpeg\ffmpeg\freetype2\smp\obj\debug\x64\libfreetype2\ftstroke.obj
e:\beek_song\ffmpeg_vs\ffmpeg\ffmpeg\freetype2\smp\obj\debug\x64\libfreetype2\pfr.obj
e:\beek_song\ffmpeg_vs\ffmpeg\ffmpeg\freetype2\smp\obj\debug\x64\libfreetype2\ftgasp.obj
e:\beek_song\ffmpeg_vs\ffmpeg\ffmpeg\freetype2\smp\obj\debug\x64\libfreetype2\bdf.obj
e:\beek_song\ffmpeg_vs\ffmpeg\ffmpeg\freetype2\smp\obj\debug\x64\libfreetype2\psmodule.obj
e:\beek_song\ffmpeg_vs\ffmpeg\ffmpeg\freetype2\smp\obj\debug\x64\libfreetype2\ftdebug.obj
e:\beek_song\ffmpeg_vs\ffmpeg\ffmpeg\freetype2\smp\obj\debug\x64\libfreetype2\ftotval.obj
e:\beek_song\ffmpeg_vs\ffmpeg\ffmpeg\freetype2\smp\obj\debug\x64\libfreetype2\type1cid.obj
e:\beek_song\ffmpeg_vs\ffmpeg\ffmpeg\freetype2\smp\obj\debug\x64\libfreetype2\truetype.obj
e:\beek_song\ffmpeg_vs\ffmpeg\ffmpeg\freetype2\smp\obj\debug\x64\libfreetype2\ftbase.obj
e:\beek_song\ffmpeg_vs\ffmpeg\ffmpeg\freetype2\smp\obj\debug\x64\libfreetype2\ftcache.obj
e:\beek_song\ffmpeg_vs\ffmpeg\ffmpeg\freetype2\smp\obj\debug\x64\libfreetype2\sfnt.obj
e:\beek_song\ffmpeg_vs\ffmpeg\ffmpeg\freetype2\smp\obj\debug\x64\libfreetype2\ftbitmap.obj
e:\beek_song\ffmpeg_vs\ffmpeg\ffmpeg\freetype2\smp\obj\debug\x64\libfreetype2\ftpatent.obj
e:\beek_song\ffmpeg_vs\ffmpeg\ffmpeg\freetype2\smp\obj\debug\x64\libfreetype2\sdf.obj
e:\beek_song\ffmpeg_vs\ffmpeg\msvc\lib\x64\libfreetyped.pdb
e:\beek_song\ffmpeg_vs\ffmpeg\msvc\lib\x64\libfreetyped.lib
e:\beek_song\ffmpeg_vs\ffmpeg\ffmpeg\freetype2\smp\obj\debug\x64\libfreetype2\libfreetype2.tlog\cl.10120.write.1.tlog
e:\beek_song\ffmpeg_vs\ffmpeg\ffmpeg\freetype2\smp\obj\debug\x64\libfreetype2\libfreetype2.tlog\cl.command.1.tlog
e:\beek_song\ffmpeg_vs\ffmpeg\ffmpeg\freetype2\smp\obj\debug\x64\libfreetype2\libfreetype2.tlog\cl.read.1.tlog
e:\beek_song\ffmpeg_vs\ffmpeg\ffmpeg\freetype2\smp\obj\debug\x64\libfreetype2\libfreetype2.tlog\lib-link.read.1.tlog
e:\beek_song\ffmpeg_vs\ffmpeg\ffmpeg\freetype2\smp\obj\debug\x64\libfreetype2\libfreetype2.tlog\lib-link.write.1.tlog
e:\beek_song\ffmpeg_vs\ffmpeg\ffmpeg\freetype2\smp\obj\debug\x64\libfreetype2\libfreetype2.tlog\lib.command.1.tlog
