e:\beek_song\ffmpeg_vs\ffmpeg\ffmpeg\libilbc\smp\obj\debug\x64\libilbc\spl_sqrt_floor.obj
e:\beek_song\ffmpeg_vs\ffmpeg\ffmpeg\libilbc\smp\obj\debug\x64\libilbc\spl_inl.obj
e:\beek_song\ffmpeg_vs\ffmpeg\ffmpeg\libilbc\smp\obj\debug\x64\libilbc\bw_expand.obj
e:\beek_song\ffmpeg_vs\ffmpeg\ffmpeg\libilbc\smp\obj\debug\x64\libilbc\constants.obj
e:\beek_song\ffmpeg_vs\ffmpeg\ffmpeg\libilbc\smp\obj\debug\x64\libilbc\frame_classify.obj
e:\beek_song\ffmpeg_vs\ffmpeg\ffmpeg\libilbc\smp\obj\debug\x64\libilbc\init_encode.obj
e:\beek_song\ffmpeg_vs\ffmpeg\ffmpeg\libilbc\smp\obj\debug\x64\libilbc\pack_bits.obj
e:\beek_song\ffmpeg_vs\ffmpeg\ffmpeg\libilbc\smp\obj\debug\x64\libilbc\state_search.obj
e:\beek_song\ffmpeg_vs\ffmpeg\ffmpeg\libilbc\smp\obj\debug\x64\libilbc\downsample_fast.obj
e:\beek_song\ffmpeg_vs\ffmpeg\ffmpeg\libilbc\smp\obj\debug\x64\libilbc\refl_coef_to_lpc.obj
e:\beek_song\ffmpeg_vs\ffmpeg\ffmpeg\libilbc\smp\obj\debug\x64\libilbc\vector_scaling_operations.obj
e:\beek_song\ffmpeg_vs\ffmpeg\ffmpeg\libilbc\smp\obj\debug\x64\libilbc\cb_mem_energy_augmentation.obj
e:\beek_song\ffmpeg_vs\ffmpeg\ffmpeg\libilbc\smp\obj\debug\x64\libilbc\decode_residual.obj
e:\beek_song\ffmpeg_vs\ffmpeg\ffmpeg\libilbc\smp\obj\debug\x64\libilbc\get_cd_vec.obj
e:\beek_song\ffmpeg_vs\ffmpeg\ffmpeg\libilbc\smp\obj\debug\x64\libilbc\lsf_check.obj
e:\beek_song\ffmpeg_vs\ffmpeg\ffmpeg\libilbc\smp\obj\debug\x64\libilbc\refiner.obj
e:\beek_song\ffmpeg_vs\ffmpeg\ffmpeg\libilbc\smp\obj\debug\x64\libilbc\unpack_bits.obj
e:\beek_song\ffmpeg_vs\ffmpeg\ffmpeg\libilbc\smp\obj\debug\x64\libilbc\filter_ar.obj
e:\beek_song\ffmpeg_vs\ffmpeg\ffmpeg\libilbc\smp\obj\debug\x64\libilbc\resample_by_2.obj
e:\beek_song\ffmpeg_vs\ffmpeg\ffmpeg\libilbc\smp\obj\debug\x64\libilbc\abs_quant_loop.obj
e:\beek_song\ffmpeg_vs\ffmpeg\ffmpeg\libilbc\smp\obj\debug\x64\libilbc\create_augmented_vec.obj
e:\beek_song\ffmpeg_vs\ffmpeg\ffmpeg\libilbc\smp\obj\debug\x64\libilbc\gain_dequant.obj
e:\beek_song\ffmpeg_vs\ffmpeg\ffmpeg\libilbc\smp\obj\debug\x64\libilbc\init_decode.obj
e:\beek_song\ffmpeg_vs\ffmpeg\ffmpeg\libilbc\smp\obj\debug\x64\libilbc\nearest_neighbor.obj
e:\beek_song\ffmpeg_vs\ffmpeg\ffmpeg\libilbc\smp\obj\debug\x64\libilbc\state_construct.obj
e:\beek_song\ffmpeg_vs\ffmpeg\ffmpeg\libilbc\smp\obj\debug\x64\libilbc\cross_correlation.obj
e:\beek_song\ffmpeg_vs\ffmpeg\ffmpeg\libilbc\smp\obj\debug\x64\libilbc\randomization_functions.obj
e:\beek_song\ffmpeg_vs\ffmpeg\ffmpeg\libilbc\smp\obj\debug\x64\libilbc\spl_sqrt.obj
e:\beek_song\ffmpeg_vs\ffmpeg\ffmpeg\libilbc\smp\obj\debug\x64\libilbc\cb_update_best_index.obj
e:\beek_song\ffmpeg_vs\ffmpeg\ffmpeg\libilbc\smp\obj\debug\x64\libilbc\enhancer.obj
e:\beek_song\ffmpeg_vs\ffmpeg\ffmpeg\libilbc\smp\obj\debug\x64\libilbc\index_conv_dec.obj
e:\beek_song\ffmpeg_vs\ffmpeg\ffmpeg\libilbc\smp\obj\debug\x64\libilbc\lsf_to_poly.obj
e:\beek_song\ffmpeg_vs\ffmpeg\ffmpeg\libilbc\smp\obj\debug\x64\libilbc\smooth_out_data.obj
e:\beek_song\ffmpeg_vs\ffmpeg\ffmpeg\libilbc\smp\obj\debug\x64\libilbc\copy_set_operations.obj
e:\beek_song\ffmpeg_vs\ffmpeg\ffmpeg\libilbc\smp\obj\debug\x64\libilbc\min_max_operations.obj
e:\beek_song\ffmpeg_vs\ffmpeg\ffmpeg\libilbc\smp\obj\debug\x64\libilbc\sqrt_of_one_minus_x_squared.obj
e:\beek_song\ffmpeg_vs\ffmpeg\ffmpeg\libilbc\smp\obj\debug\x64\libilbc\augmented_cb_corr.obj
e:\beek_song\ffmpeg_vs\ffmpeg\ffmpeg\libilbc\smp\obj\debug\x64\libilbc\comp_corr.obj
e:\beek_song\ffmpeg_vs\ffmpeg\ffmpeg\libilbc\smp\obj\debug\x64\libilbc\filtered_cb_vecs.obj
e:\beek_song\ffmpeg_vs\ffmpeg\ffmpeg\libilbc\smp\obj\debug\x64\libilbc\interpolate.obj
e:\beek_song\ffmpeg_vs\ffmpeg\ffmpeg\libilbc\smp\obj\debug\x64\libilbc\my_corr.obj
e:\beek_song\ffmpeg_vs\ffmpeg\ffmpeg\libilbc\smp\obj\debug\x64\libilbc\sort_sq.obj
e:\beek_song\ffmpeg_vs\ffmpeg\ffmpeg\libilbc\smp\obj\debug\x64\libilbc\auto_corr_to_refl_coef.obj
e:\beek_song\ffmpeg_vs\ffmpeg\ffmpeg\libilbc\smp\obj\debug\x64\libilbc\lpc_to_refl_coef.obj
e:\beek_song\ffmpeg_vs\ffmpeg\ffmpeg\libilbc\smp\obj\debug\x64\libilbc\cb_mem_energy.obj
e:\beek_song\ffmpeg_vs\ffmpeg\ffmpeg\libilbc\smp\obj\debug\x64\libilbc\decoder_interpolate_lsf.obj
e:\beek_song\ffmpeg_vs\ffmpeg\ffmpeg\libilbc\smp\obj\debug\x64\libilbc\gain_quant.obj
e:\beek_song\ffmpeg_vs\ffmpeg\ffmpeg\libilbc\smp\obj\debug\x64\libilbc\interpolate_samples.obj
e:\beek_song\ffmpeg_vs\ffmpeg\ffmpeg\libilbc\smp\obj\debug\x64\libilbc\poly_to_lsp.obj
e:\beek_song\ffmpeg_vs\ffmpeg\ffmpeg\libilbc\smp\obj\debug\x64\libilbc\swap_bytes.obj
e:\beek_song\ffmpeg_vs\ffmpeg\ffmpeg\libilbc\smp\obj\debug\x64\libilbc\energy.obj
e:\beek_song\ffmpeg_vs\ffmpeg\ffmpeg\libilbc\smp\obj\debug\x64\libilbc\resample_48khz.obj
e:\beek_song\ffmpeg_vs\ffmpeg\ffmpeg\libilbc\smp\obj\debug\x64\libilbc\filter_ar_fast_q12.obj
e:\beek_song\ffmpeg_vs\ffmpeg\ffmpeg\libilbc\smp\obj\debug\x64\libilbc\cb_search_core.obj
e:\beek_song\ffmpeg_vs\ffmpeg\ffmpeg\libilbc\smp\obj\debug\x64\libilbc\do_plc.obj
e:\beek_song\ffmpeg_vs\ffmpeg\ffmpeg\libilbc\smp\obj\debug\x64\libilbc\get_lsp_poly.obj
e:\beek_song\ffmpeg_vs\ffmpeg\ffmpeg\libilbc\smp\obj\debug\x64\libilbc\lpc_encode.obj
e:\beek_song\ffmpeg_vs\ffmpeg\ffmpeg\libilbc\smp\obj\debug\x64\libilbc\simple_lpc_analysis.obj
e:\beek_song\ffmpeg_vs\ffmpeg\ffmpeg\libilbc\smp\obj\debug\x64\libilbc\window32_w32.obj
e:\beek_song\ffmpeg_vs\ffmpeg\ffmpeg\libilbc\smp\obj\debug\x64\libilbc\get_scaling_square.obj
e:\beek_song\ffmpeg_vs\ffmpeg\ffmpeg\libilbc\smp\obj\debug\x64\libilbc\resample_fractional.obj
e:\beek_song\ffmpeg_vs\ffmpeg\ffmpeg\libilbc\smp\obj\debug\x64\libilbc\abs_quant.obj
e:\beek_song\ffmpeg_vs\ffmpeg\ffmpeg\libilbc\smp\obj\debug\x64\libilbc\decode.obj
e:\beek_song\ffmpeg_vs\ffmpeg\ffmpeg\libilbc\smp\obj\debug\x64\libilbc\hp_input.obj
e:\beek_song\ffmpeg_vs\ffmpeg\ffmpeg\libilbc\smp\obj\debug\x64\libilbc\lsf_interpolate_to_poly_enc.obj
e:\beek_song\ffmpeg_vs\ffmpeg\ffmpeg\libilbc\smp\obj\debug\x64\libilbc\smooth.obj
e:\beek_song\ffmpeg_vs\ffmpeg\ffmpeg\libilbc\smp\obj\debug\x64\libilbc\auto_correlation.obj
e:\beek_song\ffmpeg_vs\ffmpeg\ffmpeg\libilbc\smp\obj\debug\x64\libilbc\levinson_durbin.obj
e:\beek_song\ffmpeg_vs\ffmpeg\ffmpeg\libilbc\smp\obj\debug\x64\libilbc\splitting_filter.obj
e:\beek_song\ffmpeg_vs\ffmpeg\ffmpeg\libilbc\smp\obj\debug\x64\libilbc\cb_mem_energy_calc.obj
e:\beek_song\ffmpeg_vs\ffmpeg\ffmpeg\libilbc\smp\obj\debug\x64\libilbc\energy_inverse.obj
e:\beek_song\ffmpeg_vs\ffmpeg\ffmpeg\libilbc\smp\obj\debug\x64\libilbc\get_sync_seq.obj
e:\beek_song\ffmpeg_vs\ffmpeg\ffmpeg\libilbc\smp\obj\debug\x64\libilbc\lsf_interpolate_to_poly_dec.obj
e:\beek_song\ffmpeg_vs\ffmpeg\ffmpeg\libilbc\smp\obj\debug\x64\libilbc\simple_interpolate_lsf.obj
e:\beek_song\ffmpeg_vs\ffmpeg\ffmpeg\libilbc\smp\obj\debug\x64\libilbc\vq3.obj
e:\beek_song\ffmpeg_vs\ffmpeg\ffmpeg\libilbc\smp\obj\debug\x64\libilbc\filter_ma_fast_q12.obj
e:\beek_song\ffmpeg_vs\ffmpeg\ffmpeg\libilbc\smp\obj\debug\x64\libilbc\resample_by_2_internal.obj
e:\beek_song\ffmpeg_vs\ffmpeg\ffmpeg\libilbc\smp\obj\debug\x64\libilbc\complex_bit_reverse.obj
e:\beek_song\ffmpeg_vs\ffmpeg\ffmpeg\libilbc\smp\obj\debug\x64\libilbc\cb_search.obj
e:\beek_song\ffmpeg_vs\ffmpeg\ffmpeg\libilbc\smp\obj\debug\x64\libilbc\enh_upsample.obj
e:\beek_song\ffmpeg_vs\ffmpeg\ffmpeg\libilbc\smp\obj\debug\x64\libilbc\ilbc.obj
e:\beek_song\ffmpeg_vs\ffmpeg\ffmpeg\libilbc\smp\obj\debug\x64\libilbc\poly_to_lsf.obj
e:\beek_song\ffmpeg_vs\ffmpeg\ffmpeg\libilbc\smp\obj\debug\x64\libilbc\split_vq.obj
e:\beek_song\ffmpeg_vs\ffmpeg\ffmpeg\libilbc\smp\obj\debug\x64\libilbc\division_operations.obj
e:\beek_song\ffmpeg_vs\ffmpeg\ffmpeg\libilbc\smp\obj\debug\x64\libilbc\real_fft.obj
e:\beek_song\ffmpeg_vs\ffmpeg\ffmpeg\libilbc\smp\obj\debug\x64\libilbc\complex_fft.obj
e:\beek_song\ffmpeg_vs\ffmpeg\ffmpeg\libilbc\smp\obj\debug\x64\libilbc\cb_construct.obj
e:\beek_song\ffmpeg_vs\ffmpeg\ffmpeg\libilbc\smp\obj\debug\x64\libilbc\encode.obj
e:\beek_song\ffmpeg_vs\ffmpeg\ffmpeg\libilbc\smp\obj\debug\x64\libilbc\index_conv_enc.obj
e:\beek_song\ffmpeg_vs\ffmpeg\ffmpeg\libilbc\smp\obj\debug\x64\libilbc\lsp_to_lsf.obj
e:\beek_song\ffmpeg_vs\ffmpeg\ffmpeg\libilbc\smp\obj\debug\x64\libilbc\simple_lsf_quant.obj
e:\beek_song\ffmpeg_vs\ffmpeg\ffmpeg\libilbc\smp\obj\debug\x64\libilbc\xcorr_coef.obj
e:\beek_song\ffmpeg_vs\ffmpeg\ffmpeg\libilbc\smp\obj\debug\x64\libilbc\ilbc_specific_functions.obj
e:\beek_song\ffmpeg_vs\ffmpeg\ffmpeg\libilbc\smp\obj\debug\x64\libilbc\spl_init.obj
e:\beek_song\ffmpeg_vs\ffmpeg\ffmpeg\libilbc\smp\obj\debug\x64\libilbc\chebyshev.obj
e:\beek_song\ffmpeg_vs\ffmpeg\ffmpeg\libilbc\smp\obj\debug\x64\libilbc\enhancer_interface.obj
e:\beek_song\ffmpeg_vs\ffmpeg\ffmpeg\libilbc\smp\obj\debug\x64\libilbc\hp_output.obj
e:\beek_song\ffmpeg_vs\ffmpeg\ffmpeg\libilbc\smp\obj\debug\x64\libilbc\lsf_to_lsp.obj
e:\beek_song\ffmpeg_vs\ffmpeg\ffmpeg\libilbc\smp\obj\debug\x64\libilbc\simple_lsf_dequant.obj
e:\beek_song\ffmpeg_vs\ffmpeg\ffmpeg\libilbc\smp\obj\debug\x64\libilbc\vq4.obj
e:\beek_song\ffmpeg_vs\ffmpeg\ffmpeg\libilbc\smp\obj\debug\x64\libilbc\get_hanning_window.obj
e:\beek_song\ffmpeg_vs\ffmpeg\ffmpeg\libilbc\smp\obj\debug\x64\libilbc\resample.obj
e:\beek_song\ffmpeg_vs\ffmpeg\msvc\lib\x64\libilbcd.pdb
e:\beek_song\ffmpeg_vs\ffmpeg\ffmpeg\libilbc\smp\obj\debug\x64\libilbc\checks.obj
e:\beek_song\ffmpeg_vs\ffmpeg\ffmpeg\libilbc\smp\obj\debug\x64\libilbc\dot_product_with_scale.obj
e:\beek_song\ffmpeg_vs\ffmpeg\msvc\lib\x64\libilbcd.lib
e:\beek_song\ffmpeg_vs\ffmpeg\ffmpeg\libilbc\smp\obj\debug\x64\libilbc\libilbc.tlog\cl.13436.write.1.tlog
e:\beek_song\ffmpeg_vs\ffmpeg\ffmpeg\libilbc\smp\obj\debug\x64\libilbc\libilbc.tlog\cl.command.1.tlog
e:\beek_song\ffmpeg_vs\ffmpeg\ffmpeg\libilbc\smp\obj\debug\x64\libilbc\libilbc.tlog\cl.read.1.tlog
e:\beek_song\ffmpeg_vs\ffmpeg\ffmpeg\libilbc\smp\obj\debug\x64\libilbc\libilbc.tlog\lib-link.read.1.tlog
e:\beek_song\ffmpeg_vs\ffmpeg\ffmpeg\libilbc\smp\obj\debug\x64\libilbc\libilbc.tlog\lib-link.write.1.tlog
e:\beek_song\ffmpeg_vs\ffmpeg\ffmpeg\libilbc\smp\obj\debug\x64\libilbc\libilbc.tlog\lib.command.1.tlog
