e:\beek_song\ffmpeg_vs\ffmpeg\ffmpeg\xvid\smp\force_clean
e:\beek_song\ffmpeg_vs\ffmpeg\ffmpeg\xvid\smp\obj\debug\x64\libxvidcore\cbp_mmx.obj
e:\beek_song\ffmpeg_vs\ffmpeg\ffmpeg\xvid\smp\obj\debug\x64\libxvidcore\cbp_sse2.obj
e:\beek_song\ffmpeg_vs\ffmpeg\ffmpeg\xvid\smp\obj\debug\x64\libxvidcore\colorspace_mmx.obj
e:\beek_song\ffmpeg_vs\ffmpeg\ffmpeg\xvid\smp\obj\debug\x64\libxvidcore\colorspace_rgb_mmx.obj
e:\beek_song\ffmpeg_vs\ffmpeg\ffmpeg\xvid\smp\obj\debug\x64\libxvidcore\colorspace_yuv_mmx.obj
e:\beek_song\ffmpeg_vs\ffmpeg\ffmpeg\xvid\smp\obj\debug\x64\libxvidcore\colorspace_yuyv_mmx.obj
e:\beek_song\ffmpeg_vs\ffmpeg\ffmpeg\xvid\smp\obj\debug\x64\libxvidcore\cpuid.obj
e:\beek_song\ffmpeg_vs\ffmpeg\ffmpeg\xvid\smp\obj\debug\x64\libxvidcore\deintl_sse.obj
e:\beek_song\ffmpeg_vs\ffmpeg\ffmpeg\xvid\smp\obj\debug\x64\libxvidcore\fdct_mmx_ffmpeg.obj
e:\beek_song\ffmpeg_vs\ffmpeg\ffmpeg\xvid\smp\obj\debug\x64\libxvidcore\fdct_mmx_skal.obj
e:\beek_song\ffmpeg_vs\ffmpeg\ffmpeg\xvid\smp\obj\debug\x64\libxvidcore\fdct_sse2_skal.obj
e:\beek_song\ffmpeg_vs\ffmpeg\ffmpeg\xvid\smp\obj\debug\x64\libxvidcore\gmc_mmx.obj
e:\beek_song\ffmpeg_vs\ffmpeg\ffmpeg\xvid\smp\obj\debug\x64\libxvidcore\idct_3dne.obj
e:\beek_song\ffmpeg_vs\ffmpeg\ffmpeg\xvid\smp\obj\debug\x64\libxvidcore\idct_mmx.obj
e:\beek_song\ffmpeg_vs\ffmpeg\ffmpeg\xvid\smp\obj\debug\x64\libxvidcore\idct_sse2_dmitry.obj
e:\beek_song\ffmpeg_vs\ffmpeg\ffmpeg\xvid\smp\obj\debug\x64\libxvidcore\interlacing_mmx.obj
e:\beek_song\ffmpeg_vs\ffmpeg\ffmpeg\xvid\smp\obj\debug\x64\libxvidcore\interpolate8x8_3dn.obj
e:\beek_song\ffmpeg_vs\ffmpeg\ffmpeg\xvid\smp\obj\debug\x64\libxvidcore\interpolate8x8_3dne.obj
e:\beek_song\ffmpeg_vs\ffmpeg\ffmpeg\xvid\smp\obj\debug\x64\libxvidcore\interpolate8x8_mmx.obj
e:\beek_song\ffmpeg_vs\ffmpeg\ffmpeg\xvid\smp\obj\debug\x64\libxvidcore\interpolate8x8_xmm.obj
e:\beek_song\ffmpeg_vs\ffmpeg\ffmpeg\xvid\smp\obj\debug\x64\libxvidcore\mem_transfer_3dne.obj
e:\beek_song\ffmpeg_vs\ffmpeg\ffmpeg\xvid\smp\obj\debug\x64\libxvidcore\mem_transfer_mmx.obj
e:\beek_song\ffmpeg_vs\ffmpeg\ffmpeg\xvid\smp\obj\debug\x64\libxvidcore\plugin_ssim-a.obj
e:\beek_song\ffmpeg_vs\ffmpeg\ffmpeg\xvid\smp\obj\debug\x64\libxvidcore\postprocessing_mmx.obj
e:\beek_song\ffmpeg_vs\ffmpeg\ffmpeg\xvid\smp\obj\debug\x64\libxvidcore\postprocessing_sse2.obj
e:\beek_song\ffmpeg_vs\ffmpeg\ffmpeg\xvid\smp\obj\debug\x64\libxvidcore\qpel_mmx.obj
e:\beek_song\ffmpeg_vs\ffmpeg\ffmpeg\xvid\smp\obj\debug\x64\libxvidcore\quantize_h263_3dne.obj
e:\beek_song\ffmpeg_vs\ffmpeg\ffmpeg\xvid\smp\obj\debug\x64\libxvidcore\quantize_h263_mmx.obj
e:\beek_song\ffmpeg_vs\ffmpeg\ffmpeg\xvid\smp\obj\debug\x64\libxvidcore\quantize_mpeg_mmx.obj
e:\beek_song\ffmpeg_vs\ffmpeg\ffmpeg\xvid\smp\obj\debug\x64\libxvidcore\quantize_mpeg_xmm.obj
e:\beek_song\ffmpeg_vs\ffmpeg\ffmpeg\xvid\smp\obj\debug\x64\libxvidcore\reduced_mmx.obj
e:\beek_song\ffmpeg_vs\ffmpeg\ffmpeg\xvid\smp\obj\debug\x64\libxvidcore\sad_3dn.obj
e:\beek_song\ffmpeg_vs\ffmpeg\ffmpeg\xvid\smp\obj\debug\x64\libxvidcore\sad_3dne.obj
e:\beek_song\ffmpeg_vs\ffmpeg\ffmpeg\xvid\smp\obj\debug\x64\libxvidcore\sad_mmx.obj
e:\beek_song\ffmpeg_vs\ffmpeg\ffmpeg\xvid\smp\obj\debug\x64\libxvidcore\sad_sse2.obj
e:\beek_song\ffmpeg_vs\ffmpeg\ffmpeg\xvid\smp\obj\debug\x64\libxvidcore\sad_xmm.obj
e:\beek_song\ffmpeg_vs\ffmpeg\ffmpeg\xvid\smp\obj\debug\x64\libxvidcore\libxvidcore.tlog\custombuildstep.write.1u.tlog
