e:\beek_song\ffmpeg_vs\ffmpeg\ffmpeg\lame\smp\obj\debug\x64\libmp3lame\lame.obj
e:\beek_song\ffmpeg_vs\ffmpeg\ffmpeg\lame\smp\obj\debug\x64\libmp3lame\xmm_quantize_sub.obj
e:\beek_song\ffmpeg_vs\ffmpeg\ffmpeg\lame\smp\obj\debug\x64\libmp3lame\gain_analysis.obj
e:\beek_song\ffmpeg_vs\ffmpeg\ffmpeg\lame\smp\obj\debug\x64\libmp3lame\reservoir.obj
e:\beek_song\ffmpeg_vs\ffmpeg\ffmpeg\lame\smp\obj\debug\x64\libmp3lame\tabinit.obj
e:\beek_song\ffmpeg_vs\ffmpeg\ffmpeg\lame\smp\obj\debug\x64\libmp3lame\encoder.obj
e:\beek_song\ffmpeg_vs\ffmpeg\ffmpeg\lame\smp\obj\debug\x64\libmp3lame\vbrquantize.obj
e:\beek_song\ffmpeg_vs\ffmpeg\ffmpeg\lame\smp\obj\debug\x64\libmp3lame\presets.obj
e:\beek_song\ffmpeg_vs\ffmpeg\ffmpeg\lame\smp\obj\debug\x64\libmp3lame\util.obj
e:\beek_song\ffmpeg_vs\ffmpeg\ffmpeg\lame\smp\obj\debug\x64\libmp3lame\mpglib_interface.obj
e:\beek_song\ffmpeg_vs\ffmpeg\ffmpeg\lame\smp\obj\debug\x64\libmp3lame\vbrtag.obj
e:\beek_song\ffmpeg_vs\ffmpeg\ffmpeg\lame\smp\obj\debug\x64\libmp3lame\quantize.obj
e:\beek_song\ffmpeg_vs\ffmpeg\ffmpeg\lame\smp\obj\debug\x64\libmp3lame\dct64_i386.obj
e:\beek_song\ffmpeg_vs\ffmpeg\ffmpeg\lame\smp\obj\debug\x64\libmp3lame\layer1.obj
e:\beek_song\ffmpeg_vs\ffmpeg\ffmpeg\lame\smp\obj\debug\x64\libmp3lame\layer3.obj
e:\beek_song\ffmpeg_vs\ffmpeg\ffmpeg\lame\smp\obj\debug\x64\libmp3lame\id3tag.obj
e:\beek_song\ffmpeg_vs\ffmpeg\ffmpeg\lame\smp\obj\debug\x64\libmp3lame\takehiro.obj
e:\beek_song\ffmpeg_vs\ffmpeg\ffmpeg\lame\smp\obj\debug\x64\libmp3lame\newmdct.obj
e:\beek_song\ffmpeg_vs\ffmpeg\ffmpeg\lame\smp\obj\debug\x64\libmp3lame\version.obj
e:\beek_song\ffmpeg_vs\ffmpeg\ffmpeg\lame\smp\obj\debug\x64\libmp3lame\quantize_pvt.obj
e:\beek_song\ffmpeg_vs\ffmpeg\ffmpeg\lame\smp\obj\debug\x64\libmp3lame\common.obj
e:\beek_song\ffmpeg_vs\ffmpeg\ffmpeg\lame\smp\obj\debug\x64\libmp3lame\interface.obj
e:\beek_song\ffmpeg_vs\ffmpeg\ffmpeg\lame\smp\obj\debug\x64\libmp3lame\bitstream.obj
e:\beek_song\ffmpeg_vs\ffmpeg\ffmpeg\lame\smp\obj\debug\x64\libmp3lame\tables.obj
e:\beek_song\ffmpeg_vs\ffmpeg\ffmpeg\lame\smp\obj\debug\x64\libmp3lame\fft.obj
e:\beek_song\ffmpeg_vs\ffmpeg\ffmpeg\lame\smp\obj\debug\x64\libmp3lame\set_get.obj
e:\beek_song\ffmpeg_vs\ffmpeg\ffmpeg\lame\smp\obj\debug\x64\libmp3lame\psymodel.obj
e:\beek_song\ffmpeg_vs\ffmpeg\ffmpeg\lame\smp\obj\debug\x64\libmp3lame\decode_i386.obj
e:\beek_song\ffmpeg_vs\ffmpeg\ffmpeg\lame\smp\obj\debug\x64\libmp3lame\layer2.obj
e:\beek_song\ffmpeg_vs\ffmpeg\msvc\lib\x64\libmp3lamed.pdb
e:\beek_song\ffmpeg_vs\ffmpeg\msvc\lib\x64\libmp3lamed.lib
e:\beek_song\ffmpeg_vs\ffmpeg\ffmpeg\lame\smp\obj\debug\x64\libmp3lame\libmp3lame.tlog\cl.14052.write.1.tlog
e:\beek_song\ffmpeg_vs\ffmpeg\ffmpeg\lame\smp\obj\debug\x64\libmp3lame\libmp3lame.tlog\cl.command.1.tlog
e:\beek_song\ffmpeg_vs\ffmpeg\ffmpeg\lame\smp\obj\debug\x64\libmp3lame\libmp3lame.tlog\cl.read.1.tlog
e:\beek_song\ffmpeg_vs\ffmpeg\ffmpeg\lame\smp\obj\debug\x64\libmp3lame\libmp3lame.tlog\lib-link.read.1.tlog
e:\beek_song\ffmpeg_vs\ffmpeg\ffmpeg\lame\smp\obj\debug\x64\libmp3lame\libmp3lame.tlog\lib-link.write.1.tlog
e:\beek_song\ffmpeg_vs\ffmpeg\ffmpeg\lame\smp\obj\debug\x64\libmp3lame\libmp3lame.tlog\lib.command.1.tlog
